{"/home/scotianog/the-soless-system/sol-arium/app/layout.tsx": {"path":"/home/scotianog/the-soless-system/sol-arium/app/layout.tsx","statementMap":{"0":{"start":{"line":24,"column":24},"end":{"line":24,"column":35}},"1":{"start":{"line":18,"column":13},"end":{"line":18,"column":21}},"2":{"start":{"line":2,"column":30},"end":{"line":2,"column":null}},"3":{"start":{"line":3,"column":29},"end":{"line":3,"column":null}},"4":{"start":{"line":4,"column":23},"end":{"line":4,"column":null}},"5":{"start":{"line":5,"column":30},"end":{"line":5,"column":null}},"6":{"start":{"line":6,"column":29},"end":{"line":6,"column":null}},"7":{"start":{"line":7,"column":30},"end":{"line":7,"column":null}},"8":{"start":{"line":8,"column":28},"end":{"line":8,"column":null}},"9":{"start":{"line":9,"column":25},"end":{"line":9,"column":null}},"10":{"start":{"line":10,"column":7},"end":{"line":10,"column":null}},"11":{"start":{"line":11,"column":7},"end":{"line":11,"column":null}},"12":{"start":{"line":13,"column":21},"end":{"line":16,"column":null}},"13":{"start":{"line":18,"column":34},"end":{"line":22,"column":null}}},"fnMap":{"0":{"name":"RootLayout","decl":{"start":{"line":24,"column":24},"end":{"line":24,"column":35}},"loc":{"start":{"line":28,"column":1},"end":{"line":53,"column":1}}}},"branchMap":{},"s":{"0":0,"1":0,"2":0,"3":0,"4":0,"5":0,"6":0,"7":0,"8":0,"9":0,"10":0,"11":0,"12":0,"13":0},"f":{"0":0},"b":{}}
,"/home/scotianog/the-soless-system/sol-arium/app/not-found.tsx": {"path":"/home/scotianog/the-soless-system/sol-arium/app/not-found.tsx","statementMap":{"0":{"start":{"line":3,"column":24},"end":{"line":3,"column":null}},"1":{"start":{"line":1,"column":17},"end":{"line":1,"column":null}}},"fnMap":{"0":{"name":"NotFound","decl":{"start":{"line":3,"column":24},"end":{"line":3,"column":null}},"loc":{"start":{"line":3,"column":24},"end":{"line":18,"column":null}}}},"branchMap":{},"s":{"0":0,"1":0},"f":{"0":0},"b":{}}
,"/home/scotianog/the-soless-system/sol-arium/app/page.tsx": {"path":"/home/scotianog/the-soless-system/sol-arium/app/page.tsx","statementMap":{"0":{"start":{"line":5,"column":24},"end":{"line":5,"column":null}},"1":{"start":{"line":1,"column":28},"end":{"line":1,"column":null}},"2":{"start":{"line":2,"column":29},"end":{"line":2,"column":null}},"3":{"start":{"line":3,"column":31},"end":{"line":3,"column":null}}},"fnMap":{"0":{"name":"HomePage","decl":{"start":{"line":5,"column":24},"end":{"line":5,"column":null}},"loc":{"start":{"line":5,"column":24},"end":{"line":13,"column":null}}}},"branchMap":{},"s":{"0":0,"1":0,"2":0,"3":0},"f":{"0":0},"b":{}}
,"/home/scotianog/the-soless-system/sol-arium/app/create-collection/page.tsx": {"path":"/home/scotianog/the-soless-system/sol-arium/app/create-collection/page.tsx","statementMap":{"0":{"start":{"line":10,"column":24},"end":{"line":10,"column":null}},"1":{"start":{"line":3,"column":25},"end":{"line":3,"column":null}},"2":{"start":{"line":4,"column":26},"end":{"line":4,"column":null}},"3":{"start":{"line":5,"column":23},"end":{"line":5,"column":null}},"4":{"start":{"line":6,"column":31},"end":{"line":6,"column":null}},"5":{"start":{"line":7,"column":25},"end":{"line":7,"column":null}},"6":{"start":{"line":8,"column":29},"end":{"line":8,"column":null}},"7":{"start":{"line":11,"column":17},"end":{"line":11,"column":null}},"8":{"start":{"line":12,"column":20},"end":{"line":12,"column":null}},"9":{"start":{"line":14,"column":26},"end":{"line":14,"column":null}},"10":{"start":{"line":15,"column":38},"end":{"line":25,"column":null}},"11":{"start":{"line":27,"column":21},"end":{"line":36,"column":null}},"12":{"start":{"line":28,"column":4},"end":{"line":35,"column":null}},"13":{"start":{"line":29,"column":6},"end":{"line":29,"column":null}},"14":{"start":{"line":32,"column":6},"end":{"line":34,"column":null}},"15":{"start":{"line":33,"column":8},"end":{"line":33,"column":null}},"16":{"start":{"line":38,"column":21},"end":{"line":71,"column":null}},"17":{"start":{"line":39,"column":4},"end":{"line":70,"column":null}},"18":{"start":{"line":41,"column":6},"end":{"line":48,"column":null}},"19":{"start":{"line":42,"column":8},"end":{"line":46,"column":null}},"20":{"start":{"line":47,"column":8},"end":{"line":47,"column":null}},"21":{"start":{"line":51,"column":6},"end":{"line":58,"column":null}},"22":{"start":{"line":51,"column":41},"end":{"line":51,"column":51}},"23":{"start":{"line":52,"column":8},"end":{"line":56,"column":null}},"24":{"start":{"line":57,"column":8},"end":{"line":57,"column":null}},"25":{"start":{"line":60,"column":6},"end":{"line":60,"column":null}},"26":{"start":{"line":61,"column":11},"end":{"line":70,"column":null}},"27":{"start":{"line":63,"column":6},"end":{"line":66,"column":null}},"28":{"start":{"line":69,"column":6},"end":{"line":69,"column":null}},"29":{"start":{"line":73,"column":27},"end":{"line":75,"column":null}},"30":{"start":{"line":74,"column":4},"end":{"line":74,"column":null}},"31":{"start":{"line":127,"column":18},"end":{"line":127,"column":34}}},"fnMap":{"0":{"name":"CreateCollectionPage","decl":{"start":{"line":10,"column":24},"end":{"line":10,"column":null}},"loc":{"start":{"line":10,"column":24},"end":{"line":163,"column":null}}},"1":{"name":"(anonymous_2)","decl":{"start":{"line":27,"column":21},"end":{"line":27,"column":null}},"loc":{"start":{"line":27,"column":21},"end":{"line":36,"column":null}}},"2":{"name":"(anonymous_3)","decl":{"start":{"line":38,"column":21},"end":{"line":38,"column":null}},"loc":{"start":{"line":38,"column":21},"end":{"line":71,"column":null}}},"3":{"name":"(anonymous_4)","decl":{"start":{"line":51,"column":36},"end":{"line":51,"column":41}},"loc":{"start":{"line":51,"column":41},"end":{"line":51,"column":51}}},"4":{"name":"(anonymous_5)","decl":{"start":{"line":73,"column":27},"end":{"line":73,"column":28}},"loc":{"start":{"line":73,"column":28},"end":{"line":75,"column":null}}},"5":{"name":"(anonymous_6)","decl":{"start":{"line":126,"column":41},"end":{"line":126,"column":42}},"loc":{"start":{"line":127,"column":18},"end":{"line":127,"column":34}}}},"branchMap":{"0":{"loc":{"start":{"line":28,"column":4},"end":{"line":35,"column":null}},"type":"if","locations":[{"start":{"line":28,"column":4},"end":{"line":35,"column":null}},{"start":{"line":30,"column":11},"end":{"line":35,"column":null}}]},"1":{"loc":{"start":{"line":32,"column":6},"end":{"line":34,"column":null}},"type":"if","locations":[{"start":{"line":32,"column":6},"end":{"line":34,"column":null}}]},"2":{"loc":{"start":{"line":39,"column":4},"end":{"line":70,"column":null}},"type":"if","locations":[{"start":{"line":39,"column":4},"end":{"line":70,"column":null}},{"start":{"line":61,"column":11},"end":{"line":70,"column":null}}]},"3":{"loc":{"start":{"line":41,"column":6},"end":{"line":48,"column":null}},"type":"if","locations":[{"start":{"line":41,"column":6},"end":{"line":48,"column":null}}]},"4":{"loc":{"start":{"line":41,"column":10},"end":{"line":41,"column":75}},"type":"binary-expr","locations":[{"start":{"line":41,"column":10},"end":{"line":41,"column":26}},{"start":{"line":41,"column":30},"end":{"line":41,"column":53}},{"start":{"line":41,"column":57},"end":{"line":41,"column":75}}]},"5":{"loc":{"start":{"line":51,"column":6},"end":{"line":58,"column":null}},"type":"if","locations":[{"start":{"line":51,"column":6},"end":{"line":58,"column":null}}]},"6":{"loc":{"start":{"line":61,"column":11},"end":{"line":70,"column":null}},"type":"if","locations":[{"start":{"line":61,"column":11},"end":{"line":70,"column":null}}]},"7":{"loc":{"start":{"line":84,"column":7},"end":{"line":84,"column":null}},"type":"binary-expr","locations":[{"start":{"line":84,"column":7},"end":{"line":84,"column":null}}]},"8":{"loc":{"start":{"line":95,"column":7},"end":{"line":95,"column":null}},"type":"binary-expr","locations":[{"start":{"line":95,"column":7},"end":{"line":95,"column":null}}]},"9":{"loc":{"start":{"line":134,"column":13},"end":{"line":134,"column":32}},"type":"binary-expr","locations":[{"start":{"line":134,"column":13},"end":{"line":134,"column":32}}]}},"s":{"0":0,"1":0,"2":0,"3":0,"4":0,"5":0,"6":0,"7":0,"8":0,"9":0,"10":0,"11":0,"12":0,"13":0,"14":0,"15":0,"16":0,"17":0,"18":0,"19":0,"20":0,"21":0,"22":0,"23":0,"24":0,"25":0,"26":0,"27":0,"28":0,"29":0,"30":0,"31":0},"f":{"0":0,"1":0,"2":0,"3":0,"4":0,"5":0},"b":{"0":[0,0],"1":[0],"2":[0,0],"3":[0],"4":[0,0,0],"5":[0],"6":[0],"7":[0],"8":[0],"9":[0]}}
,"/home/scotianog/the-soless-system/sol-arium/app/create-nft/page.tsx": {"path":"/home/scotianog/the-soless-system/sol-arium/app/create-nft/page.tsx","statementMap":{"0":{"start":{"line":10,"column":24},"end":{"line":10,"column":null}},"1":{"start":{"line":3,"column":25},"end":{"line":3,"column":null}},"2":{"start":{"line":4,"column":24},"end":{"line":4,"column":null}},"3":{"start":{"line":5,"column":26},"end":{"line":5,"column":null}},"4":{"start":{"line":6,"column":25},"end":{"line":6,"column":null}},"5":{"start":{"line":7,"column":29},"end":{"line":7,"column":null}},"6":{"start":{"line":8,"column":23},"end":{"line":8,"column":null}},"7":{"start":{"line":11,"column":17},"end":{"line":11,"column":null}},"8":{"start":{"line":12,"column":20},"end":{"line":12,"column":null}},"9":{"start":{"line":15,"column":26},"end":{"line":21,"column":null}},"10":{"start":{"line":23,"column":26},"end":{"line":23,"column":null}},"11":{"start":{"line":24,"column":36},"end":{"line":34,"column":null}},"12":{"start":{"line":36,"column":21},"end":{"line":45,"column":null}},"13":{"start":{"line":37,"column":4},"end":{"line":44,"column":null}},"14":{"start":{"line":38,"column":6},"end":{"line":38,"column":null}},"15":{"start":{"line":41,"column":6},"end":{"line":43,"column":null}},"16":{"start":{"line":42,"column":8},"end":{"line":42,"column":null}},"17":{"start":{"line":47,"column":21},"end":{"line":79,"column":null}},"18":{"start":{"line":48,"column":4},"end":{"line":78,"column":null}},"19":{"start":{"line":50,"column":6},"end":{"line":57,"column":null}},"20":{"start":{"line":51,"column":8},"end":{"line":55,"column":null}},"21":{"start":{"line":56,"column":8},"end":{"line":56,"column":null}},"22":{"start":{"line":59,"column":6},"end":{"line":66,"column":null}},"23":{"start":{"line":60,"column":8},"end":{"line":64,"column":null}},"24":{"start":{"line":65,"column":8},"end":{"line":65,"column":null}},"25":{"start":{"line":68,"column":6},"end":{"line":68,"column":null}},"26":{"start":{"line":69,"column":11},"end":{"line":78,"column":null}},"27":{"start":{"line":71,"column":6},"end":{"line":74,"column":null}},"28":{"start":{"line":77,"column":6},"end":{"line":77,"column":null}},"29":{"start":{"line":81,"column":30},"end":{"line":83,"column":null}},"30":{"start":{"line":82,"column":4},"end":{"line":82,"column":null}},"31":{"start":{"line":156,"column":45},"end":{"line":156,"column":74}},"32":{"start":{"line":169,"column":22},"end":{"line":174,"column":null}}},"fnMap":{"0":{"name":"CreateNFTPage","decl":{"start":{"line":10,"column":24},"end":{"line":10,"column":null}},"loc":{"start":{"line":10,"column":24},"end":{"line":204,"column":null}}},"1":{"name":"(anonymous_2)","decl":{"start":{"line":36,"column":21},"end":{"line":36,"column":null}},"loc":{"start":{"line":36,"column":21},"end":{"line":45,"column":null}}},"2":{"name":"(anonymous_3)","decl":{"start":{"line":47,"column":21},"end":{"line":47,"column":null}},"loc":{"start":{"line":47,"column":21},"end":{"line":79,"column":null}}},"3":{"name":"(anonymous_4)","decl":{"start":{"line":81,"column":30},"end":{"line":81,"column":31}},"loc":{"start":{"line":81,"column":31},"end":{"line":83,"column":null}}},"4":{"name":"(anonymous_5)","decl":{"start":{"line":156,"column":40},"end":{"line":156,"column":45}},"loc":{"start":{"line":156,"column":45},"end":{"line":156,"column":74}}},"5":{"name":"(anonymous_6)","decl":{"start":{"line":168,"column":46},"end":{"line":168,"column":47}},"loc":{"start":{"line":169,"column":22},"end":{"line":174,"column":null}}}},"branchMap":{"0":{"loc":{"start":{"line":37,"column":4},"end":{"line":44,"column":null}},"type":"if","locations":[{"start":{"line":37,"column":4},"end":{"line":44,"column":null}},{"start":{"line":39,"column":11},"end":{"line":44,"column":null}}]},"1":{"loc":{"start":{"line":41,"column":6},"end":{"line":43,"column":null}},"type":"if","locations":[{"start":{"line":41,"column":6},"end":{"line":43,"column":null}}]},"2":{"loc":{"start":{"line":48,"column":4},"end":{"line":78,"column":null}},"type":"if","locations":[{"start":{"line":48,"column":4},"end":{"line":78,"column":null}},{"start":{"line":69,"column":11},"end":{"line":78,"column":null}}]},"3":{"loc":{"start":{"line":50,"column":6},"end":{"line":57,"column":null}},"type":"if","locations":[{"start":{"line":50,"column":6},"end":{"line":57,"column":null}}]},"4":{"loc":{"start":{"line":50,"column":10},"end":{"line":50,"column":76}},"type":"binary-expr","locations":[{"start":{"line":50,"column":10},"end":{"line":50,"column":25}},{"start":{"line":50,"column":29},"end":{"line":50,"column":51}},{"start":{"line":50,"column":55},"end":{"line":50,"column":76}}]},"5":{"loc":{"start":{"line":59,"column":6},"end":{"line":66,"column":null}},"type":"if","locations":[{"start":{"line":59,"column":6},"end":{"line":66,"column":null}}]},"6":{"loc":{"start":{"line":59,"column":10},"end":{"line":59,"column":79}},"type":"binary-expr","locations":[{"start":{"line":59,"column":10},"end":{"line":59,"column":25}},{"start":{"line":59,"column":29},"end":{"line":59,"column":50}},{"start":{"line":59,"column":54},"end":{"line":59,"column":79}}]},"7":{"loc":{"start":{"line":69,"column":11},"end":{"line":78,"column":null}},"type":"if","locations":[{"start":{"line":69,"column":11},"end":{"line":78,"column":null}}]},"8":{"loc":{"start":{"line":96,"column":12},"end":{"line":96,"column":null}},"type":"cond-expr","locations":[{"start":{"line":96,"column":24},"end":{"line":96,"column":40}},{"start":{"line":96,"column":40},"end":{"line":96,"column":null}}]},"9":{"loc":{"start":{"line":100,"column":38},"end":{"line":100,"column":81}},"type":"cond-expr","locations":[{"start":{"line":100,"column":50},"end":{"line":100,"column":66}},{"start":{"line":100,"column":66},"end":{"line":100,"column":81}}]},"10":{"loc":{"start":{"line":102,"column":12},"end":{"line":102,"column":null}},"type":"cond-expr","locations":[{"start":{"line":102,"column":24},"end":{"line":102,"column":40}},{"start":{"line":102,"column":40},"end":{"line":102,"column":null}}]},"11":{"loc":{"start":{"line":109,"column":7},"end":{"line":109,"column":null}},"type":"binary-expr","locations":[{"start":{"line":109,"column":7},"end":{"line":109,"column":null}}]},"12":{"loc":{"start":{"line":121,"column":7},"end":{"line":121,"column":null}},"type":"binary-expr","locations":[{"start":{"line":121,"column":7},"end":{"line":121,"column":null}}]},"13":{"loc":{"start":{"line":130,"column":20},"end":{"line":136,"column":21}},"type":"cond-expr","locations":[{"start":{"line":130,"column":20},"end":{"line":136,"column":21}}]},"14":{"loc":{"start":{"line":156,"column":19},"end":{"line":156,"column":null}},"type":"binary-expr","locations":[{"start":{"line":156,"column":19},"end":{"line":156,"column":85}},{"start":{"line":156,"column":85},"end":{"line":156,"column":null}}]},"15":{"loc":{"start":{"line":164,"column":15},"end":{"line":164,"column":null}},"type":"binary-expr","locations":[{"start":{"line":164,"column":15},"end":{"line":164,"column":null}}]},"16":{"loc":{"start":{"line":169,"column":22},"end":{"line":174,"column":null}},"type":"cond-expr","locations":[{"start":{"line":170,"column":24},"end":{"line":170,"column":41}},{"start":{"line":174,"column":26},"end":{"line":174,"column":null}}]},"17":{"loc":{"start":{"line":169,"column":22},"end":{"line":169,"column":51}},"type":"binary-expr","locations":[{"start":{"line":169,"column":22},"end":{"line":169,"column":37}},{"start":{"line":169,"column":41},"end":{"line":169,"column":51}}]},"18":{"loc":{"start":{"line":180,"column":15},"end":{"line":180,"column":39}},"type":"binary-expr","locations":[{"start":{"line":180,"column":15},"end":{"line":180,"column":39}}]}},"s":{"0":0,"1":0,"2":0,"3":0,"4":0,"5":0,"6":0,"7":0,"8":0,"9":0,"10":0,"11":0,"12":0,"13":0,"14":0,"15":0,"16":0,"17":0,"18":0,"19":0,"20":0,"21":0,"22":0,"23":0,"24":0,"25":0,"26":0,"27":0,"28":0,"29":0,"30":0,"31":0,"32":0},"f":{"0":0,"1":0,"2":0,"3":0,"4":0,"5":0},"b":{"0":[0,0],"1":[0],"2":[0,0],"3":[0],"4":[0,0,0],"5":[0],"6":[0,0,0],"7":[0],"8":[0,0],"9":[0,0],"10":[0,0],"11":[0],"12":[0],"13":[0],"14":[0,0],"15":[0],"16":[0,0],"17":[0,0],"18":[0]}}
,"/home/scotianog/the-soless-system/sol-arium/app/deploy/page.tsx": {"path":"/home/scotianog/the-soless-system/sol-arium/app/deploy/page.tsx","statementMap":{"0":{"start":{"line":8,"column":24},"end":{"line":8,"column":null}},"1":{"start":{"line":3,"column":36},"end":{"line":3,"column":null}},"2":{"start":{"line":4,"column":31},"end":{"line":4,"column":null}},"3":{"start":{"line":5,"column":26},"end":{"line":5,"column":null}},"4":{"start":{"line":6,"column":33},"end":{"line":6,"column":null}},"5":{"start":{"line":9,"column":26},"end":{"line":9,"column":null}},"6":{"start":{"line":10,"column":44},"end":{"line":10,"column":null}},"7":{"start":{"line":11,"column":52},"end":{"line":11,"column":null}},"8":{"start":{"line":13,"column":28},"end":{"line":16,"column":null}},"9":{"start":{"line":14,"column":4},"end":{"line":14,"column":null}},"10":{"start":{"line":15,"column":4},"end":{"line":15,"column":null}},"11":{"start":{"line":18,"column":29},"end":{"line":21,"column":null}},"12":{"start":{"line":19,"column":4},"end":{"line":19,"column":null}},"13":{"start":{"line":20,"column":4},"end":{"line":20,"column":null}},"14":{"start":{"line":23,"column":2},"end":{"line":25,"column":null}},"15":{"start":{"line":24,"column":4},"end":{"line":24,"column":null}},"16":{"start":{"line":44,"column":26},"end":{"line":44,"column":null}}},"fnMap":{"0":{"name":"DeployPage","decl":{"start":{"line":8,"column":24},"end":{"line":8,"column":null}},"loc":{"start":{"line":8,"column":24},"end":{"line":50,"column":null}}},"1":{"name":"(anonymous_2)","decl":{"start":{"line":13,"column":28},"end":{"line":13,"column":29}},"loc":{"start":{"line":13,"column":29},"end":{"line":16,"column":null}}},"2":{"name":"(anonymous_3)","decl":{"start":{"line":18,"column":29},"end":{"line":18,"column":30}},"loc":{"start":{"line":18,"column":30},"end":{"line":21,"column":null}}},"3":{"name":"(anonymous_4)","decl":{"start":{"line":23,"column":12},"end":{"line":23,"column":null}},"loc":{"start":{"line":23,"column":12},"end":{"line":25,"column":5}}},"4":{"name":"(anonymous_5)","decl":{"start":{"line":44,"column":20},"end":{"line":44,"column":26}},"loc":{"start":{"line":44,"column":26},"end":{"line":44,"column":null}}}},"branchMap":{"0":{"loc":{"start":{"line":31,"column":9},"end":{"line":31,"column":null}},"type":"binary-expr","locations":[{"start":{"line":31,"column":9},"end":{"line":31,"column":null}}]},"1":{"loc":{"start":{"line":34,"column":9},"end":{"line":34,"column":28}},"type":"binary-expr","locations":[{"start":{"line":34,"column":9},"end":{"line":34,"column":28}},{"start":{"line":34,"column":28},"end":{"line":34,"column":null}}]},"2":{"loc":{"start":{"line":41,"column":9},"end":{"line":41,"column":30}},"type":"binary-expr","locations":[{"start":{"line":41,"column":9},"end":{"line":41,"column":30}},{"start":{"line":41,"column":30},"end":{"line":41,"column":null}}]}},"s":{"0":0,"1":0,"2":0,"3":0,"4":0,"5":0,"6":0,"7":0,"8":0,"9":0,"10":0,"11":0,"12":0,"13":0,"14":0,"15":0,"16":0},"f":{"0":0,"1":0,"2":0,"3":0,"4":0},"b":{"0":[0],"1":[0,0],"2":[0,0]}}
,"/home/scotianog/the-soless-system/sol-arium/app/faq/page.tsx": {"path":"/home/scotianog/the-soless-system/sol-arium/app/faq/page.tsx","statementMap":{"0":{"start":{"line":3,"column":24},"end":{"line":3,"column":null}},"1":{"start":{"line":1,"column":77},"end":{"line":1,"column":null}},"2":{"start":{"line":4,"column":15},"end":{"line":53,"column":null}},"3":{"start":{"line":61,"column":12},"end":{"line":61,"column":39}}},"fnMap":{"0":{"name":"FAQPage","decl":{"start":{"line":3,"column":24},"end":{"line":3,"column":null}},"loc":{"start":{"line":3,"column":24},"end":{"line":70,"column":null}}},"1":{"name":"(anonymous_2)","decl":{"start":{"line":60,"column":20},"end":{"line":60,"column":21}},"loc":{"start":{"line":61,"column":12},"end":{"line":61,"column":39}}}},"branchMap":{},"s":{"0":0,"1":0,"2":0,"3":0},"f":{"0":0,"1":0},"b":{}}
,"/home/scotianog/the-soless-system/sol-arium/app/governance/page.tsx": {"path":"/home/scotianog/the-soless-system/sol-arium/app/governance/page.tsx","statementMap":{"0":{"start":{"line":10,"column":24},"end":{"line":10,"column":null}},"1":{"start":{"line":3,"column":25},"end":{"line":3,"column":null}},"2":{"start":{"line":4,"column":29},"end":{"line":4,"column":null}},"3":{"start":{"line":5,"column":28},"end":{"line":5,"column":null}},"4":{"start":{"line":6,"column":31},"end":{"line":6,"column":null}},"5":{"start":{"line":7,"column":57},"end":{"line":7,"column":null}},"6":{"start":{"line":8,"column":23},"end":{"line":8,"column":null}},"7":{"start":{"line":11,"column":54},"end":{"line":11,"column":null}},"8":{"start":{"line":17,"column":31},"end":{"line":17,"column":60}},"9":{"start":{"line":41,"column":39},"end":{"line":41,"column":null}}},"fnMap":{"0":{"name":"GovernancePage","decl":{"start":{"line":10,"column":24},"end":{"line":10,"column":null}},"loc":{"start":{"line":10,"column":24},"end":{"line":45,"column":null}}},"1":{"name":"(anonymous_2)","decl":{"start":{"line":17,"column":25},"end":{"line":17,"column":31}},"loc":{"start":{"line":17,"column":31},"end":{"line":17,"column":60}}},"2":{"name":"(anonymous_3)","decl":{"start":{"line":41,"column":33},"end":{"line":41,"column":39}},"loc":{"start":{"line":41,"column":39},"end":{"line":41,"column":null}}}},"branchMap":{"0":{"loc":{"start":{"line":40,"column":7},"end":{"line":40,"column":null}},"type":"binary-expr","locations":[{"start":{"line":40,"column":7},"end":{"line":40,"column":null}}]}},"s":{"0":0,"1":0,"2":0,"3":0,"4":0,"5":0,"6":0,"7":0,"8":0,"9":0},"f":{"0":0,"1":0,"2":0},"b":{"0":[0]}}
,"/home/scotianog/the-soless-system/sol-arium/app/liquidity-vault/page.tsx": {"path":"/home/scotianog/the-soless-system/sol-arium/app/liquidity-vault/page.tsx","statementMap":{"0":{"start":{"line":9,"column":24},"end":{"line":9,"column":null}},"1":{"start":{"line":3,"column":25},"end":{"line":3,"column":null}},"2":{"start":{"line":4,"column":34},"end":{"line":4,"column":null}},"3":{"start":{"line":5,"column":33},"end":{"line":5,"column":null}},"4":{"start":{"line":6,"column":33},"end":{"line":6,"column":null}},"5":{"start":{"line":7,"column":57},"end":{"line":7,"column":null}},"6":{"start":{"line":10,"column":36},"end":{"line":10,"column":null}}},"fnMap":{"0":{"name":"LiquidityVaultPage","decl":{"start":{"line":9,"column":24},"end":{"line":9,"column":null}},"loc":{"start":{"line":9,"column":24},"end":{"line":34,"column":null}}}},"branchMap":{},"s":{"0":0,"1":0,"2":0,"3":0,"4":0,"5":0,"6":0},"f":{"0":0},"b":{}}
,"/home/scotianog/the-soless-system/sol-arium/app/login/page.tsx": {"path":"/home/scotianog/the-soless-system/sol-arium/app/login/page.tsx","statementMap":{"0":{"start":{"line":8,"column":24},"end":{"line":8,"column":null}},"1":{"start":{"line":3,"column":28},"end":{"line":3,"column":null}},"2":{"start":{"line":4,"column":36},"end":{"line":4,"column":null}},"3":{"start":{"line":5,"column":26},"end":{"line":5,"column":null}},"4":{"start":{"line":6,"column":33},"end":{"line":6,"column":null}},"5":{"start":{"line":9,"column":36},"end":{"line":9,"column":null}},"6":{"start":{"line":10,"column":17},"end":{"line":10,"column":null}},"7":{"start":{"line":12,"column":2},"end":{"line":18,"column":null}},"8":{"start":{"line":14,"column":23},"end":{"line":14,"column":null}},"9":{"start":{"line":15,"column":4},"end":{"line":17,"column":null}},"10":{"start":{"line":16,"column":6},"end":{"line":16,"column":null}}},"fnMap":{"0":{"name":"LoginPage","decl":{"start":{"line":8,"column":24},"end":{"line":8,"column":null}},"loc":{"start":{"line":8,"column":24},"end":{"line":28,"column":null}}},"1":{"name":"(anonymous_2)","decl":{"start":{"line":12,"column":12},"end":{"line":12,"column":null}},"loc":{"start":{"line":12,"column":12},"end":{"line":18,"column":5}}}},"branchMap":{"0":{"loc":{"start":{"line":15,"column":4},"end":{"line":17,"column":null}},"type":"if","locations":[{"start":{"line":15,"column":4},"end":{"line":17,"column":null}}]}},"s":{"0":0,"1":0,"2":0,"3":0,"4":0,"5":0,"6":0,"7":0,"8":0,"9":0,"10":0},"f":{"0":0,"1":0},"b":{"0":[0]}}
,"/home/scotianog/the-soless-system/sol-arium/app/marketplace/page.tsx": {"path":"/home/scotianog/the-soless-system/sol-arium/app/marketplace/page.tsx","statementMap":{"0":{"start":{"line":6,"column":24},"end":{"line":6,"column":null}},"1":{"start":{"line":1,"column":32},"end":{"line":1,"column":null}},"2":{"start":{"line":2,"column":35},"end":{"line":2,"column":null}},"3":{"start":{"line":3,"column":31},"end":{"line":3,"column":null}},"4":{"start":{"line":4,"column":36},"end":{"line":4,"column":null}}},"fnMap":{"0":{"name":"MarketplacePage","decl":{"start":{"line":6,"column":24},"end":{"line":6,"column":null}},"loc":{"start":{"line":6,"column":24},"end":{"line":29,"column":null}}}},"branchMap":{},"s":{"0":0,"1":0,"2":0,"3":0,"4":0},"f":{"0":0},"b":{}}
,"/home/scotianog/the-soless-system/sol-arium/app/profile/page.tsx": {"path":"/home/scotianog/the-soless-system/sol-arium/app/profile/page.tsx","statementMap":{"0":{"start":{"line":11,"column":24},"end":{"line":11,"column":null}},"1":{"start":{"line":3,"column":25},"end":{"line":3,"column":null}},"2":{"start":{"line":4,"column":30},"end":{"line":4,"column":null}},"3":{"start":{"line":5,"column":28},"end":{"line":5,"column":null}},"4":{"start":{"line":6,"column":29},"end":{"line":6,"column":null}},"5":{"start":{"line":7,"column":36},"end":{"line":7,"column":null}},"6":{"start":{"line":8,"column":28},"end":{"line":8,"column":null}},"7":{"start":{"line":9,"column":30},"end":{"line":9,"column":null}},"8":{"start":{"line":12,"column":36},"end":{"line":12,"column":null}}},"fnMap":{"0":{"name":"ProfilePage","decl":{"start":{"line":11,"column":24},"end":{"line":11,"column":null}},"loc":{"start":{"line":11,"column":24},"end":{"line":26,"column":null}}}},"branchMap":{"0":{"loc":{"start":{"line":19,"column":9},"end":{"line":19,"column":null}},"type":"binary-expr","locations":[{"start":{"line":19,"column":9},"end":{"line":19,"column":36}},{"start":{"line":19,"column":36},"end":{"line":19,"column":null}}]},"1":{"loc":{"start":{"line":20,"column":9},"end":{"line":20,"column":null}},"type":"binary-expr","locations":[{"start":{"line":20,"column":9},"end":{"line":20,"column":37}},{"start":{"line":20,"column":37},"end":{"line":20,"column":null}}]},"2":{"loc":{"start":{"line":21,"column":9},"end":{"line":21,"column":null}},"type":"binary-expr","locations":[{"start":{"line":21,"column":9},"end":{"line":21,"column":36}},{"start":{"line":21,"column":36},"end":{"line":21,"column":null}}]},"3":{"loc":{"start":{"line":22,"column":9},"end":{"line":22,"column":null}},"type":"binary-expr","locations":[{"start":{"line":22,"column":9},"end":{"line":22,"column":38}},{"start":{"line":22,"column":38},"end":{"line":22,"column":null}}]}},"s":{"0":0,"1":0,"2":0,"3":0,"4":0,"5":0,"6":0,"7":0,"8":0},"f":{"0":0},"b":{"0":[0,0],"1":[0,0],"2":[0,0],"3":[0,0]}}
,"/home/scotianog/the-soless-system/sol-arium/app/quick-swap/page.tsx": {"path":"/home/scotianog/the-soless-system/sol-arium/app/quick-swap/page.tsx","statementMap":{"0":{"start":{"line":3,"column":24},"end":{"line":3,"column":null}},"1":{"start":{"line":1,"column":32},"end":{"line":1,"column":null}}},"fnMap":{"0":{"name":"QuickSwapPage","decl":{"start":{"line":3,"column":24},"end":{"line":3,"column":null}},"loc":{"start":{"line":3,"column":24},"end":{"line":13,"column":null}}}},"branchMap":{},"s":{"0":0,"1":0},"f":{"0":0},"b":{}}
,"/home/scotianog/the-soless-system/sol-arium/app/soless-dashboard/page.tsx": {"path":"/home/scotianog/the-soless-system/sol-arium/app/soless-dashboard/page.tsx","statementMap":{"0":{"start":{"line":7,"column":24},"end":{"line":7,"column":null}},"1":{"start":{"line":3,"column":37},"end":{"line":3,"column":null}},"2":{"start":{"line":4,"column":34},"end":{"line":4,"column":null}},"3":{"start":{"line":5,"column":31},"end":{"line":5,"column":null}}},"fnMap":{"0":{"name":"SOLessDashboardPage","decl":{"start":{"line":7,"column":24},"end":{"line":7,"column":null}},"loc":{"start":{"line":7,"column":24},"end":{"line":28,"column":null}}}},"branchMap":{},"s":{"0":0,"1":0,"2":0,"3":0},"f":{"0":0},"b":{}}
,"/home/scotianog/the-soless-system/sol-arium/app/soless-swift-swap/page.tsx": {"path":"/home/scotianog/the-soless-system/sol-arium/app/soless-swift-swap/page.tsx","statementMap":{"0":{"start":{"line":3,"column":24},"end":{"line":3,"column":null}},"1":{"start":{"line":1,"column":38},"end":{"line":1,"column":null}}},"fnMap":{"0":{"name":"SOLessSwiftSwapPage","decl":{"start":{"line":3,"column":24},"end":{"line":3,"column":null}},"loc":{"start":{"line":3,"column":24},"end":{"line":13,"column":null}}}},"branchMap":{},"s":{"0":0,"1":0},"f":{"0":0},"b":{}}
,"/home/scotianog/the-soless-system/sol-arium/app/storefront/page.tsx": {"path":"/home/scotianog/the-soless-system/sol-arium/app/storefront/page.tsx","statementMap":{"0":{"start":{"line":10,"column":24},"end":{"line":10,"column":null}},"1":{"start":{"line":3,"column":25},"end":{"line":3,"column":null}},"2":{"start":{"line":5,"column":22},"end":{"line":5,"column":null}},"3":{"start":{"line":6,"column":78},"end":{"line":6,"column":null}},"4":{"start":{"line":7,"column":33},"end":{"line":7,"column":null}},"5":{"start":{"line":8,"column":34},"end":{"line":8,"column":null}},"6":{"start":{"line":11,"column":30},"end":{"line":11,"column":null}},"7":{"start":{"line":12,"column":26},"end":{"line":12,"column":null}}},"fnMap":{"0":{"name":"StorefrontPage","decl":{"start":{"line":10,"column":24},"end":{"line":10,"column":null}},"loc":{"start":{"line":10,"column":24},"end":{"line":49,"column":null}}}},"branchMap":{},"s":{"0":0,"1":0,"2":0,"3":0,"4":0,"5":0,"6":0,"7":0},"f":{"0":0},"b":{}}
,"/home/scotianog/the-soless-system/sol-arium/app/vault/page.tsx": {"path":"/home/scotianog/the-soless-system/sol-arium/app/vault/page.tsx","statementMap":{"0":{"start":{"line":4,"column":24},"end":{"line":4,"column":null}},"1":{"start":{"line":1,"column":30},"end":{"line":1,"column":null}},"2":{"start":{"line":2,"column":36},"end":{"line":2,"column":null}}},"fnMap":{"0":{"name":"VaultPage","decl":{"start":{"line":4,"column":24},"end":{"line":4,"column":null}},"loc":{"start":{"line":4,"column":24},"end":{"line":19,"column":null}}}},"branchMap":{},"s":{"0":0,"1":0,"2":0},"f":{"0":0},"b":{}}
,"/home/scotianog/the-soless-system/sol-arium/components/about-section.tsx": {"path":"/home/scotianog/the-soless-system/sol-arium/components/about-section.tsx","statementMap":{"0":{"start":{"line":3,"column":16},"end":{"line":3,"column":null}},"1":{"start":{"line":1,"column":18},"end":{"line":1,"column":null}}},"fnMap":{"0":{"name":"AboutSection","decl":{"start":{"line":3,"column":16},"end":{"line":3,"column":null}},"loc":{"start":{"line":3,"column":16},"end":{"line":28,"column":null}}}},"branchMap":{},"s":{"0":0,"1":0},"f":{"0":0},"b":{}}
,"/home/scotianog/the-soless-system/sol-arium/components/agent-chat.tsx": {"path":"/home/scotianog/the-soless-system/sol-arium/components/agent-chat.tsx","statementMap":{"0":{"start":{"line":20,"column":16},"end":{"line":20,"column":26}},"1":{"start":{"line":3,"column":44},"end":{"line":3,"column":null}},"2":{"start":{"line":4,"column":23},"end":{"line":4,"column":null}},"3":{"start":{"line":5,"column":22},"end":{"line":5,"column":null}},"4":{"start":{"line":6,"column":18},"end":{"line":6,"column":null}},"5":{"start":{"line":7,"column":32},"end":{"line":7,"column":null}},"6":{"start":{"line":21,"column":34},"end":{"line":21,"column":null}},"7":{"start":{"line":22,"column":28},"end":{"line":22,"column":null}},"8":{"start":{"line":23,"column":36},"end":{"line":23,"column":null}},"9":{"start":{"line":24,"column":40},"end":{"line":24,"column":null}},"10":{"start":{"line":25,"column":52},"end":{"line":34,"column":null}},"11":{"start":{"line":35,"column":21},"end":{"line":35,"column":null}},"12":{"start":{"line":36,"column":23},"end":{"line":36,"column":null}},"13":{"start":{"line":38,"column":2},"end":{"line":42,"column":null}},"14":{"start":{"line":39,"column":4},"end":{"line":41,"column":null}},"15":{"start":{"line":40,"column":6},"end":{"line":40,"column":null}},"16":{"start":{"line":44,"column":2},"end":{"line":47,"column":null}},"17":{"start":{"line":46,"column":4},"end":{"line":46,"column":null}},"18":{"start":{"line":49,"column":30},"end":{"line":51,"column":null}},"19":{"start":{"line":50,"column":4},"end":{"line":50,"column":null}},"20":{"start":{"line":50,"column":24},"end":{"line":50,"column":null}},"21":{"start":{"line":53,"column":26},"end":{"line":129,"column":null}},"22":{"start":{"line":54,"column":4},"end":{"line":54,"column":null}},"23":{"start":{"line":54,"column":24},"end":{"line":54,"column":null}},"24":{"start":{"line":55,"column":4},"end":{"line":55,"column":null}},"25":{"start":{"line":58,"column":4},"end":{"line":58,"column":null}},"26":{"start":{"line":58,"column":33},"end":{"line":58,"column":null}},"27":{"start":{"line":60,"column":4},"end":{"line":126,"column":null}},"28":{"start":{"line":62,"column":8},"end":{"line":62,"column":null}},"29":{"start":{"line":62,"column":38},"end":{"line":62,"column":null}},"30":{"start":{"line":63,"column":8},"end":{"line":63,"column":null}},"31":{"start":{"line":64,"column":8},"end":{"line":64,"column":null}},"32":{"start":{"line":65,"column":8},"end":{"line":65,"column":null}},"33":{"start":{"line":67,"column":8},"end":{"line":67,"column":null}},"34":{"start":{"line":67,"column":38},"end":{"line":67,"column":null}},"35":{"start":{"line":68,"column":8},"end":{"line":68,"column":null}},"36":{"start":{"line":69,"column":8},"end":{"line":69,"column":null}},"37":{"start":{"line":70,"column":8},"end":{"line":70,"column":null}},"38":{"start":{"line":72,"column":8},"end":{"line":72,"column":null}},"39":{"start":{"line":72,"column":38},"end":{"line":72,"column":null}},"40":{"start":{"line":73,"column":8},"end":{"line":73,"column":null}},"41":{"start":{"line":74,"column":8},"end":{"line":74,"column":null}},"42":{"start":{"line":75,"column":8},"end":{"line":75,"column":null}},"43":{"start":{"line":77,"column":8},"end":{"line":77,"column":null}},"44":{"start":{"line":77,"column":38},"end":{"line":77,"column":null}},"45":{"start":{"line":78,"column":8},"end":{"line":78,"column":null}},"46":{"start":{"line":79,"column":8},"end":{"line":79,"column":null}},"47":{"start":{"line":80,"column":8},"end":{"line":80,"column":null}},"48":{"start":{"line":82,"column":8},"end":{"line":92,"column":null}},"49":{"start":{"line":83,"column":10},"end":{"line":83,"column":null}},"50":{"start":{"line":83,"column":40},"end":{"line":83,"column":null}},"51":{"start":{"line":84,"column":10},"end":{"line":84,"column":null}},"52":{"start":{"line":85,"column":10},"end":{"line":85,"column":null}},"53":{"start":{"line":86,"column":15},"end":{"line":92,"column":null}},"54":{"start":{"line":87,"column":10},"end":{"line":87,"column":null}},"55":{"start":{"line":87,"column":40},"end":{"line":87,"column":null}},"56":{"start":{"line":88,"column":10},"end":{"line":88,"column":null}},"57":{"start":{"line":89,"column":10},"end":{"line":89,"column":null}},"58":{"start":{"line":91,"column":10},"end":{"line":91,"column":null}},"59":{"start":{"line":93,"column":8},"end":{"line":93,"column":null}},"60":{"start":{"line":95,"column":8},"end":{"line":95,"column":null}},"61":{"start":{"line":95,"column":38},"end":{"line":95,"column":null}},"62":{"start":{"line":96,"column":8},"end":{"line":96,"column":null}},"63":{"start":{"line":97,"column":8},"end":{"line":97,"column":null}},"64":{"start":{"line":98,"column":8},"end":{"line":98,"column":null}},"65":{"start":{"line":100,"column":8},"end":{"line":100,"column":null}},"66":{"start":{"line":100,"column":38},"end":{"line":100,"column":null}},"67":{"start":{"line":101,"column":8},"end":{"line":101,"column":null}},"68":{"start":{"line":102,"column":8},"end":{"line":102,"column":null}},"69":{"start":{"line":104,"column":8},"end":{"line":106,"column":null}},"70":{"start":{"line":105,"column":10},"end":{"line":105,"column":null}},"71":{"start":{"line":107,"column":8},"end":{"line":107,"column":null}},"72":{"start":{"line":109,"column":27},"end":{"line":109,"column":null}},"73":{"start":{"line":110,"column":8},"end":{"line":115,"column":null}},"74":{"start":{"line":111,"column":10},"end":{"line":111,"column":null}},"75":{"start":{"line":113,"column":10},"end":{"line":113,"column":null}},"76":{"start":{"line":114,"column":10},"end":{"line":114,"column":null}},"77":{"start":{"line":116,"column":8},"end":{"line":116,"column":null}},"78":{"start":{"line":118,"column":8},"end":{"line":122,"column":null}},"79":{"start":{"line":119,"column":10},"end":{"line":119,"column":null}},"80":{"start":{"line":121,"column":10},"end":{"line":121,"column":null}},"81":{"start":{"line":123,"column":8},"end":{"line":123,"column":null}},"82":{"start":{"line":125,"column":8},"end":{"line":125,"column":null}},"83":{"start":{"line":128,"column":4},"end":{"line":128,"column":null}},"84":{"start":{"line":131,"column":21},"end":{"line":135,"column":null}},"85":{"start":{"line":132,"column":4},"end":{"line":132,"column":null}},"86":{"start":{"line":132,"column":29},"end":{"line":132,"column":null}},"87":{"start":{"line":133,"column":4},"end":{"line":133,"column":null}},"88":{"start":{"line":134,"column":4},"end":{"line":134,"column":null}},"89":{"start":{"line":137,"column":27},"end":{"line":145,"column":null}},"90":{"start":{"line":138,"column":18},"end":{"line":138,"column":36}},"91":{"start":{"line":139,"column":4},"end":{"line":144,"column":null}},"92":{"start":{"line":140,"column":32},"end":{"line":140,"column":null}},"93":{"start":{"line":141,"column":6},"end":{"line":141,"column":null}},"94":{"start":{"line":141,"column":36},"end":{"line":141,"column":null}},"95":{"start":{"line":142,"column":6},"end":{"line":142,"column":null}},"96":{"start":{"line":143,"column":6},"end":{"line":143,"column":null}},"97":{"start":{"line":164,"column":12},"end":{"line":164,"column":29}},"98":{"start":{"line":182,"column":35},"end":{"line":182,"column":66}},"99":{"start":{"line":191,"column":31},"end":{"line":191,"column":null}},"100":{"start":{"line":192,"column":33},"end":{"line":192,"column":null}}},"fnMap":{"0":{"name":"AgentChat","decl":{"start":{"line":20,"column":16},"end":{"line":20,"column":26}},"loc":{"start":{"line":20,"column":79},"end":{"line":205,"column":null}}},"1":{"name":"(anonymous_3)","decl":{"start":{"line":38,"column":12},"end":{"line":38,"column":null}},"loc":{"start":{"line":38,"column":12},"end":{"line":42,"column":5}}},"2":{"name":"(anonymous_4)","decl":{"start":{"line":44,"column":12},"end":{"line":44,"column":null}},"loc":{"start":{"line":44,"column":12},"end":{"line":47,"column":5}}},"3":{"name":"(anonymous_5)","decl":{"start":{"line":49,"column":30},"end":{"line":49,"column":31}},"loc":{"start":{"line":49,"column":31},"end":{"line":51,"column":null}}},"4":{"name":"(anonymous_6)","decl":{"start":{"line":50,"column":16},"end":{"line":50,"column":24}},"loc":{"start":{"line":50,"column":24},"end":{"line":50,"column":null}}},"5":{"name":"(anonymous_7)","decl":{"start":{"line":53,"column":26},"end":{"line":53,"column":33}},"loc":{"start":{"line":53,"column":33},"end":{"line":129,"column":null}}},"6":{"name":"(anonymous_8)","decl":{"start":{"line":54,"column":16},"end":{"line":54,"column":24}},"loc":{"start":{"line":54,"column":24},"end":{"line":54,"column":null}}},"7":{"name":"(anonymous_9)","decl":{"start":{"line":58,"column":22},"end":{"line":58,"column":33}},"loc":{"start":{"line":58,"column":33},"end":{"line":58,"column":null}}},"8":{"name":"(anonymous_10)","decl":{"start":{"line":62,"column":29},"end":{"line":62,"column":38}},"loc":{"start":{"line":62,"column":38},"end":{"line":62,"column":null}}},"9":{"name":"(anonymous_11)","decl":{"start":{"line":67,"column":29},"end":{"line":67,"column":38}},"loc":{"start":{"line":67,"column":38},"end":{"line":67,"column":null}}},"10":{"name":"(anonymous_12)","decl":{"start":{"line":72,"column":29},"end":{"line":72,"column":38}},"loc":{"start":{"line":72,"column":38},"end":{"line":72,"column":null}}},"11":{"name":"(anonymous_13)","decl":{"start":{"line":77,"column":29},"end":{"line":77,"column":38}},"loc":{"start":{"line":77,"column":38},"end":{"line":77,"column":null}}},"12":{"name":"(anonymous_14)","decl":{"start":{"line":83,"column":31},"end":{"line":83,"column":40}},"loc":{"start":{"line":83,"column":40},"end":{"line":83,"column":null}}},"13":{"name":"(anonymous_15)","decl":{"start":{"line":87,"column":31},"end":{"line":87,"column":40}},"loc":{"start":{"line":87,"column":40},"end":{"line":87,"column":null}}},"14":{"name":"(anonymous_16)","decl":{"start":{"line":95,"column":29},"end":{"line":95,"column":38}},"loc":{"start":{"line":95,"column":38},"end":{"line":95,"column":null}}},"15":{"name":"(anonymous_17)","decl":{"start":{"line":100,"column":29},"end":{"line":100,"column":38}},"loc":{"start":{"line":100,"column":38},"end":{"line":100,"column":null}}},"16":{"name":"(anonymous_18)","decl":{"start":{"line":104,"column":19},"end":{"line":104,"column":null}},"loc":{"start":{"line":104,"column":19},"end":{"line":106,"column":11}}},"17":{"name":"(anonymous_19)","decl":{"start":{"line":131,"column":21},"end":{"line":131,"column":null}},"loc":{"start":{"line":131,"column":21},"end":{"line":135,"column":null}}},"18":{"name":"(anonymous_20)","decl":{"start":{"line":137,"column":27},"end":{"line":137,"column":28}},"loc":{"start":{"line":137,"column":28},"end":{"line":145,"column":null}}},"19":{"name":"(anonymous_21)","decl":{"start":{"line":141,"column":27},"end":{"line":141,"column":36}},"loc":{"start":{"line":141,"column":36},"end":{"line":141,"column":null}}},"20":{"name":"(anonymous_22)","decl":{"start":{"line":163,"column":24},"end":{"line":163,"column":25}},"loc":{"start":{"line":164,"column":12},"end":{"line":164,"column":29}}},"21":{"name":"(anonymous_23)","decl":{"start":{"line":182,"column":29},"end":{"line":182,"column":35}},"loc":{"start":{"line":182,"column":35},"end":{"line":182,"column":66}}},"22":{"name":"(anonymous_24)","decl":{"start":{"line":191,"column":24},"end":{"line":191,"column":25}},"loc":{"start":{"line":191,"column":31},"end":{"line":191,"column":null}}},"23":{"name":"(anonymous_25)","decl":{"start":{"line":192,"column":26},"end":{"line":192,"column":27}},"loc":{"start":{"line":192,"column":33},"end":{"line":192,"column":null}}}},"branchMap":{"0":{"loc":{"start":{"line":39,"column":4},"end":{"line":41,"column":null}},"type":"if","locations":[{"start":{"line":39,"column":4},"end":{"line":41,"column":null}}]},"1":{"loc":{"start":{"line":60,"column":4},"end":{"line":126,"column":null}},"type":"switch","locations":[{"start":{"line":61,"column":6},"end":{"line":65,"column":null}},{"start":{"line":66,"column":6},"end":{"line":70,"column":null}},{"start":{"line":71,"column":6},"end":{"line":75,"column":null}},{"start":{"line":76,"column":6},"end":{"line":80,"column":null}},{"start":{"line":81,"column":6},"end":{"line":93,"column":null}},{"start":{"line":94,"column":6},"end":{"line":98,"column":null}},{"start":{"line":99,"column":6},"end":{"line":107,"column":null}},{"start":{"line":108,"column":6},"end":{"line":116,"column":null}},{"start":{"line":117,"column":6},"end":{"line":123,"column":null}},{"start":{"line":124,"column":6},"end":{"line":125,"column":null}}]},"2":{"loc":{"start":{"line":82,"column":8},"end":{"line":92,"column":null}},"type":"if","locations":[{"start":{"line":82,"column":8},"end":{"line":92,"column":null}},{"start":{"line":86,"column":15},"end":{"line":92,"column":null}}]},"3":{"loc":{"start":{"line":82,"column":12},"end":{"line":82,"column":100}},"type":"binary-expr","locations":[{"start":{"line":82,"column":12},"end":{"line":82,"column":56}},{"start":{"line":82,"column":56},"end":{"line":82,"column":100}}]},"4":{"loc":{"start":{"line":86,"column":15},"end":{"line":92,"column":null}},"type":"if","locations":[{"start":{"line":86,"column":15},"end":{"line":92,"column":null}},{"start":{"line":90,"column":15},"end":{"line":92,"column":null}}]},"5":{"loc":{"start":{"line":86,"column":19},"end":{"line":86,"column":102}},"type":"binary-expr","locations":[{"start":{"line":86,"column":19},"end":{"line":86,"column":63}},{"start":{"line":86,"column":63},"end":{"line":86,"column":102}}]},"6":{"loc":{"start":{"line":110,"column":8},"end":{"line":115,"column":null}},"type":"if","locations":[{"start":{"line":110,"column":8},"end":{"line":115,"column":null}},{"start":{"line":112,"column":15},"end":{"line":115,"column":null}}]},"7":{"loc":{"start":{"line":110,"column":12},"end":{"line":110,"column":50}},"type":"binary-expr","locations":[{"start":{"line":110,"column":12},"end":{"line":110,"column":33}},{"start":{"line":110,"column":33},"end":{"line":110,"column":50}}]},"8":{"loc":{"start":{"line":114,"column":73},"end":{"line":114,"column":99}},"type":"cond-expr","locations":[{"start":{"line":114,"column":90},"end":{"line":114,"column":96}},{"start":{"line":114,"column":96},"end":{"line":114,"column":99}}]},"9":{"loc":{"start":{"line":118,"column":8},"end":{"line":122,"column":null}},"type":"if","locations":[{"start":{"line":118,"column":8},"end":{"line":122,"column":null}},{"start":{"line":120,"column":15},"end":{"line":122,"column":null}}]},"10":{"loc":{"start":{"line":132,"column":4},"end":{"line":132,"column":null}},"type":"if","locations":[{"start":{"line":132,"column":4},"end":{"line":132,"column":null}}]},"11":{"loc":{"start":{"line":139,"column":4},"end":{"line":144,"column":null}},"type":"if","locations":[{"start":{"line":139,"column":4},"end":{"line":144,"column":null}}]},"12":{"loc":{"start":{"line":142,"column":85},"end":{"line":142,"column":125}},"type":"cond-expr","locations":[{"start":{"line":142,"column":116},"end":{"line":142,"column":122}},{"start":{"line":142,"column":122},"end":{"line":142,"column":125}}]},"13":{"loc":{"start":{"line":164,"column":48},"end":{"line":164,"column":103}},"type":"cond-expr","locations":[{"start":{"line":164,"column":75},"end":{"line":164,"column":89}},{"start":{"line":164,"column":89},"end":{"line":164,"column":103}}]},"14":{"loc":{"start":{"line":165,"column":61},"end":{"line":165,"column":119}},"type":"cond-expr","locations":[{"start":{"line":165,"column":88},"end":{"line":165,"column":104}},{"start":{"line":165,"column":104},"end":{"line":165,"column":119}}]},"15":{"loc":{"start":{"line":173,"column":10},"end":{"line":188,"column":11}},"type":"cond-expr","locations":[{"start":{"line":173,"column":10},"end":{"line":188,"column":11}}]},"16":{"loc":{"start":{"line":192,"column":33},"end":{"line":192,"column":null}},"type":"binary-expr","locations":[{"start":{"line":192,"column":33},"end":{"line":192,"column":54}},{"start":{"line":192,"column":54},"end":{"line":192,"column":null}}]},"17":{"loc":{"start":{"line":198,"column":15},"end":{"line":198,"column":null}},"type":"cond-expr","locations":[{"start":{"line":198,"column":27},"end":{"line":198,"column":null}},{"start":{"line":198,"column":74},"end":{"line":198,"column":null}}]}},"s":{"0":0,"1":0,"2":0,"3":0,"4":0,"5":0,"6":0,"7":0,"8":0,"9":0,"10":0,"11":0,"12":0,"13":0,"14":0,"15":0,"16":0,"17":0,"18":0,"19":0,"20":0,"21":0,"22":0,"23":0,"24":0,"25":0,"26":0,"27":0,"28":0,"29":0,"30":0,"31":0,"32":0,"33":0,"34":0,"35":0,"36":0,"37":0,"38":0,"39":0,"40":0,"41":0,"42":0,"43":0,"44":0,"45":0,"46":0,"47":0,"48":0,"49":0,"50":0,"51":0,"52":0,"53":0,"54":0,"55":0,"56":0,"57":0,"58":0,"59":0,"60":0,"61":0,"62":0,"63":0,"64":0,"65":0,"66":0,"67":0,"68":0,"69":0,"70":0,"71":0,"72":0,"73":0,"74":0,"75":0,"76":0,"77":0,"78":0,"79":0,"80":0,"81":0,"82":0,"83":0,"84":0,"85":0,"86":0,"87":0,"88":0,"89":0,"90":0,"91":0,"92":0,"93":0,"94":0,"95":0,"96":0,"97":0,"98":0,"99":0,"100":0},"f":{"0":0,"1":0,"2":0,"3":0,"4":0,"5":0,"6":0,"7":0,"8":0,"9":0,"10":0,"11":0,"12":0,"13":0,"14":0,"15":0,"16":0,"17":0,"18":0,"19":0,"20":0,"21":0,"22":0,"23":0},"b":{"0":[0],"1":[0,0,0,0,0,0,0,0,0,0],"2":[0,0],"3":[0,0],"4":[0,0],"5":[0,0],"6":[0,0],"7":[0,0],"8":[0,0],"9":[0,0],"10":[0],"11":[0],"12":[0,0],"13":[0,0],"14":[0,0],"15":[0],"16":[0,0],"17":[0,0]}}
,"/home/scotianog/the-soless-system/sol-arium/components/agent-config.tsx": {"path":"/home/scotianog/the-soless-system/sol-arium/components/agent-config.tsx","statementMap":{"0":{"start":{"line":26,"column":16},"end":{"line":26,"column":28}},"1":{"start":{"line":3,"column":25},"end":{"line":3,"column":null}},"2":{"start":{"line":4,"column":23},"end":{"line":4,"column":null}},"3":{"start":{"line":5,"column":74},"end":{"line":5,"column":null}},"4":{"start":{"line":6,"column":22},"end":{"line":6,"column":null}},"5":{"start":{"line":7,"column":22},"end":{"line":7,"column":null}},"6":{"start":{"line":8,"column":40},"end":{"line":8,"column":null}},"7":{"start":{"line":14,"column":7},"end":{"line":14,"column":null}},"8":{"start":{"line":15,"column":52},"end":{"line":15,"column":null}},"9":{"start":{"line":27,"column":42},"end":{"line":27,"column":null}},"10":{"start":{"line":28,"column":28},"end":{"line":28,"column":null}},"11":{"start":{"line":30,"column":26},"end":{"line":51,"column":null}},"12":{"start":{"line":31,"column":4},"end":{"line":31,"column":null}},"13":{"start":{"line":32,"column":4},"end":{"line":32,"column":null}},"14":{"start":{"line":33,"column":4},"end":{"line":50,"column":null}},"15":{"start":{"line":34,"column":23},"end":{"line":39,"column":null}},"16":{"start":{"line":40,"column":6},"end":{"line":42,"column":null}},"17":{"start":{"line":41,"column":8},"end":{"line":41,"column":null}},"18":{"start":{"line":43,"column":28},"end":{"line":43,"column":null}},"19":{"start":{"line":44,"column":6},"end":{"line":44,"column":null}},"20":{"start":{"line":46,"column":6},"end":{"line":46,"column":null}},"21":{"start":{"line":47,"column":6},"end":{"line":47,"column":null}},"22":{"start":{"line":49,"column":6},"end":{"line":49,"column":null}},"23":{"start":{"line":68,"column":29},"end":{"line":68,"column":null}},"24":{"start":{"line":99,"column":29},"end":{"line":99,"column":null}}},"fnMap":{"0":{"name":"AgentConfig","decl":{"start":{"line":26,"column":16},"end":{"line":26,"column":28}},"loc":{"start":{"line":26,"column":74},"end":{"line":142,"column":null}}},"1":{"name":"(anonymous_2)","decl":{"start":{"line":30,"column":26},"end":{"line":30,"column":null}},"loc":{"start":{"line":30,"column":26},"end":{"line":51,"column":null}}},"2":{"name":"(anonymous_3)","decl":{"start":{"line":68,"column":22},"end":{"line":68,"column":23}},"loc":{"start":{"line":68,"column":29},"end":{"line":68,"column":null}}},"3":{"name":"(anonymous_4)","decl":{"start":{"line":99,"column":22},"end":{"line":99,"column":23}},"loc":{"start":{"line":99,"column":29},"end":{"line":99,"column":null}}}},"branchMap":{"0":{"loc":{"start":{"line":40,"column":6},"end":{"line":42,"column":null}},"type":"if","locations":[{"start":{"line":40,"column":6},"end":{"line":42,"column":null}}]},"1":{"loc":{"start":{"line":94,"column":15},"end":{"line":94,"column":null}},"type":"cond-expr","locations":[{"start":{"line":94,"column":30},"end":{"line":94,"column":48}},{"start":{"line":94,"column":48},"end":{"line":94,"column":null}}]},"2":{"loc":{"start":{"line":104,"column":9},"end":{"line":104,"column":null}},"type":"binary-expr","locations":[{"start":{"line":104,"column":9},"end":{"line":104,"column":null}}]},"3":{"loc":{"start":{"line":135,"column":20},"end":{"line":135,"column":53}},"type":"binary-expr","locations":[{"start":{"line":135,"column":20},"end":{"line":135,"column":32}},{"start":{"line":135,"column":36},"end":{"line":135,"column":53}}]}},"s":{"0":0,"1":0,"2":0,"3":0,"4":0,"5":0,"6":0,"7":0,"8":0,"9":0,"10":0,"11":0,"12":0,"13":0,"14":0,"15":0,"16":0,"17":0,"18":0,"19":0,"20":0,"21":0,"22":0,"23":0,"24":0},"f":{"0":0,"1":0,"2":0,"3":0},"b":{"0":[0],"1":[0,0],"2":[0],"3":[0,0]}}
,"/home/scotianog/the-soless-system/sol-arium/components/agent-selection.tsx": {"path":"/home/scotianog/the-soless-system/sol-arium/components/agent-selection.tsx","statementMap":{"0":{"start":{"line":33,"column":16},"end":{"line":33,"column":31}},"1":{"start":{"line":3,"column":25},"end":{"line":3,"column":null}},"2":{"start":{"line":4,"column":18},"end":{"line":4,"column":null}},"3":{"start":{"line":5,"column":23},"end":{"line":5,"column":null}},"4":{"start":{"line":6,"column":34},"end":{"line":6,"column":null}},"5":{"start":{"line":14,"column":24},"end":{"line":27,"column":null}},"6":{"start":{"line":34,"column":44},"end":{"line":34,"column":null}},"7":{"start":{"line":36,"column":23},"end":{"line":38,"column":null}},"8":{"start":{"line":37,"column":4},"end":{"line":37,"column":null}},"9":{"start":{"line":40,"column":24},"end":{"line":44,"column":null}},"10":{"start":{"line":41,"column":4},"end":{"line":43,"column":null}},"11":{"start":{"line":42,"column":6},"end":{"line":42,"column":null}},"12":{"start":{"line":51,"column":10},"end":{"line":52,"column":null}},"13":{"start":{"line":56,"column":27},"end":{"line":56,"column":null}}},"fnMap":{"0":{"name":"AgentSelection","decl":{"start":{"line":33,"column":16},"end":{"line":33,"column":31}},"loc":{"start":{"line":33,"column":64},"end":{"line":84,"column":null}}},"1":{"name":"(anonymous_3)","decl":{"start":{"line":36,"column":23},"end":{"line":36,"column":24}},"loc":{"start":{"line":36,"column":24},"end":{"line":38,"column":null}}},"2":{"name":"(anonymous_4)","decl":{"start":{"line":40,"column":24},"end":{"line":40,"column":null}},"loc":{"start":{"line":40,"column":24},"end":{"line":44,"column":null}}},"3":{"name":"(anonymous_5)","decl":{"start":{"line":50,"column":20},"end":{"line":50,"column":21}},"loc":{"start":{"line":51,"column":10},"end":{"line":52,"column":null}}},"4":{"name":"(anonymous_6)","decl":{"start":{"line":56,"column":21},"end":{"line":56,"column":27}},"loc":{"start":{"line":56,"column":27},"end":{"line":56,"column":null}}}},"branchMap":{"0":{"loc":{"start":{"line":41,"column":4},"end":{"line":43,"column":null}},"type":"if","locations":[{"start":{"line":41,"column":4},"end":{"line":43,"column":null}}]},"1":{"loc":{"start":{"line":54,"column":14},"end":{"line":54,"column":null}},"type":"cond-expr","locations":[{"start":{"line":54,"column":47},"end":{"line":54,"column":72}},{"start":{"line":54,"column":72},"end":{"line":54,"column":null}}]}},"s":{"0":0,"1":0,"2":0,"3":0,"4":0,"5":0,"6":0,"7":0,"8":0,"9":0,"10":0,"11":0,"12":0,"13":0},"f":{"0":0,"1":0,"2":0,"3":0,"4":0},"b":{"0":[0],"1":[0,0]}}
,"/home/scotianog/the-soless-system/sol-arium/components/ai-agent-section.tsx": {"path":"/home/scotianog/the-soless-system/sol-arium/components/ai-agent-section.tsx","statementMap":{"0":{"start":{"line":6,"column":16},"end":{"line":6,"column":null}},"1":{"start":{"line":1,"column":23},"end":{"line":1,"column":null}},"2":{"start":{"line":2,"column":17},"end":{"line":2,"column":null}},"3":{"start":{"line":4,"column":18},"end":{"line":4,"column":null}}},"fnMap":{"0":{"name":"AIAgentSection","decl":{"start":{"line":6,"column":16},"end":{"line":6,"column":null}},"loc":{"start":{"line":6,"column":16},"end":{"line":82,"column":null}}}},"branchMap":{},"s":{"0":0,"1":0,"2":0,"3":0},"f":{"0":0},"b":{}}
,"/home/scotianog/the-soless-system/sol-arium/components/burning-mechanisms.tsx": {"path":"/home/scotianog/the-soless-system/sol-arium/components/burning-mechanisms.tsx","statementMap":{"0":{"start":{"line":12,"column":16},"end":{"line":12,"column":null}},"1":{"start":{"line":1,"column":74},"end":{"line":1,"column":null}},"2":{"start":{"line":2,"column":22},"end":{"line":2,"column":null}},"3":{"start":{"line":4,"column":26},"end":{"line":10,"column":null}},"4":{"start":{"line":16,"column":8},"end":{"line":16,"column":26}}},"fnMap":{"0":{"name":"BurningMechanisms","decl":{"start":{"line":12,"column":16},"end":{"line":12,"column":null}},"loc":{"start":{"line":12,"column":16},"end":{"line":28,"column":null}}},"1":{"name":"(anonymous_2)","decl":{"start":{"line":15,"column":29},"end":{"line":15,"column":30}},"loc":{"start":{"line":16,"column":8},"end":{"line":16,"column":26}}}},"branchMap":{},"s":{"0":0,"1":0,"2":0,"3":0,"4":0},"f":{"0":0,"1":0},"b":{}}
,"/home/scotianog/the-soless-system/sol-arium/components/client-header.tsx": {"path":"/home/scotianog/the-soless-system/sol-arium/components/client-header.tsx","statementMap":{"0":{"start":{"line":5,"column":16},"end":{"line":5,"column":null}},"1":{"start":{"line":3,"column":23},"end":{"line":3,"column":null}},"2":{"start":{"line":6,"column":2},"end":{"line":6,"column":null}}},"fnMap":{"0":{"name":"ClientHeader","decl":{"start":{"line":5,"column":16},"end":{"line":5,"column":null}},"loc":{"start":{"line":5,"column":16},"end":{"line":7,"column":null}}}},"branchMap":{},"s":{"0":0,"1":0,"2":0},"f":{"0":0},"b":{}}
,"/home/scotianog/the-soless-system/sol-arium/components/client-quick-swap.tsx": {"path":"/home/scotianog/the-soless-system/sol-arium/components/client-quick-swap.tsx","statementMap":{"0":{"start":{"line":5,"column":16},"end":{"line":5,"column":null}},"1":{"start":{"line":3,"column":26},"end":{"line":3,"column":null}},"2":{"start":{"line":6,"column":2},"end":{"line":6,"column":null}}},"fnMap":{"0":{"name":"ClientQuickSwap","decl":{"start":{"line":5,"column":16},"end":{"line":5,"column":null}},"loc":{"start":{"line":5,"column":16},"end":{"line":7,"column":null}}}},"branchMap":{},"s":{"0":0,"1":0,"2":0},"f":{"0":0},"b":{}}
,"/home/scotianog/the-soless-system/sol-arium/components/client-sidebar.tsx": {"path":"/home/scotianog/the-soless-system/sol-arium/components/client-sidebar.tsx","statementMap":{"0":{"start":{"line":5,"column":16},"end":{"line":5,"column":null}},"1":{"start":{"line":3,"column":24},"end":{"line":3,"column":null}},"2":{"start":{"line":6,"column":2},"end":{"line":6,"column":null}}},"fnMap":{"0":{"name":"ClientSidebar","decl":{"start":{"line":5,"column":16},"end":{"line":5,"column":null}},"loc":{"start":{"line":5,"column":16},"end":{"line":7,"column":null}}}},"branchMap":{},"s":{"0":0,"1":0,"2":0},"f":{"0":0},"b":{}}
,"/home/scotianog/the-soless-system/sol-arium/components/client-soless-swift-swap.tsx": {"path":"/home/scotianog/the-soless-system/sol-arium/components/client-soless-swift-swap.tsx","statementMap":{"0":{"start":{"line":5,"column":16},"end":{"line":5,"column":null}},"1":{"start":{"line":3,"column":32},"end":{"line":3,"column":null}},"2":{"start":{"line":6,"column":2},"end":{"line":6,"column":null}}},"fnMap":{"0":{"name":"ClientSOLessSwiftSwap","decl":{"start":{"line":5,"column":16},"end":{"line":5,"column":null}},"loc":{"start":{"line":5,"column":16},"end":{"line":7,"column":null}}}},"branchMap":{},"s":{"0":0,"1":0,"2":0},"f":{"0":0},"b":{}}
,"/home/scotianog/the-soless-system/sol-arium/components/client-upcoming-mints.tsx": {"path":"/home/scotianog/the-soless-system/sol-arium/components/client-upcoming-mints.tsx","statementMap":{"0":{"start":{"line":5,"column":16},"end":{"line":5,"column":null}},"1":{"start":{"line":3,"column":30},"end":{"line":3,"column":null}},"2":{"start":{"line":6,"column":2},"end":{"line":6,"column":null}}},"fnMap":{"0":{"name":"ClientUpcomingMints","decl":{"start":{"line":5,"column":16},"end":{"line":5,"column":null}},"loc":{"start":{"line":5,"column":16},"end":{"line":7,"column":null}}}},"branchMap":{},"s":{"0":0,"1":0,"2":0},"f":{"0":0},"b":{}}
,"/home/scotianog/the-soless-system/sol-arium/components/collected-grid.tsx": {"path":"/home/scotianog/the-soless-system/sol-arium/components/collected-grid.tsx","statementMap":{"0":{"start":{"line":10,"column":16},"end":{"line":10,"column":null}},"1":{"start":{"line":1,"column":46},"end":{"line":1,"column":null}},"2":{"start":{"line":2,"column":18},"end":{"line":2,"column":null}},"3":{"start":{"line":4,"column":14},"end":{"line":8,"column":null}},"4":{"start":{"line":14,"column":8},"end":{"line":14,"column":26}}},"fnMap":{"0":{"name":"CollectedGrid","decl":{"start":{"line":10,"column":16},"end":{"line":10,"column":null}},"loc":{"start":{"line":10,"column":16},"end":{"line":37,"column":null}}},"1":{"name":"(anonymous_3)","decl":{"start":{"line":13,"column":17},"end":{"line":13,"column":18}},"loc":{"start":{"line":14,"column":8},"end":{"line":14,"column":26}}}},"branchMap":{},"s":{"0":0,"1":0,"2":0,"3":0,"4":0},"f":{"0":0,"1":0},"b":{}}
,"/home/scotianog/the-soless-system/sol-arium/components/collection-form.tsx": {"path":"/home/scotianog/the-soless-system/sol-arium/components/collection-form.tsx","statementMap":{"0":{"start":{"line":33,"column":16},"end":{"line":33,"column":31}},"1":{"start":{"line":3,"column":25},"end":{"line":3,"column":null}},"2":{"start":{"line":4,"column":23},"end":{"line":4,"column":null}},"3":{"start":{"line":5,"column":74},"end":{"line":5,"column":null}},"4":{"start":{"line":6,"column":22},"end":{"line":6,"column":null}},"5":{"start":{"line":7,"column":22},"end":{"line":7,"column":null}},"6":{"start":{"line":8,"column":25},"end":{"line":8,"column":null}},"7":{"start":{"line":9,"column":78},"end":{"line":9,"column":null}},"8":{"start":{"line":10,"column":23},"end":{"line":10,"column":null}},"9":{"start":{"line":11,"column":23},"end":{"line":11,"column":null}},"10":{"start":{"line":12,"column":23},"end":{"line":12,"column":null}},"11":{"start":{"line":13,"column":18},"end":{"line":13,"column":null}},"12":{"start":{"line":14,"column":113},"end":{"line":14,"column":null}},"13":{"start":{"line":34,"column":56},"end":{"line":34,"column":null}},"14":{"start":{"line":35,"column":42},"end":{"line":35,"column":null}},"15":{"start":{"line":36,"column":54},"end":{"line":36,"column":null}},"16":{"start":{"line":38,"column":21},"end":{"line":43,"column":null}},"17":{"start":{"line":39,"column":4},"end":{"line":42,"column":null}},"18":{"start":{"line":45,"column":24},"end":{"line":48,"column":null}},"19":{"start":{"line":46,"column":24},"end":{"line":46,"column":null}},"20":{"start":{"line":46,"column":57},"end":{"line":46,"column":null}},"21":{"start":{"line":47,"column":4},"end":{"line":47,"column":null}},"22":{"start":{"line":50,"column":24},"end":{"line":58,"column":null}},"23":{"start":{"line":51,"column":24},"end":{"line":56,"column":null}},"24":{"start":{"line":52,"column":6},"end":{"line":54,"column":null}},"25":{"start":{"line":53,"column":8},"end":{"line":53,"column":null}},"26":{"start":{"line":55,"column":6},"end":{"line":55,"column":null}},"27":{"start":{"line":57,"column":4},"end":{"line":57,"column":null}},"28":{"start":{"line":60,"column":28},"end":{"line":62,"column":null}},"29":{"start":{"line":61,"column":4},"end":{"line":61,"column":null}},"30":{"start":{"line":64,"column":29},"end":{"line":99,"column":null}},"31":{"start":{"line":65,"column":4},"end":{"line":65,"column":null}},"32":{"start":{"line":66,"column":4},"end":{"line":66,"column":null}},"33":{"start":{"line":67,"column":4},"end":{"line":98,"column":null}},"34":{"start":{"line":68,"column":23},"end":{"line":77,"column":null}},"35":{"start":{"line":79,"column":6},"end":{"line":86,"column":null}},"36":{"start":{"line":80,"column":26},"end":{"line":80,"column":null}},"37":{"start":{"line":81,"column":8},"end":{"line":84,"column":null}},"38":{"start":{"line":82,"column":10},"end":{"line":82,"column":null}},"39":{"start":{"line":83,"column":10},"end":{"line":83,"column":null}},"40":{"start":{"line":85,"column":8},"end":{"line":85,"column":null}},"41":{"start":{"line":88,"column":19},"end":{"line":88,"column":null}},"42":{"start":{"line":89,"column":6},"end":{"line":91,"column":null}},"43":{"start":{"line":90,"column":8},"end":{"line":90,"column":null}},"44":{"start":{"line":92,"column":6},"end":{"line":92,"column":null}},"45":{"start":{"line":94,"column":6},"end":{"line":94,"column":null}},"46":{"start":{"line":95,"column":6},"end":{"line":95,"column":null}},"47":{"start":{"line":97,"column":6},"end":{"line":97,"column":null}},"48":{"start":{"line":101,"column":31},"end":{"line":108,"column":null}},"49":{"start":{"line":105,"column":4},"end":{"line":105,"column":null}},"50":{"start":{"line":107,"column":4},"end":{"line":107,"column":null}},"51":{"start":{"line":125,"column":29},"end":{"line":125,"column":null}},"52":{"start":{"line":135,"column":29},"end":{"line":135,"column":null}},"53":{"start":{"line":145,"column":29},"end":{"line":145,"column":null}},"54":{"start":{"line":157,"column":29},"end":{"line":157,"column":null}},"55":{"start":{"line":174,"column":12},"end":{"line":174,"column":29}},"56":{"start":{"line":179,"column":35},"end":{"line":179,"column":null}},"57":{"start":{"line":188,"column":35},"end":{"line":188,"column":null}},"58":{"start":{"line":195,"column":31},"end":{"line":195,"column":null}},"59":{"start":{"line":220,"column":35},"end":{"line":220,"column":null}},"60":{"start":{"line":228,"column":44},"end":{"line":228,"column":null}},"61":{"start":{"line":248,"column":46},"end":{"line":248,"column":null}},"62":{"start":{"line":283,"column":105},"end":{"line":283,"column":115}},"63":{"start":{"line":297,"column":55},"end":{"line":297,"column":85}}},"fnMap":{"0":{"name":"CollectionForm","decl":{"start":{"line":33,"column":16},"end":{"line":33,"column":31}},"loc":{"start":{"line":33,"column":88},"end":{"line":305,"column":null}}},"1":{"name":"(anonymous_3)","decl":{"start":{"line":38,"column":21},"end":{"line":38,"column":null}},"loc":{"start":{"line":38,"column":21},"end":{"line":43,"column":null}}},"2":{"name":"(anonymous_4)","decl":{"start":{"line":45,"column":24},"end":{"line":45,"column":25}},"loc":{"start":{"line":45,"column":25},"end":{"line":48,"column":null}}},"3":{"name":"(anonymous_5)","decl":{"start":{"line":46,"column":47},"end":{"line":46,"column":48}},"loc":{"start":{"line":46,"column":57},"end":{"line":46,"column":null}}},"4":{"name":"(anonymous_6)","decl":{"start":{"line":50,"column":24},"end":{"line":50,"column":25}},"loc":{"start":{"line":50,"column":55},"end":{"line":58,"column":null}}},"5":{"name":"(anonymous_7)","decl":{"start":{"line":51,"column":44},"end":{"line":51,"column":45}},"loc":{"start":{"line":51,"column":54},"end":{"line":56,"column":null}}},"6":{"name":"(anonymous_8)","decl":{"start":{"line":60,"column":28},"end":{"line":60,"column":29}},"loc":{"start":{"line":60,"column":29},"end":{"line":62,"column":null}}},"7":{"name":"(anonymous_9)","decl":{"start":{"line":64,"column":29},"end":{"line":64,"column":null}},"loc":{"start":{"line":64,"column":29},"end":{"line":99,"column":null}}},"8":{"name":"(anonymous_10)","decl":{"start":{"line":101,"column":31},"end":{"line":101,"column":null}},"loc":{"start":{"line":101,"column":31},"end":{"line":108,"column":null}}},"9":{"name":"(anonymous_11)","decl":{"start":{"line":125,"column":22},"end":{"line":125,"column":23}},"loc":{"start":{"line":125,"column":29},"end":{"line":125,"column":null}}},"10":{"name":"(anonymous_12)","decl":{"start":{"line":135,"column":22},"end":{"line":135,"column":23}},"loc":{"start":{"line":135,"column":29},"end":{"line":135,"column":null}}},"11":{"name":"(anonymous_13)","decl":{"start":{"line":145,"column":22},"end":{"line":145,"column":23}},"loc":{"start":{"line":145,"column":29},"end":{"line":145,"column":null}}},"12":{"name":"(anonymous_14)","decl":{"start":{"line":157,"column":22},"end":{"line":157,"column":23}},"loc":{"start":{"line":157,"column":29},"end":{"line":157,"column":null}}},"13":{"name":"(anonymous_15)","decl":{"start":{"line":173,"column":31},"end":{"line":173,"column":32}},"loc":{"start":{"line":174,"column":12},"end":{"line":174,"column":29}}},"14":{"name":"(anonymous_16)","decl":{"start":{"line":179,"column":28},"end":{"line":179,"column":29}},"loc":{"start":{"line":179,"column":35},"end":{"line":179,"column":null}}},"15":{"name":"(anonymous_17)","decl":{"start":{"line":188,"column":28},"end":{"line":188,"column":29}},"loc":{"start":{"line":188,"column":35},"end":{"line":188,"column":null}}},"16":{"name":"(anonymous_18)","decl":{"start":{"line":195,"column":25},"end":{"line":195,"column":31}},"loc":{"start":{"line":195,"column":31},"end":{"line":195,"column":null}}},"17":{"name":"(anonymous_19)","decl":{"start":{"line":220,"column":28},"end":{"line":220,"column":29}},"loc":{"start":{"line":220,"column":35},"end":{"line":220,"column":null}}},"18":{"name":"(anonymous_20)","decl":{"start":{"line":228,"column":33},"end":{"line":228,"column":34}},"loc":{"start":{"line":228,"column":44},"end":{"line":228,"column":null}}},"19":{"name":"(anonymous_21)","decl":{"start":{"line":248,"column":33},"end":{"line":248,"column":34}},"loc":{"start":{"line":248,"column":46},"end":{"line":248,"column":null}}},"20":{"name":"(anonymous_22)","decl":{"start":{"line":283,"column":100},"end":{"line":283,"column":105}},"loc":{"start":{"line":283,"column":105},"end":{"line":283,"column":115}}},"21":{"name":"(anonymous_23)","decl":{"start":{"line":297,"column":49},"end":{"line":297,"column":55}},"loc":{"start":{"line":297,"column":55},"end":{"line":297,"column":85}}}},"branchMap":{"0":{"loc":{"start":{"line":52,"column":6},"end":{"line":54,"column":null}},"type":"if","locations":[{"start":{"line":52,"column":6},"end":{"line":54,"column":null}}]},"1":{"loc":{"start":{"line":79,"column":6},"end":{"line":86,"column":null}},"type":"if","locations":[{"start":{"line":79,"column":6},"end":{"line":86,"column":null}}]},"2":{"loc":{"start":{"line":81,"column":8},"end":{"line":84,"column":null}},"type":"if","locations":[{"start":{"line":81,"column":8},"end":{"line":84,"column":null}}]},"3":{"loc":{"start":{"line":85,"column":24},"end":{"line":85,"column":null}},"type":"binary-expr","locations":[{"start":{"line":85,"column":24},"end":{"line":85,"column":39}},{"start":{"line":85,"column":43},"end":{"line":85,"column":null}}]},"4":{"loc":{"start":{"line":89,"column":6},"end":{"line":91,"column":null}},"type":"if","locations":[{"start":{"line":89,"column":6},"end":{"line":91,"column":null}}]},"5":{"loc":{"start":{"line":95,"column":45},"end":{"line":95,"column":103}},"type":"cond-expr","locations":[{"start":{"line":95,"column":70},"end":{"line":95,"column":83}},{"start":{"line":95,"column":86},"end":{"line":95,"column":103}}]},"6":{"loc":{"start":{"line":212,"column":11},"end":{"line":212,"column":26}},"type":"binary-expr","locations":[{"start":{"line":212,"column":11},"end":{"line":212,"column":26}}]},"7":{"loc":{"start":{"line":254,"column":26},"end":{"line":254,"column":91}},"type":"binary-expr","locations":[{"start":{"line":254,"column":26},"end":{"line":254,"column":49}},{"start":{"line":254,"column":49},"end":{"line":254,"column":71}},{"start":{"line":254,"column":75},"end":{"line":254,"column":91}}]},"8":{"loc":{"start":{"line":255,"column":37},"end":{"line":255,"column":96}},"type":"cond-expr","locations":[{"start":{"line":255,"column":59},"end":{"line":255,"column":77}},{"start":{"line":255,"column":77},"end":{"line":255,"column":96}}]},"9":{"loc":{"start":{"line":257,"column":17},"end":{"line":257,"column":null}},"type":"cond-expr","locations":[{"start":{"line":257,"column":39},"end":{"line":257,"column":65}},{"start":{"line":257,"column":65},"end":{"line":257,"column":null}}]},"10":{"loc":{"start":{"line":259,"column":15},"end":{"line":259,"column":null}},"type":"binary-expr","locations":[{"start":{"line":259,"column":15},"end":{"line":259,"column":null}}]},"11":{"loc":{"start":{"line":283,"column":22},"end":{"line":283,"column":null}},"type":"binary-expr","locations":[{"start":{"line":283,"column":22},"end":{"line":283,"column":34}},{"start":{"line":283,"column":38},"end":{"line":283,"column":57}},{"start":{"line":283,"column":61},"end":{"line":283,"column":75}},{"start":{"line":283,"column":79},"end":{"line":283,"column":null}}]}},"s":{"0":0,"1":0,"2":0,"3":0,"4":0,"5":0,"6":0,"7":0,"8":0,"9":0,"10":0,"11":0,"12":0,"13":0,"14":0,"15":0,"16":0,"17":0,"18":0,"19":0,"20":0,"21":0,"22":0,"23":0,"24":0,"25":0,"26":0,"27":0,"28":0,"29":0,"30":0,"31":0,"32":0,"33":0,"34":0,"35":0,"36":0,"37":0,"38":0,"39":0,"40":0,"41":0,"42":0,"43":0,"44":0,"45":0,"46":0,"47":0,"48":0,"49":0,"50":0,"51":0,"52":0,"53":0,"54":0,"55":0,"56":0,"57":0,"58":0,"59":0,"60":0,"61":0,"62":0,"63":0},"f":{"0":0,"1":0,"2":0,"3":0,"4":0,"5":0,"6":0,"7":0,"8":0,"9":0,"10":0,"11":0,"12":0,"13":0,"14":0,"15":0,"16":0,"17":0,"18":0,"19":0,"20":0,"21":0},"b":{"0":[0],"1":[0],"2":[0],"3":[0,0],"4":[0],"5":[0,0],"6":[0],"7":[0,0,0],"8":[0,0],"9":[0,0],"10":[0],"11":[0,0,0,0]}}
,"/home/scotianog/the-soless-system/sol-arium/components/collection-page.tsx": {"path":"/home/scotianog/the-soless-system/sol-arium/components/collection-page.tsx","statementMap":{"0":{"start":{"line":17,"column":16},"end":{"line":17,"column":31}},"1":{"start":{"line":1,"column":23},"end":{"line":1,"column":null}},"2":{"start":{"line":2,"column":34},"end":{"line":2,"column":null}},"3":{"start":{"line":3,"column":18},"end":{"line":3,"column":null}},"4":{"start":{"line":26,"column":10},"end":{"line":26,"column":30}}},"fnMap":{"0":{"name":"CollectionPage","decl":{"start":{"line":17,"column":16},"end":{"line":17,"column":31}},"loc":{"start":{"line":17,"column":80},"end":{"line":46,"column":null}}},"1":{"name":"(anonymous_3)","decl":{"start":{"line":25,"column":19},"end":{"line":25,"column":20}},"loc":{"start":{"line":26,"column":10},"end":{"line":26,"column":30}}}},"branchMap":{},"s":{"0":0,"1":0,"2":0,"3":0,"4":0},"f":{"0":0,"1":0},"b":{}}
,"/home/scotianog/the-soless-system/sol-arium/components/collections-grid.tsx": {"path":"/home/scotianog/the-soless-system/sol-arium/components/collections-grid.tsx","statementMap":{"0":{"start":{"line":1,"column":16},"end":{"line":1,"column":null}},"1":{"start":{"line":2,"column":19},"end":{"line":24,"column":null}},"2":{"start":{"line":40,"column":10},"end":{"line":40,"column":35}},"3":{"start":{"line":44,"column":16},"end":{"line":45,"column":null}}},"fnMap":{"0":{"name":"CollectionsGrid","decl":{"start":{"line":1,"column":16},"end":{"line":1,"column":null}},"loc":{"start":{"line":1,"column":16},"end":{"line":63,"column":null}}},"1":{"name":"(anonymous_2)","decl":{"start":{"line":39,"column":22},"end":{"line":39,"column":23}},"loc":{"start":{"line":40,"column":10},"end":{"line":40,"column":35}}},"2":{"name":"(anonymous_3)","decl":{"start":{"line":43,"column":33},"end":{"line":43,"column":34}},"loc":{"start":{"line":44,"column":16},"end":{"line":45,"column":null}}}},"branchMap":{},"s":{"0":0,"1":0,"2":0,"3":0},"f":{"0":0,"1":0,"2":0},"b":{}}
,"/home/scotianog/the-soless-system/sol-arium/components/collections-overview.tsx": {"path":"/home/scotianog/the-soless-system/sol-arium/components/collections-overview.tsx","statementMap":{"0":{"start":{"line":26,"column":16},"end":{"line":26,"column":null}},"1":{"start":{"line":1,"column":18},"end":{"line":1,"column":null}},"2":{"start":{"line":2,"column":23},"end":{"line":2,"column":null}},"3":{"start":{"line":3,"column":69},"end":{"line":3,"column":null}},"4":{"start":{"line":4,"column":37},"end":{"line":4,"column":null}},"5":{"start":{"line":15,"column":34},"end":{"line":24,"column":null}},"6":{"start":{"line":27,"column":28},"end":{"line":27,"column":null}},"7":{"start":{"line":27,"column":55},"end":{"line":27,"column":82}},"8":{"start":{"line":34,"column":10},"end":{"line":34,"column":36}}},"fnMap":{"0":{"name":"CollectionsOverview","decl":{"start":{"line":26,"column":16},"end":{"line":26,"column":null}},"loc":{"start":{"line":26,"column":16},"end":{"line":77,"column":null}}},"1":{"name":"(anonymous_3)","decl":{"start":{"line":27,"column":45},"end":{"line":27,"column":46}},"loc":{"start":{"line":27,"column":55},"end":{"line":27,"column":82}}},"2":{"name":"(anonymous_4)","decl":{"start":{"line":33,"column":31},"end":{"line":33,"column":32}},"loc":{"start":{"line":34,"column":10},"end":{"line":34,"column":36}}}},"branchMap":{"0":{"loc":{"start":{"line":61,"column":64},"end":{"line":61,"column":127}},"type":"cond-expr","locations":[{"start":{"line":61,"column":92},"end":{"line":61,"column":111}},{"start":{"line":61,"column":111},"end":{"line":61,"column":127}}]},"1":{"loc":{"start":{"line":62,"column":19},"end":{"line":62,"column":57}},"type":"cond-expr","locations":[{"start":{"line":62,"column":47},"end":{"line":62,"column":53}},{"start":{"line":62,"column":53},"end":{"line":62,"column":57}}]},"2":{"loc":{"start":{"line":63,"column":59},"end":{"line":63,"column":106}},"type":"cond-expr","locations":[{"start":{"line":63,"column":87},"end":{"line":63,"column":92}},{"start":{"line":63,"column":92},"end":{"line":63,"column":106}}]}},"s":{"0":0,"1":0,"2":0,"3":0,"4":0,"5":0,"6":0,"7":0,"8":0},"f":{"0":0,"1":0,"2":0},"b":{"0":[0,0],"1":[0,0],"2":[0,0]}}
,"/home/scotianog/the-soless-system/sol-arium/components/create-proposal.tsx": {"path":"/home/scotianog/the-soless-system/sol-arium/components/create-proposal.tsx","statementMap":{"0":{"start":{"line":14,"column":16},"end":{"line":14,"column":31}},"1":{"start":{"line":3,"column":25},"end":{"line":3,"column":null}},"2":{"start":{"line":4,"column":23},"end":{"line":4,"column":null}},"3":{"start":{"line":5,"column":22},"end":{"line":5,"column":null}},"4":{"start":{"line":6,"column":25},"end":{"line":6,"column":null}},"5":{"start":{"line":7,"column":22},"end":{"line":7,"column":null}},"6":{"start":{"line":8,"column":79},"end":{"line":8,"column":null}},"7":{"start":{"line":15,"column":28},"end":{"line":15,"column":null}},"8":{"start":{"line":16,"column":40},"end":{"line":16,"column":null}},"9":{"start":{"line":17,"column":42},"end":{"line":17,"column":null}},"10":{"start":{"line":19,"column":23},"end":{"line":24,"column":null}},"11":{"start":{"line":20,"column":4},"end":{"line":20,"column":null}},"12":{"start":{"line":22,"column":4},"end":{"line":22,"column":null}},"13":{"start":{"line":23,"column":4},"end":{"line":23,"column":null}},"14":{"start":{"line":38,"column":31},"end":{"line":38,"column":null}},"15":{"start":{"line":48,"column":31},"end":{"line":48,"column":null}},"16":{"start":{"line":59,"column":31},"end":{"line":59,"column":null}}},"fnMap":{"0":{"name":"CreateProposal","decl":{"start":{"line":14,"column":16},"end":{"line":14,"column":31}},"loc":{"start":{"line":14,"column":63},"end":{"line":76,"column":null}}},"1":{"name":"(anonymous_2)","decl":{"start":{"line":19,"column":23},"end":{"line":19,"column":24}},"loc":{"start":{"line":19,"column":24},"end":{"line":24,"column":null}}},"2":{"name":"(anonymous_3)","decl":{"start":{"line":38,"column":24},"end":{"line":38,"column":25}},"loc":{"start":{"line":38,"column":31},"end":{"line":38,"column":null}}},"3":{"name":"(anonymous_4)","decl":{"start":{"line":48,"column":24},"end":{"line":48,"column":25}},"loc":{"start":{"line":48,"column":31},"end":{"line":48,"column":null}}},"4":{"name":"(anonymous_5)","decl":{"start":{"line":59,"column":24},"end":{"line":59,"column":25}},"loc":{"start":{"line":59,"column":31},"end":{"line":59,"column":null}}}},"branchMap":{},"s":{"0":0,"1":0,"2":0,"3":0,"4":0,"5":0,"6":0,"7":0,"8":0,"9":0,"10":0,"11":0,"12":0,"13":0,"14":0,"15":0,"16":0},"f":{"0":0,"1":0,"2":0,"3":0,"4":0},"b":{}}
,"/home/scotianog/the-soless-system/sol-arium/components/created-grid.tsx": {"path":"/home/scotianog/the-soless-system/sol-arium/components/created-grid.tsx","statementMap":{"0":{"start":{"line":3,"column":9},"end":{"line":3,"column":null}},"1":{"start":{"line":1,"column":45},"end":{"line":1,"column":null}}},"fnMap":{},"branchMap":{},"s":{"0":0,"1":0},"f":{},"b":{}}
[...]
,"column":null}}},"18":{"name":"toggleFollowUser","decl":{"start":{"line":279,"column":22},"end":{"line":279,"column":38}},"loc":{"start":{"line":280,"column":18},"end":{"line":285,"column":null}}},"19":{"name":"getUserFollowers","decl":{"start":{"line":290,"column":22},"end":{"line":290,"column":38}},"loc":{"start":{"line":293,"column":15},"end":{"line":329,"column":null}}},"20":{"name":"getUserFollowing","decl":{"start":{"line":334,"column":22},"end":{"line":334,"column":38}},"loc":{"start":{"line":337,"column":15},"end":{"line":373,"column":null}}},"21":{"name":"searchUsers","decl":{"start":{"line":378,"column":22},"end":{"line":378,"column":33}},"loc":{"start":{"line":381,"column":15},"end":{"line":422,"column":null}}}},"branchMap":{"0":{"loc":{"start":{"line":129,"column":2},"end":{"line":129,"column":10}},"type":"default-arg","locations":[{"start":{"line":129,"column":9},"end":{"line":129,"column":10}}]},"1":{"loc":{"start":{"line":130,"column":2},"end":{"line":130,"column":15}},"type":"default-arg","locations":[{"start":{"line":130,"column":13},"end":{"line":130,"column":15}}]},"2":{"loc":{"start":{"line":161,"column":2},"end":{"line":161,"column":10}},"type":"default-arg","locations":[{"start":{"line":161,"column":9},"end":{"line":161,"column":10}}]},"3":{"loc":{"start":{"line":162,"column":2},"end":{"line":162,"column":15}},"type":"default-arg","locations":[{"start":{"line":162,"column":13},"end":{"line":162,"column":15}}]},"4":{"loc":{"start":{"line":193,"column":2},"end":{"line":193,"column":10}},"type":"default-arg","locations":[{"start":{"line":193,"column":9},"end":{"line":193,"column":10}}]},"5":{"loc":{"start":{"line":194,"column":2},"end":{"line":194,"column":15}},"type":"default-arg","locations":[{"start":{"line":194,"column":13},"end":{"line":194,"column":15}}]},"6":{"loc":{"start":{"line":225,"column":2},"end":{"line":225,"column":10}},"type":"default-arg","locations":[{"start":{"line":225,"column":9},"end":{"line":225,"column":10}}]},"7":{"loc":{"start":{"line":226,"column":2},"end":{"line":226,"column":15}},"type":"default-arg","locations":[{"start":{"line":226,"column":13},"end":{"line":226,"column":15}}]},"8":{"loc":{"start":{"line":235,"column":2},"end":{"line":237,"column":null}},"type":"if","locations":[{"start":{"line":235,"column":2},"end":{"line":237,"column":null}}]},"9":{"loc":{"start":{"line":249,"column":2},"end":{"line":249,"column":10}},"type":"default-arg","locations":[{"start":{"line":249,"column":9},"end":{"line":249,"column":10}}]},"10":{"loc":{"start":{"line":250,"column":2},"end":{"line":250,"column":15}},"type":"default-arg","locations":[{"start":{"line":250,"column":13},"end":{"line":250,"column":15}}]},"11":{"loc":{"start":{"line":292,"column":2},"end":{"line":292,"column":10}},"type":"default-arg","locations":[{"start":{"line":292,"column":9},"end":{"line":292,"column":10}}]},"12":{"loc":{"start":{"line":293,"column":2},"end":{"line":293,"column":15}},"type":"default-arg","locations":[{"start":{"line":293,"column":13},"end":{"line":293,"column":15}}]},"13":{"loc":{"start":{"line":336,"column":2},"end":{"line":336,"column":10}},"type":"default-arg","locations":[{"start":{"line":336,"column":9},"end":{"line":336,"column":10}}]},"14":{"loc":{"start":{"line":337,"column":2},"end":{"line":337,"column":15}},"type":"default-arg","locations":[{"start":{"line":337,"column":13},"end":{"line":337,"column":15}}]},"15":{"loc":{"start":{"line":380,"column":2},"end":{"line":380,"column":10}},"type":"default-arg","locations":[{"start":{"line":380,"column":9},"end":{"line":380,"column":10}}]},"16":{"loc":{"start":{"line":381,"column":2},"end":{"line":381,"column":15}},"type":"default-arg","locations":[{"start":{"line":381,"column":13},"end":{"line":381,"column":15}}]}},"s":{"0":0,"1":0,"2":0,"3":0,"4":0,"5":0,"6":0,"7":0,"8":0,"9":0,"10":0,"11":0,"12":0,"13":0,"14":0,"15":0,"16":0,"17":0,"18":0,"19":0,"20":0,"21":0,"22":0,"23":0,"24":0,"25":0,"26":0,"27":0,"28":0,"29":0,"30":0,"31":0,"32":0,"33":0,"34":0,"35":0,"36":0,"37":0,"38":0},"f":{"0":0,"1":0,"2":0,"3":0,"4":0,"5":0,"6":0,"7":0,"8":0,"9":0,"10":0,"11":0,"12":0,"13":0,"14":0,"15":0,"16":0,"17":0,"18":0,"19":0,"20":0,"21":0},"b":{"0":[0],"1":[0],"2":[0],"3":[0],"4":[0],"5":[0],"6":[0],"7":[0],"8":[0],"9":[0],"10":[0],"11":[0],"12":[0],"13":[0],"14":[0],"15":[0],"16":[0]}}
,"/home/scotianog/the-soless-system/sol-arium/lib/services/wallet-service.ts": {"path":"/home/scotianog/the-soless-system/sol-arium/lib/services/wallet-service.ts","statementMap":{"0":{"start":{"line":317,"column":22},"end":{"line":317,"column":34}},"1":{"start":{"line":363,"column":22},"end":{"line":363,"column":43}},"2":{"start":{"line":478,"column":22},"end":{"line":478,"column":41}},"3":{"start":{"line":247,"column":22},"end":{"line":247,"column":33}},"4":{"start":{"line":302,"column":22},"end":{"line":302,"column":39}},"5":{"start":{"line":295,"column":22},"end":{"line":295,"column":43}},"6":{"start":{"line":397,"column":22},"end":{"line":397,"column":39}},"7":{"start":{"line":390,"column":22},"end":{"line":390,"column":41}},"8":{"start":{"line":505,"column":22},"end":{"line":505,"column":40}},"9":{"start":{"line":268,"column":22},"end":{"line":268,"column":44}},"10":{"start":{"line":536,"column":22},"end":{"line":536,"column":40}},"11":{"start":{"line":223,"column":22},"end":{"line":223,"column":34}},"12":{"start":{"line":563,"column":22},"end":{"line":563,"column":35}},"13":{"start":{"line":172,"column":22},"end":{"line":172,"column":37}},"14":{"start":{"line":159,"column":22},"end":{"line":159,"column":39}},"15":{"start":{"line":342,"column":22},"end":{"line":342,"column":37}},"16":{"start":{"line":436,"column":22},"end":{"line":436,"column":33}},"17":{"start":{"line":459,"column":22},"end":{"line":459,"column":35}},"18":{"start":{"line":7,"column":36},"end":{"line":7,"column":null}},"19":{"start":{"line":135,"column":25},"end":{"line":154,"column":null}},"20":{"start":{"line":145,"column":51},"end":{"line":145,"column":100}},"21":{"start":{"line":150,"column":49},"end":{"line":150,"column":96}},"22":{"start":{"line":153,"column":35},"end":{"line":153,"column":67}},"23":{"start":{"line":160,"column":79},"end":{"line":160,"column":null}},"24":{"start":{"line":162,"column":2},"end":{"line":164,"column":null}},"25":{"start":{"line":163,"column":4},"end":{"line":163,"column":null}},"26":{"start":{"line":166,"column":2},"end":{"line":166,"column":null}},"27":{"start":{"line":192,"column":79},"end":{"line":198,"column":null}},"28":{"start":{"line":201,"column":2},"end":{"line":203,"column":null}},"29":{"start":{"line":202,"column":4},"end":{"line":202,"column":null}},"30":{"start":{"line":205,"column":2},"end":{"line":207,"column":null}},"31":{"start":{"line":206,"column":4},"end":{"line":206,"column":null}},"32":{"start":{"line":209,"column":2},"end":{"line":217,"column":null}},"33":{"start":{"line":230,"column":79},"end":{"line":235,"column":null}},"34":{"start":{"line":237,"column":2},"end":{"line":239,"column":null}},"35":{"start":{"line":238,"column":4},"end":{"line":238,"column":null}},"36":{"start":{"line":241,"column":2},"end":{"line":241,"column":null}},"37":{"start":{"line":255,"column":2},"end":{"line":262,"column":null}},"38":{"start":{"line":276,"column":79},"end":{"line":276,"column":null}},"39":{"start":{"line":278,"column":2},"end":{"line":280,"column":null}},"40":{"start":{"line":279,"column":4},"end":{"line":279,"column":null}},"41":{"start":{"line":282,"column":2},"end":{"line":289,"column":null}},"42":{"start":{"line":296,"column":2},"end":{"line":296,"column":null}},"43":{"start":{"line":305,"column":79},"end":{"line":305,"column":null}},"44":{"start":{"line":307,"column":2},"end":{"line":309,"column":null}},"45":{"start":{"line":308,"column":4},"end":{"line":308,"column":null}},"46":{"start":{"line":311,"column":2},"end":{"line":311,"column":null}},"47":{"start":{"line":327,"column":2},"end":{"line":336,"column":null}},"48":{"start":{"line":350,"column":2},"end":{"line":357,"column":null}},"49":{"start":{"line":375,"column":2},"end":{"line":384,"column":null}},"50":{"start":{"line":391,"column":2},"end":{"line":391,"column":null}},"51":{"start":{"line":414,"column":2},"end":{"line":430,"column":null}},"52":{"start":{"line":445,"column":2},"end":{"line":453,"column":null}},"53":{"start":{"line":466,"column":2},"end":{"line":472,"column":null}},"54":{"start":{"line":490,"column":2},"end":{"line":499,"column":null}},"55":{"start":{"line":518,"column":2},"end":{"line":530,"column":null}},"56":{"start":{"line":544,"column":79},"end":{"line":544,"column":null}},"57":{"start":{"line":546,"column":2},"end":{"line":548,"column":null}},"58":{"start":{"line":547,"column":4},"end":{"line":547,"column":null}},"59":{"start":{"line":550,"column":2},"end":{"line":557,"column":null}},"60":{"start":{"line":574,"column":2},"end":{"line":582,"column":null}}},"fnMap":{"0":{"name":"(anonymous_19)","decl":{"start":{"line":145,"column":27},"end":{"line":145,"column":28}},"loc":{"start":{"line":145,"column":51},"end":{"line":145,"column":100}}},"1":{"name":"(anonymous_20)","decl":{"start":{"line":150,"column":25},"end":{"line":150,"column":26}},"loc":{"start":{"line":150,"column":49},"end":{"line":150,"column":96}}},"2":{"name":"(anonymous_21)","decl":{"start":{"line":153,"column":15},"end":{"line":153,"column":16}},"loc":{"start":{"line":153,"column":35},"end":{"line":153,"column":67}}},"3":{"name":"getWalletBalances","decl":{"start":{"line":159,"column":22},"end":{"line":159,"column":39}},"loc":{"start":{"line":159,"column":54},"end":{"line":167,"column":null}}},"4":{"name":"getTransactions","decl":{"start":{"line":172,"column":22},"end":{"line":172,"column":37}},"loc":{"start":{"line":181,"column":8},"end":{"line":218,"column":null}}},"5":{"name":"getSwapQuote","decl":{"start":{"line":223,"column":22},"end":{"line":223,"column":34}},"loc":{"start":{"line":228,"column":16},"end":{"line":242,"column":null}}},"6":{"name":"executeSwap","decl":{"start":{"line":247,"column":22},"end":{"line":247,"column":33}},"loc":{"start":{"line":253,"column":16},"end":{"line":263,"column":null}}},"7":{"name":"getSupportedSwapTokens","decl":{"start":{"line":268,"column":22},"end":{"line":268,"column":44}},"loc":{"start":{"line":268,"column":59},"end":{"line":290,"column":null}}},"8":{"name":"getLiquidityPositions","decl":{"start":{"line":295,"column":22},"end":{"line":295,"column":43}},"loc":{"start":{"line":295,"column":22},"end":{"line":297,"column":null}}},"9":{"name":"getLiquidityPools","decl":{"start":{"line":302,"column":22},"end":{"line":302,"column":39}},"loc":{"start":{"line":303,"column":16},"end":{"line":312,"column":null}}},"10":{"name":"addLiquidity","decl":{"start":{"line":317,"column":22},"end":{"line":317,"column":34}},"loc":{"start":{"line":321,"column":16},"end":{"line":337,"column":null}}},"11":{"name":"removeLiquidity","decl":{"start":{"line":342,"column":22},"end":{"line":342,"column":37}},"loc":{"start":{"line":345,"column":16},"end":{"line":358,"column":null}}},"12":{"name":"claimLiquidityRewards","decl":{"start":{"line":363,"column":22},"end":{"line":363,"column":43}},"loc":{"start":{"line":364,"column":20},"end":{"line":385,"column":null}}},"13":{"name":"getStakingPositions","decl":{"start":{"line":390,"column":22},"end":{"line":390,"column":41}},"loc":{"start":{"line":390,"column":22},"end":{"line":392,"column":null}}},"14":{"name":"getStakingOptions","decl":{"start":{"line":397,"column":22},"end":{"line":397,"column":39}},"loc":{"start":{"line":397,"column":22},"end":{"line":431,"column":null}}},"15":{"name":"stakeTokens","decl":{"start":{"line":436,"column":22},"end":{"line":436,"column":33}},"loc":{"start":{"line":439,"column":20},"end":{"line":454,"column":null}}},"16":{"name":"unstakeTokens","decl":{"start":{"line":459,"column":22},"end":{"line":459,"column":35}},"loc":{"start":{"line":461,"column":16},"end":{"line":473,"column":null}}},"17":{"name":"claimStakingRewards","decl":{"start":{"line":478,"column":22},"end":{"line":478,"column":41}},"loc":{"start":{"line":479,"column":20},"end":{"line":500,"column":null}}},"18":{"name":"getSupportedChains","decl":{"start":{"line":505,"column":22},"end":{"line":505,"column":40}},"loc":{"start":{"line":505,"column":22},"end":{"line":531,"column":null}}},"19":{"name":"getSupportedTokens","decl":{"start":{"line":536,"column":22},"end":{"line":536,"column":40}},"loc":{"start":{"line":536,"column":55},"end":{"line":558,"column":null}}},"20":{"name":"getTokenPrice","decl":{"start":{"line":563,"column":22},"end":{"line":563,"column":35}},"loc":{"start":{"line":564,"column":16},"end":{"line":583,"column":null}}}},"branchMap":{"0":{"loc":{"start":{"line":162,"column":2},"end":{"line":164,"column":null}},"type":"if","locations":[{"start":{"line":162,"column":2},"end":{"line":164,"column":null}}]},"1":{"loc":{"start":{"line":173,"column":2},"end":{"line":173,"column":10}},"type":"default-arg","locations":[{"start":{"line":173,"column":9},"end":{"line":173,"column":10}}]},"2":{"loc":{"start":{"line":174,"column":2},"end":{"line":174,"column":15}},"type":"default-arg","locations":[{"start":{"line":174,"column":13},"end":{"line":174,"column":15}}]},"3":{"loc":{"start":{"line":175,"column":2},"end":{"line":181,"column":8}},"type":"default-arg","locations":[{"start":{"line":181,"column":6},"end":{"line":181,"column":8}}]},"4":{"loc":{"start":{"line":201,"column":2},"end":{"line":203,"column":null}},"type":"if","locations":[{"start":{"line":201,"column":2},"end":{"line":203,"column":null}}]},"5":{"loc":{"start":{"line":205,"column":2},"end":{"line":207,"column":null}},"type":"if","locations":[{"start":{"line":205,"column":2},"end":{"line":207,"column":null}}]},"6":{"loc":{"start":{"line":227,"column":2},"end":{"line":227,"column":16}},"type":"default-arg","locations":[{"start":{"line":227,"column":13},"end":{"line":227,"column":16}}]},"7":{"loc":{"start":{"line":237,"column":2},"end":{"line":239,"column":null}},"type":"if","locations":[{"start":{"line":237,"column":2},"end":{"line":239,"column":null}}]},"8":{"loc":{"start":{"line":252,"column":2},"end":{"line":252,"column":16}},"type":"default-arg","locations":[{"start":{"line":252,"column":13},"end":{"line":252,"column":16}}]},"9":{"loc":{"start":{"line":278,"column":2},"end":{"line":280,"column":null}},"type":"if","locations":[{"start":{"line":278,"column":2},"end":{"line":280,"column":null}}]},"10":{"loc":{"start":{"line":307,"column":2},"end":{"line":309,"column":null}},"type":"if","locations":[{"start":{"line":307,"column":2},"end":{"line":309,"column":null}}]},"11":{"loc":{"start":{"line":321,"column":2},"end":{"line":321,"column":16}},"type":"default-arg","locations":[{"start":{"line":321,"column":13},"end":{"line":321,"column":16}}]},"12":{"loc":{"start":{"line":345,"column":2},"end":{"line":345,"column":16}},"type":"default-arg","locations":[{"start":{"line":345,"column":13},"end":{"line":345,"column":16}}]},"13":{"loc":{"start":{"line":439,"column":2},"end":{"line":439,"column":20}},"type":"default-arg","locations":[{"start":{"line":439,"column":19},"end":{"line":439,"column":20}}]},"14":{"loc":{"start":{"line":546,"column":2},"end":{"line":548,"column":null}},"type":"if","locations":[{"start":{"line":546,"column":2},"end":{"line":548,"column":null}}]}},"s":{"0":0,"1":0,"2":0,"3":0,"4":0,"5":0,"6":0,"7":0,"8":0,"9":0,"10":0,"11":0,"12":0,"13":0,"14":0,"15":0,"16":0,"17":0,"18":0,"19":0,"20":0,"21":0,"22":0,"23":0,"24":0,"25":0,"26":0,"27":0,"28":0,"29":0,"30":0,"31":0,"32":0,"33":0,"34":0,"35":0,"36":0,"37":0,"38":0,"39":0,"40":0,"41":0,"42":0,"43":0,"44":0,"45":0,"46":0,"47":0,"48":0,"49":0,"50":0,"51":0,"52":0,"53":0,"54":0,"55":0,"56":0,"57":0,"58":0,"59":0,"60":0},"f":{"0":0,"1":0,"2":0,"3":0,"4":0,"5":0,"6":0,"7":0,"8":0,"9":0,"10":0,"11":0,"12":0,"13":0,"14":0,"15":0,"16":0,"17":0,"18":0,"19":0,"20":0},"b":{"0":[0],"1":[0],"2":[0],"3":[0],"4":[0],"5":[0],"6":[0],"7":[0],"8":[0],"9":[0],"10":[0],"11":[0],"12":[0],"13":[0],"14":[0]}}
,"/home/scotianog/the-soless-system/sol-arium/lib/utils/client-utils.ts": {"path":"/home/scotianog/the-soless-system/sol-arium/lib/utils/client-utils.ts","statementMap":{"0":{"start":{"line":20,"column":13},"end":{"line":20,"column":28}},"1":{"start":{"line":13,"column":13},"end":{"line":13,"column":27}},"2":{"start":{"line":8,"column":13},"end":{"line":8,"column":21}},"3":{"start":{"line":27,"column":13},"end":{"line":27,"column":29}},"4":{"start":{"line":46,"column":13},"end":{"line":46,"column":27}},"5":{"start":{"line":8,"column":24},"end":{"line":8,"column":null}},"6":{"start":{"line":13,"column":30},"end":{"line":15,"column":null}},"7":{"start":{"line":14,"column":2},"end":{"line":14,"column":null}},"8":{"start":{"line":20,"column":31},"end":{"line":22,"column":null}},"9":{"start":{"line":21,"column":2},"end":{"line":21,"column":null}},"10":{"start":{"line":27,"column":32},"end":{"line":41,"column":null}},"11":{"start":{"line":29,"column":4},"end":{"line":29,"column":null}},"12":{"start":{"line":32,"column":4},"end":{"line":34,"column":null}},"13":{"start":{"line":33,"column":6},"end":{"line":33,"column":null}},"14":{"start":{"line":37,"column":4},"end":{"line":39,"column":null}},"15":{"start":{"line":38,"column":6},"end":{"line":38,"column":null}},"16":{"start":{"line":46,"column":30},"end":{"line":48,"column":null}},"17":{"start":{"line":47,"column":2},"end":{"line":47,"column":null}}},"fnMap":{"0":{"name":"(anonymous_6)","decl":{"start":{"line":13,"column":30},"end":{"line":13,"column":null}},"loc":{"start":{"line":13,"column":30},"end":{"line":15,"column":null}}},"1":{"name":"(anonymous_7)","decl":{"start":{"line":20,"column":31},"end":{"line":20,"column":null}},"loc":{"start":{"line":20,"column":31},"end":{"line":22,"column":null}}},"2":{"name":"(anonymous_8)","decl":{"start":{"line":28,"column":11},"end":{"line":28,"column":12}},"loc":{"start":{"line":28,"column":12},"end":{"line":30,"column":null}}},"3":{"name":"(anonymous_9)","decl":{"start":{"line":31,"column":11},"end":{"line":31,"column":12}},"loc":{"start":{"line":31,"column":25},"end":{"line":35,"column":null}}},"4":{"name":"(anonymous_10)","decl":{"start":{"line":36,"column":14},"end":{"line":36,"column":15}},"loc":{"start":{"line":36,"column":15},"end":{"line":40,"column":null}}},"5":{"name":"(anonymous_11)","decl":{"start":{"line":46,"column":30},"end":{"line":46,"column":31}},"loc":{"start":{"line":46,"column":31},"end":{"line":48,"column":null}}}},"branchMap":{"0":{"loc":{"start":{"line":14,"column":9},"end":{"line":14,"column":null}},"type":"cond-expr","locations":[{"start":{"line":14,"column":20},"end":{"line":14,"column":37}},{"start":{"line":14,"column":40},"end":{"line":14,"column":null}}]},"1":{"loc":{"start":{"line":21,"column":9},"end":{"line":21,"column":null}},"type":"cond-expr","locations":[{"start":{"line":21,"column":20},"end":{"line":21,"column":38}},{"start":{"line":21,"column":41},"end":{"line":21,"column":null}}]},"2":{"loc":{"start":{"line":29,"column":11},"end":{"line":29,"column":null}},"type":"cond-expr","locations":[{"start":{"line":29,"column":22},"end":{"line":29,"column":50}},{"start":{"line":29,"column":50},"end":{"line":29,"column":null}}]},"3":{"loc":{"start":{"line":32,"column":4},"end":{"line":34,"column":null}},"type":"if","locations":[{"start":{"line":32,"column":4},"end":{"line":34,"column":null}}]},"4":{"loc":{"start":{"line":37,"column":4},"end":{"line":39,"column":null}},"type":"if","locations":[{"start":{"line":37,"column":4},"end":{"line":39,"column":null}}]},"5":{"loc":{"start":{"line":47,"column":9},"end":{"line":47,"column":null}},"type":"cond-expr","locations":[{"start":{"line":47,"column":20},"end":{"line":47,"column":47}},{"start":{"line":47,"column":47},"end":{"line":47,"column":null}}]}},"s":{"0":0,"1":0,"2":0,"3":0,"4":0,"5":0,"6":0,"7":0,"8":0,"9":0,"10":0,"11":0,"12":0,"13":0,"14":0,"15":0,"16":0,"17":0},"f":{"0":0,"1":0,"2":0,"3":0,"4":0,"5":0},"b":{"0":[0,0],"1":[0,0],"2":[0,0],"3":[0],"4":[0],"5":[0,0]}}
}
