TN:
SF:app/layout.tsx
FN:24,RootLayout
FNF:1
FNH:0
FNDA:0,RootLayout
DA:2,0
DA:3,0
DA:4,0
DA:5,0
DA:6,0
DA:7,0
DA:8,0
DA:9,0
DA:10,0
DA:11,0
DA:13,0
DA:18,0
DA:24,0
LF:13
LH:0
BRF:0
BRH:0
end_of_record
TN:
SF:app/not-found.tsx
FN:3,NotFound
FNF:1
FNH:0
FNDA:0,NotFound
DA:1,0
DA:3,0
LF:2
LH:0
BRF:0
BRH:0
end_of_record
TN:
SF:app/page.tsx
FN:5,HomePage
FNF:1
FNH:0
FNDA:0,HomePage
DA:1,0
DA:2,0
DA:3,0
DA:5,0
LF:4
LH:0
BRF:0
BRH:0
end_of_record
TN:
SF:app/create-collection/page.tsx
FN:10,CreateCollectionPage
FN:27,(anonymous_2)
FN:38,(anonymous_3)
FN:51,(anonymous_4)
FN:73,(anonymous_5)
FN:126,(anonymous_6)
FNF:6
FNH:0
FNDA:0,CreateCollectionPage
FNDA:0,(anonymous_2)
FNDA:0,(anonymous_3)
FNDA:0,(anonymous_4)
FNDA:0,(anonymous_5)
FNDA:0,(anonymous_6)
DA:3,0
DA:4,0
DA:5,0
DA:6,0
DA:7,0
DA:8,0
DA:10,0
DA:11,0
DA:12,0
DA:14,0
DA:15,0
DA:27,0
DA:28,0
DA:29,0
DA:32,0
DA:33,0
DA:38,0
DA:39,0
DA:41,0
DA:42,0
DA:47,0
DA:51,0
DA:52,0
DA:57,0
DA:60,0
DA:61,0
DA:63,0
DA:69,0
DA:73,0
DA:74,0
DA:127,0
LF:31
LH:0
BRDA:28,0,0,0
BRDA:28,0,1,0
BRDA:32,1,0,0
BRDA:39,2,0,0
BRDA:39,2,1,0
BRDA:41,3,0,0
BRDA:41,4,0,0
BRDA:41,4,1,0
BRDA:41,4,2,0
BRDA:51,5,0,0
BRDA:61,6,0,0
BRDA:84,7,0,0
BRDA:95,8,0,0
BRDA:134,9,0,0
BRF:14
BRH:0
end_of_record
TN:
SF:app/create-nft/page.tsx
FN:10,CreateNFTPage
FN:36,(anonymous_2)
FN:47,(anonymous_3)
FN:81,(anonymous_4)
FN:156,(anonymous_5)
FN:168,(anonymous_6)
FNF:6
FNH:0
FNDA:0,CreateNFTPage
FNDA:0,(anonymous_2)
FNDA:0,(anonymous_3)
FNDA:0,(anonymous_4)
FNDA:0,(anonymous_5)
FNDA:0,(anonymous_6)
DA:3,0
DA:4,0
DA:5,0
DA:6,0
DA:7,0
DA:8,0
DA:10,0
DA:11,0
DA:12,0
DA:15,0
DA:23,0
DA:24,0
DA:36,0
DA:37,0
DA:38,0
DA:41,0
DA:42,0
DA:47,0
DA:48,0
DA:50,0
DA:51,0
DA:56,0
DA:59,0
DA:60,0
DA:65,0
DA:68,0
DA:69,0
DA:71,0
DA:77,0
DA:81,0
DA:82,0
DA:156,0
DA:169,0
LF:33
LH:0
BRDA:37,0,0,0
BRDA:37,0,1,0
BRDA:41,1,0,0
BRDA:48,2,0,0
BRDA:48,2,1,0
BRDA:50,3,0,0
BRDA:50,4,0,0
BRDA:50,4,1,0
BRDA:50,4,2,0
BRDA:59,5,0,0
BRDA:59,6,0,0
BRDA:59,6,1,0
BRDA:59,6,2,0
BRDA:69,7,0,0
BRDA:96,8,0,0
BRDA:96,8,1,0
BRDA:100,9,0,0
BRDA:100,9,1,0
BRDA:102,10,0,0
BRDA:102,10,1,0
BRDA:109,11,0,0
BRDA:121,12,0,0
BRDA:130,13,0,0
BRDA:156,14,0,0
BRDA:156,14,1,0
BRDA:164,15,0,0
BRDA:169,16,0,0
BRDA:169,16,1,0
BRDA:169,17,0,0
BRDA:169,17,1,0
BRDA:180,18,0,0
BRF:31
BRH:0
end_of_record
TN:
SF:app/deploy/page.tsx
FN:8,DeployPage
FN:13,(anonymous_2)
FN:18,(anonymous_3)
FN:23,(anonymous_4)
FN:44,(anonymous_5)
FNF:5
FNH:0
FNDA:0,DeployPage
FNDA:0,(anonymous_2)
FNDA:0,(anonymous_3)
FNDA:0,(anonymous_4)
FNDA:0,(anonymous_5)
DA:3,0
DA:4,0
DA:5,0
DA:6,0
DA:8,0
DA:9,0
DA:10,0
DA:11,0
DA:13,0
DA:14,0
DA:15,0
DA:18,0
DA:19,0
DA:20,0
DA:23,0
DA:24,0
DA:44,0
LF:17
LH:0
BRDA:31,0,0,0
BRDA:34,1,0,0
BRDA:34,1,1,0
BRDA:41,2,0,0
BRDA:41,2,1,0
BRF:5
BRH:0
end_of_record
TN:
SF:app/faq/page.tsx
FN:3,FAQPage
FN:60,(anonymous_2)
FNF:2
FNH:0
FNDA:0,FAQPage
FNDA:0,(anonymous_2)
DA:1,0
DA:3,0
DA:4,0
DA:61,0
LF:4
LH:0
BRF:0
BRH:0
end_of_record
TN:
SF:app/governance/page.tsx
FN:10,GovernancePage
FN:17,(anonymous_2)
FN:41,(anonymous_3)
FNF:3
FNH:0
FNDA:0,GovernancePage
FNDA:0,(anonymous_2)
FNDA:0,(anonymous_3)
DA:3,0
DA:4,0
DA:5,0
DA:6,0
DA:7,0
DA:8,0
DA:10,0
DA:11,0
DA:17,0
DA:41,0
LF:10
LH:0
BRDA:40,0,0,0
BRF:1
BRH:0
end_of_record
TN:
SF:app/liquidity-vault/page.tsx
FN:9,LiquidityVaultPage
FNF:1
FNH:0
FNDA:0,LiquidityVaultPage
DA:3,0
DA:4,0
DA:5,0
DA:6,0
DA:7,0
DA:9,0
DA:10,0
LF:7
LH:0
BRF:0
BRH:0
end_of_record
TN:
SF:app/login/page.tsx
FN:8,LoginPage
FN:12,(anonymous_2)
FNF:2
FNH:0
FNDA:0,LoginPage
FNDA:0,(anonymous_2)
DA:3,0
DA:4,0
DA:5,0
DA:6,0
DA:8,0
DA:9,0
DA:10,0
DA:12,0
DA:14,0
DA:15,0
DA:16,0
LF:11
LH:0
BRDA:15,0,0,0
BRF:1
BRH:0
end_of_record
TN:
SF:app/marketplace/page.tsx
FN:6,MarketplacePage
FNF:1
FNH:0
FNDA:0,MarketplacePage
DA:1,0
DA:2,0
DA:3,0
DA:4,0
DA:6,0
LF:5
LH:0
BRF:0
BRH:0
end_of_record
TN:
SF:app/profile/page.tsx
FN:11,ProfilePage
FNF:1
FNH:0
FNDA:0,ProfilePage
DA:3,0
DA:4,0
DA:5,0
DA:6,0
DA:7,0
DA:8,0
DA:9,0
DA:11,0
DA:12,0
LF:9
LH:0
BRDA:19,0,0,0
BRDA:19,0,1,0
BRDA:20,1,0,0
BRDA:20,1,1,0
BRDA:21,2,0,0
BRDA:21,2,1,0
BRDA:22,3,0,0
BRDA:22,3,1,0
BRF:8
BRH:0
end_of_record
TN:
SF:app/quick-swap/page.tsx
FN:3,QuickSwapPage
FNF:1
FNH:0
FNDA:0,QuickSwapPage
DA:1,0
DA:3,0
LF:2
LH:0
BRF:0
BRH:0
end_of_record
TN:
SF:app/soless-dashboard/page.tsx
FN:7,SOLessDashboardPage
FNF:1
FNH:0
FNDA:0,SOLessDashboardPage
DA:3,0
DA:4,0
DA:5,0
DA:7,0
LF:4
LH:0
BRF:0
BRH:0
end_of_record
TN:
SF:app/soless-swift-swap/page.tsx
FN:3,SOLessSwiftSwapPage
FNF:1
FNH:0
FNDA:0,SOLessSwiftSwapPage
DA:1,0
DA:3,0
LF:2
LH:0
BRF:0
BRH:0
end_of_record
TN:
SF:app/storefront/page.tsx
FN:10,StorefrontPage
FNF:1
FNH:0
FNDA:0,StorefrontPage
DA:3,0
DA:5,0
DA:6,0
DA:7,0
DA:8,0
DA:10,0
DA:11,0
DA:12,0
LF:8
LH:0
BRF:0
BRH:0
end_of_record
TN:
SF:app/vault/page.tsx
FN:4,VaultPage
FNF:1
FNH:0
FNDA:0,VaultPage
DA:1,0
DA:2,0
DA:4,0
LF:3
LH:0
BRF:0
BRH:0
end_of_record
TN:
SF:components/about-section.tsx
FN:3,AboutSection
FNF:1
FNH:0
FNDA:0,AboutSection
DA:1,0
DA:3,0
LF:2
LH:0
BRF:0
BRH:0
end_of_record
TN:
SF:components/agent-chat.tsx
FN:20,AgentChat
FN:38,(anonymous_3)
FN:44,(anonymous_4)
FN:49,(anonymous_5)
FN:50,(anonymous_6)
FN:53,(anonymous_7)
FN:54,(anonymous_8)
FN:58,(anonymous_9)
FN:62,(anonymous_10)
FN:67,(anonymous_11)
FN:72,(anonymous_12)
FN:77,(anonymous_13)
FN:83,(anonymous_14)
FN:87,(anonymous_15)
FN:95,(anonymous_16)
FN:100,(anonymous_17)
FN:104,(anonymous_18)
FN:131,(anonymous_19)
FN:137,(anonymous_20)
FN:141,(anonymous_21)
FN:163,(anonymous_22)
FN:182,(anonymous_23)
FN:191,(anonymous_24)
FN:192,(anonymous_25)
FNF:24
FNH:0
FNDA:0,AgentChat
FNDA:0,(anonymous_3)
FNDA:0,(anonymous_4)
FNDA:0,(anonymous_5)
FNDA:0,(anonymous_6)
FNDA:0,(anonymous_7)
FNDA:0,(anonymous_8)
FNDA:0,(anonymous_9)
FNDA:0,(anonymous_10)
FNDA:0,(anonymous_11)
FNDA:0,(anonymous_12)
FNDA:0,(anonymous_13)
FNDA:0,(anonymous_14)
FNDA:0,(anonymous_15)
FNDA:0,(anonymous_16)
FNDA:0,(anonymous_17)
FNDA:0,(anonymous_18)
FNDA:0,(anonymous_19)
FNDA:0,(anonymous_20)
FNDA:0,(anonymous_21)
FNDA:0,(anonymous_22)
FNDA:0,(anonymous_23)
FNDA:0,(anonymous_24)
FNDA:0,(anonymous_25)
DA:3,0
DA:4,0
DA:5,0
DA:6,0
DA:7,0
DA:20,0
DA:21,0
DA:22,0
DA:23,0
DA:24,0
DA:25,0
DA:35,0
DA:36,0
DA:38,0
DA:39,0
DA:40,0
DA:44,0
DA:46,0
DA:49,0
DA:50,0
DA:53,0
DA:54,0
DA:55,0
DA:58,0
DA:60,0
DA:62,0
DA:63,0
DA:64,0
DA:65,0
DA:67,0
DA:68,0
DA:69,0
DA:70,0
DA:72,0
DA:73,0
DA:74,0
DA:75,0
DA:77,0
DA:78,0
DA:79,0
DA:80,0
DA:82,0
DA:83,0
DA:84,0
DA:85,0
DA:86,0
DA:87,0
DA:88,0
DA:89,0
DA:91,0
DA:93,0
DA:95,0
DA:96,0
DA:97,0
DA:98,0
DA:100,0
DA:101,0
DA:102,0
DA:104,0
DA:105,0
DA:107,0
DA:109,0
DA:110,0
DA:111,0
DA:113,0
DA:114,0
DA:116,0
DA:118,0
DA:119,0
DA:121,0
DA:123,0
DA:125,0
DA:128,0
DA:131,0
DA:132,0
DA:133,0
DA:134,0
DA:137,0
DA:138,0
DA:139,0
DA:140,0
DA:141,0
DA:142,0
DA:143,0
DA:164,0
DA:182,0
DA:191,0
DA:192,0
LF:88
LH:0
BRDA:39,0,0,0
BRDA:60,1,0,0
BRDA:60,1,1,0
BRDA:60,1,2,0
BRDA:60,1,3,0
BRDA:60,1,4,0
BRDA:60,1,5,0
BRDA:60,1,6,0
BRDA:60,1,7,0
BRDA:60,1,8,0
BRDA:60,1,9,0
BRDA:82,2,0,0
BRDA:82,2,1,0
BRDA:82,3,0,0
BRDA:82,3,1,0
BRDA:86,4,0,0
BRDA:86,4,1,0
BRDA:86,5,0,0
BRDA:86,5,1,0
BRDA:110,6,0,0
BRDA:110,6,1,0
BRDA:110,7,0,0
BRDA:110,7,1,0
BRDA:114,8,0,0
BRDA:114,8,1,0
BRDA:118,9,0,0
BRDA:118,9,1,0
BRDA:132,10,0,0
BRDA:139,11,0,0
BRDA:142,12,0,0
BRDA:142,12,1,0
BRDA:164,13,0,0
BRDA:164,13,1,0
BRDA:165,14,0,0
BRDA:165,14,1,0
BRDA:173,15,0,0
BRDA:192,16,0,0
BRDA:192,16,1,0
BRDA:198,17,0,0
BRDA:198,17,1,0
BRF:40
BRH:0
end_of_record
TN:
SF:components/agent-config.tsx
FN:26,AgentConfig
FN:30,(anonymous_2)
FN:68,(anonymous_3)
FN:99,(anonymous_4)
FNF:4
FNH:0
FNDA:0,AgentConfig
FNDA:0,(anonymous_2)
FNDA:0,(anonymous_3)
FNDA:0,(anonymous_4)
DA:3,0
DA:4,0
DA:5,0
DA:6,0
DA:7,0
DA:8,0
DA:14,0
DA:15,0
DA:26,0
DA:27,0
DA:28,0
DA:30,0
DA:31,0
DA:32,0
DA:33,0
DA:34,0
DA:40,0
DA:41,0
DA:43,0
DA:44,0
DA:46,0
DA:47,0
DA:49,0
DA:68,0
DA:99,0
LF:25
LH:0
BRDA:40,0,0,0
BRDA:94,1,0,0
BRDA:94,1,1,0
BRDA:104,2,0,0
BRDA:135,3,0,0
BRDA:135,3,1,0
BRF:6
BRH:0
end_of_record
TN:
SF:components/agent-selection.tsx
FN:33,AgentSelection
FN:36,(anonymous_3)
FN:40,(anonymous_4)
FN:50,(anonymous_5)
FN:56,(anonymous_6)
FNF:5
FNH:0
FNDA:0,AgentSelection
FNDA:0,(anonymous_3)
FNDA:0,(anonymous_4)
FNDA:0,(anonymous_5)
FNDA:0,(anonymous_6)
DA:3,0
DA:4,0
DA:5,0
DA:6,0
DA:14,0
DA:33,0
DA:34,0
DA:36,0
DA:37,0
DA:40,0
DA:41,0
DA:42,0
DA:51,0
DA:56,0
LF:14
LH:0
BRDA:41,0,0,0
BRDA:54,1,0,0
BRDA:54,1,1,0
BRF:3
BRH:0
end_of_record
TN:
SF:components/ai-agent-section.tsx
FN:6,AIAgentSection
FNF:1
FNH:0
FNDA:0,AIAgentSection
DA:1,0
DA:2,0
DA:4,0
DA:6,0
LF:4
LH:0
BRF:0
BRH:0
end_of_record
TN:
SF:components/burning-mechanisms.tsx
FN:12,BurningMechanisms
FN:15,(anonymous_2)
FNF:2
FNH:0
FNDA:0,BurningMechanisms
FNDA:0,(anonymous_2)
DA:1,0
DA:2,0
DA:4,0
DA:12,0
DA:16,0
LF:5
LH:0
BRF:0
BRH:0
end_of_record
TN:
SF:components/client-header.tsx
FN:5,ClientHeader
FNF:1
FNH:0
FNDA:0,ClientHeader
DA:3,0
DA:5,0
DA:6,0
LF:3
LH:0
BRF:0
BRH:0
end_of_record
TN:
SF:components/client-quick-swap.tsx
FN:5,ClientQuickSwap
FNF:1
FNH:0
FNDA:0,ClientQuickSwap
DA:3,0
DA:5,0
DA:6,0
LF:3
LH:0
BRF:0
BRH:0
end_of_record
TN:
SF:components/client-sidebar.tsx
FN:5,ClientSidebar
FNF:1
FNH:0
FNDA:0,ClientSidebar
DA:3,0
DA:5,0
DA:6,0
LF:3
LH:0
BRF:0
BRH:0
end_of_record
TN:
SF:components/client-soless-swift-swap.tsx
FN:5,ClientSOLessSwiftSwap
FNF:1
FNH:0
FNDA:0,ClientSOLessSwiftSwap
DA:3,0
DA:5,0
DA:6,0
LF:3
LH:0
BRF:0
BRH:0
end_of_record
TN:
SF:components/client-upcoming-mints.tsx
FN:5,ClientUpcomingMints
FNF:1
FNH:0
FNDA:0,ClientUpcomingMints
DA:3,0
DA:5,0
DA:6,0
LF:3
LH:0
BRF:0
BRH:0
end_of_record
TN:
SF:components/collected-grid.tsx
FN:10,CollectedGrid
FN:13,(anonymous_3)
FNF:2
FNH:0
FNDA:0,CollectedGrid
FNDA:0,(anonymous_3)
DA:1,0
DA:2,0
DA:4,0
DA:10,0
DA:14,0
LF:5
LH:0
BRF:0
BRH:0
end_of_record
TN:
SF:components/collection-form.tsx
FN:33,CollectionForm
FN:38,(anonymous_3)
FN:45,(anonymous_4)
FN:46,(anonymous_5)
FN:50,(anonymous_6)
FN:51,(anonymous_7)
FN:60,(anonymous_8)
FN:64,(anonymous_9)
FN:101,(anonymous_10)
FN:125,(anonymous_11)
FN:135,(anonymous_12)
FN:145,(anonymous_13)
FN:157,(anonymous_14)
FN:173,(anonymous_15)
FN:179,(anonymous_16)
FN:188,(anonymous_17)
FN:195,(anonymous_18)
FN:220,(anonymous_19)
FN:228,(anonymous_20)
FN:248,(anonymous_21)
FN:283,(anonymous_22)
FN:297,(anonymous_23)
FNF:22
FNH:0
FNDA:0,CollectionForm
FNDA:0,(anonymous_3)
FNDA:0,(anonymous_4)
FNDA:0,(anonymous_5)
FNDA:0,(anonymous_6)
FNDA:0,(anonymous_7)
FNDA:0,(anonymous_8)
FNDA:0,(anonymous_9)
FNDA:0,(anonymous_10)
FNDA:0,(anonymous_11)
FNDA:0,(anonymous_12)
FNDA:0,(anonymous_13)
FNDA:0,(anonymous_14)
FNDA:0,(anonymous_15)
FNDA:0,(anonymous_16)
FNDA:0,(anonymous_17)
FNDA:0,(anonymous_18)
FNDA:0,(anonymous_19)
FNDA:0,(anonymous_20)
FNDA:0,(anonymous_21)
FNDA:0,(anonymous_22)
FNDA:0,(anonymous_23)
DA:3,0
DA:4,0
DA:5,0
DA:6,0
DA:7,0
DA:8,0
DA:9,0
DA:10,0
DA:11,0
DA:12,0
DA:13,0
DA:14,0
DA:33,0
DA:34,0
DA:35,0
DA:36,0
DA:38,0
DA:39,0
DA:45,0
DA:46,0
DA:47,0
DA:50,0
DA:51,0
DA:52,0
DA:53,0
DA:55,0
DA:57,0
DA:60,0
DA:61,0
DA:64,0
DA:65,0
DA:66,0
DA:67,0
DA:68,0
DA:79,0
DA:80,0
DA:81,0
DA:82,0
DA:83,0
DA:85,0
DA:88,0
DA:89,0
DA:90,0
DA:92,0
DA:94,0
DA:95,0
DA:97,0
DA:101,0
DA:105,0
DA:107,0
DA:125,0
DA:135,0
DA:145,0
DA:157,0
DA:174,0
DA:179,0
DA:188,0
DA:195,0
DA:220,0
DA:228,0
DA:248,0
DA:283,0
DA:297,0
LF:63
LH:0
BRDA:52,0,0,0
BRDA:79,1,0,0
BRDA:81,2,0,0
BRDA:85,3,0,0
BRDA:85,3,1,0
BRDA:89,4,0,0
BRDA:95,5,0,0
BRDA:95,5,1,0
BRDA:212,6,0,0
BRDA:254,7,0,0
BRDA:254,7,1,0
BRDA:254,7,2,0
BRDA:255,8,0,0
BRDA:255,8,1,0
BRDA:257,9,0,0
BRDA:257,9,1,0
BRDA:259,10,0,0
BRDA:283,11,0,0
BRDA:283,11,1,0
BRDA:283,11,2,0
BRDA:283,11,3,0
BRF:21
BRH:0
end_of_record
TN:
SF:components/collection-page.tsx
FN:17,CollectionPage
FN:25,(anonymous_3)
FNF:2
FNH:0
FNDA:0,CollectionPage
FNDA:0,(anonymous_3)
DA:1,0
DA:2,0
DA:3,0
DA:17,0
DA:26,0
LF:5
LH:0
BRF:0
BRH:0
end_of_record
TN:
SF:components/collections-grid.tsx
FN:1,CollectionsGrid
FN:39,(anonymous_2)
FN:43,(anonymous_3)
FNF:3
FNH:0
FNDA:0,CollectionsGrid
FNDA:0,(anonymous_2)
FNDA:0,(anonymous_3)
DA:1,0
DA:2,0
DA:40,0
DA:44,0
LF:4
LH:0
BRF:0
BRH:0
end_of_record
TN:
SF:components/collections-overview.tsx
FN:26,CollectionsOverview
FN:27,(anonymous_3)
FN:33,(anonymous_4)
FNF:3
FNH:0
FNDA:0,CollectionsOverview
FNDA:0,(anonymous_3)
FNDA:0,(anonymous_4)
DA:1,0
DA:2,0
DA:3,0
DA:4,0
DA:15,0
DA:26,0
DA:27,0
DA:34,0
LF:8
LH:0
BRDA:61,0,0,0
BRDA:61,0,1,0
BRDA:62,1,0,0
BRDA:62,1,1,0
BRDA:63,2,0,0
BRDA:63,2,1,0
BRF:6
BRH:0
end_of_record
TN:
SF:components/create-proposal.tsx
FN:14,CreateProposal
FN:19,(anonymous_2)
FN:38,(anonymous_3)
FN:48,(anonymous_4)
FN:59,(anonymous_5)
FNF:5
FNH:0
FNDA:0,CreateProposal
FNDA:0,(anonymous_2)
FNDA:0,(anonymous_3)
FNDA:0,(anonymous_4)
FNDA:0,(anonymous_5)
DA:3,0
DA:4,0
DA:5,0
DA:6,0
DA:7,0
DA:8,0
DA:14,0
DA:15,0
DA:16,0
DA:17,0
DA:19,0
DA:20,0
DA:22,0
DA:23,0
DA:38,0
DA:48,0
DA:59,0
LF:17
LH:0
BRF:0
BRH:0
end_of_record
TN:
SF:components/created-grid.tsx
FNF:0
FNH:0
DA:1,0
DA:3,0
LF:2
LH:0
BRF:0
BRH:0
end_of_record
TN:
SF:components/creator-table.tsx
FN:12,CreatorTable
FN:40,(anonymous_2)
FNF:2
FNH:0
FNDA:0,CreatorTable
FNDA:0,(anonymous_2)
DA:1,0
DA:2,0
DA:3,0
DA:4,0
DA:6,0
DA:12,0
DA:41,0
LF:7
LH:0
BRF:0
BRH:0
end_of_record
TN:
SF:components/customizable-gallery.tsx
FN:21,CustomizableGallery
FN:27,(anonymous_3)
FN:40,(anonymous_4)
FN:90,(anonymous_5)
FNF:4
FNH:0
FNDA:0,CustomizableGallery
FNDA:0,(anonymous_3)
FNDA:0,(anonymous_4)
FNDA:0,(anonymous_5)
DA:3,0
DA:4,0
DA:5,0
DA:6,0
DA:7,0
DA:8,0
DA:9,0
DA:10,0
DA:12,0
DA:21,0
DA:22,0
DA:23,0
DA:24,0
DA:25,0
DA:27,0
DA:28,0
DA:29,0
DA:30,0
DA:40,0
DA:91,0
LF:20
LH:0
BRDA:28,0,0,0
BRDA:29,1,0,0
BRDA:47,2,0,0
BRDA:89,3,0,0
BRDA:89,3,1,0
BRDA:91,4,0,0
BRDA:91,4,1,0
BRDA:92,5,0,0
BRDA:92,5,1,0
BRDA:101,6,0,0
BRDA:101,6,1,0
BRDA:114,7,0,0
BRF:12
BRH:0
end_of_record
TN:
SF:components/deployment-review.tsx
FN:24,DeploymentReview
FN:33,(anonymous_3)
FN:39,(anonymous_4)
FN:45,(anonymous_5)
FN:52,(anonymous_6)
FN:123,(anonymous_7)
FNF:6
FNH:0
FNDA:0,DeploymentReview
FNDA:0,(anonymous_3)
FNDA:0,(anonymous_4)
FNDA:0,(anonymous_5)
FNDA:0,(anonymous_6)
FNDA:0,(anonymous_7)
DA:3,0
DA:4,0
DA:5,0
DA:6,0
DA:7,0
DA:8,0
DA:24,0
DA:25,0
DA:26,0
DA:27,0
DA:33,0
DA:34,0
DA:35,0
DA:37,0
DA:39,0
DA:43,0
DA:45,0
DA:52,0
DA:59,0
DA:66,0
DA:68,0
DA:72,0
DA:124,0
LF:23
LH:0
BRDA:43,0,0,0
BRDA:43,0,1,0
BRDA:66,1,0,0
BRDA:66,1,1,0
BRDA:72,2,0,0
BRDA:104,3,0,0
BRDA:104,3,1,0
BRDA:106,4,0,0
BRDA:118,5,0,0
BRDA:135,6,0,0
BRDA:144,7,0,0
BRDA:157,8,0,0
BRDA:157,8,1,0
BRF:13
BRH:0
end_of_record
TN:
SF:components/deployment-steps.tsx
FN:7,DeploymentSteps
FN:23,(anonymous_2)
FNF:2
FNH:0
FNDA:0,DeploymentSteps
FNDA:0,(anonymous_2)
DA:1,0
DA:7,0
DA:8,0
DA:24,0
DA:25,0
DA:27,0
LF:6
LH:0
BRDA:31,0,0,0
BRDA:31,0,1,0
BRDA:33,1,0,0
BRDA:33,1,1,0
BRDA:39,2,0,0
BRDA:41,3,0,0
BRDA:41,3,1,0
BRDA:48,4,0,0
BRDA:48,4,1,0
BRF:9
BRH:0
end_of_record
TN:
SF:components/error-boundary.tsx
FN:24,(anonymous_7)
FN:43,(anonymous_8)
FN:29,(anonymous_9)
FN:33,(anonymous_10)
FN:47,(anonymous_11)
FN:78,(anonymous_12)
FN:173,useErrorBoundary
FN:183,(anonymous_14)
FNF:8
FNH:7
FNDA:11,(anonymous_7)
FNDA:0,(anonymous_8)
FNDA:10,(anonymous_9)
FNDA:5,(anonymous_10)
FNDA:20,(anonymous_11)
FNDA:10,(anonymous_12)
FNDA:3,useErrorBoundary
FNDA:1,(anonymous_14)
DA:5,1
DA:6,1
DA:25,11
DA:26,10
DA:30,10
DA:35,5
DA:38,5
DA:39,1
DA:44,0
DA:48,20
DA:49,20
DA:51,20
DA:52,10
DA:53,2
DA:56,8
DA:57,2
DA:63,10
DA:78,4
DA:83,10
DA:84,10
DA:85,10
DA:88,10
DA:89,2
DA:91,0
DA:92,0
DA:93,0
DA:94,0
DA:96,0
DA:97,0
DA:98,0
DA:99,0
DA:101,1
DA:102,1
DA:103,1
DA:104,1
DA:106,0
DA:107,0
DA:108,0
DA:110,1
DA:111,1
DA:112,1
DA:113,1
DA:115,0
DA:116,0
DA:117,0
DA:118,0
DA:120,0
DA:121,0
DA:122,0
DA:123,0
DA:173,3
DA:176,3
DA:178,3
DA:179,2
DA:182,1
DA:183,1
DA:187,6
LF:57
LH:37
BRDA:38,0,0,1
BRDA:51,1,0,10
BRDA:51,2,0,20
BRDA:51,2,1,10
BRDA:52,3,0,2
BRDA:56,4,0,2
BRDA:84,5,0,10
BRDA:84,5,1,0
BRDA:88,6,0,2
BRDA:89,7,0,0
BRDA:89,7,1,0
BRDA:89,7,2,1
BRDA:89,7,3,0
BRDA:89,7,4,1
BRDA:89,7,5,0
BRDA:89,7,6,0
BRDA:116,8,0,0
BRDA:116,8,1,0
BRDA:150,9,0,10
BRDA:157,10,0,10
BRDA:178,11,0,2
BRF:21
BRH:13
end_of_record
TN:
SF:components/faq-section.tsx
FN:8,FaqSection
FN:32,(anonymous_2)
FNF:2
FNH:0
FNDA:0,FaqSection
FNDA:0,(anonymous_2)
DA:6,0
DA:8,0
DA:9,0
DA:33,0
LF:4
LH:0
BRF:0
BRH:0
end_of_record
TN:
SF:components/favorited-grid.tsx
FNF:0
FNH:0
DA:1,0
DA:3,0
LF:2
LH:0
BRF:0
BRH:0
end_of_record
TN:
SF:components/featured-collections.tsx
FN:4,FeaturedCollections
FN:15,(anonymous_3)
FNF:2
FNH:0
FNDA:0,FeaturedCollections
FNDA:0,(anonymous_3)
DA:1,0
DA:2,0
DA:4,0
DA:5,0
DA:16,0
LF:5
LH:0
BRF:0
BRH:0
end_of_record
TN:
SF:components/footer.tsx
FN:4,Footer
FN:82,(anonymous_3)
FN:86,(anonymous_4)
FNF:3
FNH:0
FNDA:0,Footer
FNDA:0,(anonymous_3)
FNDA:0,(anonymous_4)
DA:1,0
DA:2,0
DA:4,0
DA:83,0
DA:87,0
LF:5
LH:0
BRDA:93,0,0,0
BRF:1
BRH:0
end_of_record
TN:
SF:components/global-styles.tsx
FN:3,GlobalStyles
FNF:1
FNH:0
FNDA:0,GlobalStyles
DA:3,0
LF:1
LH:0
BRF:0
BRH:0
end_of_record
TN:
SF:components/header.tsx
FN:8,Header
FN:11,(anonymous_3)
FNF:2
FNH:0
FNDA:0,Header
FNDA:0,(anonymous_3)
DA:1,0
DA:2,0
DA:4,0
DA:5,0
DA:6,0
DA:8,0
DA:9,0
DA:11,0
DA:12,0
DA:13,0
LF:10
LH:0
BRDA:12,0,0,0
BRDA:12,1,0,0
BRDA:12,1,1,0
BRDA:21,2,0,0
BRF:4
BRH:0
end_of_record
TN:
SF:components/hero-section.tsx
FN:3,HeroSection
FNF:1
FNH:0
FNDA:0,HeroSection
DA:1,0
DA:3,0
LF:2
LH:0
BRF:0
BRH:0
end_of_record
TN:
SF:components/liquidity-actions.tsx
FN:10,LiquidityActions
FN:13,(anonymous_2)
FN:39,(anonymous_3)
FN:43,(anonymous_4)
FN:56,(anonymous_5)
FN:60,(anonymous_6)
FNF:6
FNH:0
FNDA:0,LiquidityActions
FNDA:0,(anonymous_2)
FNDA:0,(anonymous_3)
FNDA:0,(anonymous_4)
FNDA:0,(anonymous_5)
FNDA:0,(anonymous_6)
DA:3,0
DA:4,0
DA:5,0
DA:6,0
DA:7,0
DA:8,0
DA:10,0
DA:11,0
DA:13,0
DA:15,0
DA:16,0
DA:39,0
DA:43,0
DA:56,0
DA:60,0
LF:15
LH:0
BRF:0
BRH:0
end_of_record
TN:
SF:components/liquidity-history.tsx
FN:11,LiquidityHistory
FN:24,(anonymous_2)
FNF:2
FNH:0
FNDA:0,LiquidityHistory
FNDA:0,(anonymous_2)
DA:1,0
DA:3,0
DA:11,0
DA:25,0
LF:4
LH:0
BRF:0
BRH:0
end_of_record
TN:
SF:components/liquidity-overview.tsx
FN:14,LiquidityOverview
FNF:1
FNH:0
FNDA:0,LiquidityOverview
DA:1,0
DA:2,0
DA:4,0
DA:14,0
LF:4
LH:0
BRF:0
BRH:0
end_of_record
TN:
SF:components/login-dialog.tsx
FN:22,LoginDialog
FN:40,(anonymous_6)
FN:47,(anonymous_7)
FN:129,(anonymous_8)
FN:144,(anonymous_9)
FN:155,(anonymous_10)
FNF:6
FNH:0
FNDA:0,LoginDialog
FNDA:0,(anonymous_6)
FNDA:0,(anonymous_7)
FNDA:0,(anonymous_8)
FNDA:0,(anonymous_9)
FNDA:0,(anonymous_10)
DA:3,0
DA:4,0
DA:5,0
DA:6,0
DA:7,0
DA:8,0
DA:9,0
DA:10,0
DA:11,0
DA:12,0
DA:13,0
DA:14,0
DA:22,0
DA:27,0
DA:28,0
DA:29,0
DA:31,0
DA:32,0
DA:33,0
DA:34,0
DA:37,0
DA:38,0
DA:40,0
DA:41,0
DA:42,0
DA:44,0
DA:45,0
DA:47,0
DA:48,0
DA:49,0
DA:56,0
DA:61,0
DA:62,0
DA:65,0
DA:66,0
DA:70,0
DA:76,0
DA:81,0
DA:82,0
DA:85,0
DA:87,0
DA:88,0
DA:90,0
DA:91,0
DA:93,0
DA:94,0
DA:96,0
DA:99,0
DA:129,0
DA:144,0
DA:155,0
LF:51
LH:0
BRDA:25,0,0,0
BRDA:38,1,0,0
BRDA:38,1,1,0
BRDA:45,2,0,0
BRDA:61,3,0,0
BRDA:81,4,0,0
BRDA:87,5,0,0
BRDA:87,5,1,0
BRDA:88,6,0,0
BRDA:88,6,1,0
BRDA:88,6,2,0
BRDA:96,7,0,0
BRDA:96,7,1,0
BRDA:99,8,0,0
BRDA:99,8,1,0
BRDA:108,9,0,0
BRDA:163,10,0,0
BRDA:170,11,0,0
BRDA:170,11,1,0
BRF:19
BRH:0
end_of_record
TN:
SF:components/marketplace-filters.tsx
FN:9,MarketplaceFilters
FNF:1
FNH:0
FNDA:0,MarketplaceFilters
DA:3,0
DA:4,0
DA:5,0
DA:6,0
DA:7,0
DA:9,0
DA:10,0
LF:7
LH:0
BRF:0
BRH:0
end_of_record
TN:
SF:components/marketplace-grid.tsx
FN:24,MarketplaceGrid
FN:27,(anonymous_3)
FNF:2
FNH:0
FNDA:0,MarketplaceGrid
FNDA:0,(anonymous_3)
DA:1,0
DA:2,0
DA:3,0
DA:15,0
DA:24,0
DA:28,0
LF:6
LH:0
BRDA:37,0,0,0
BRF:1
BRH:0
end_of_record
TN:
SF:components/nft-form.tsx
FN:32,NFTForm
FN:37,(anonymous_3)
FN:62,(anonymous_4)
FN:74,(anonymous_5)
FN:81,(anonymous_6)
FN:82,(anonymous_7)
FN:86,(anonymous_8)
FN:87,(anonymous_9)
FN:96,(anonymous_10)
FN:107,(anonymous_11)
FN:124,(anonymous_12)
FN:148,(anonymous_13)
FN:159,(anonymous_14)
FN:168,(anonymous_15)
FN:174,(anonymous_16)
FN:191,(anonymous_17)
FN:214,(anonymous_18)
FN:302,(anonymous_19)
FN:308,(anonymous_20)
FN:316,(anonymous_21)
FN:323,(anonymous_22)
FNF:21
FNH:0
FNDA:0,NFTForm
FNDA:0,(anonymous_3)
FNDA:0,(anonymous_4)
FNDA:0,(anonymous_5)
FNDA:0,(anonymous_6)
FNDA:0,(anonymous_7)
FNDA:0,(anonymous_8)
FNDA:0,(anonymous_9)
FNDA:0,(anonymous_10)
FNDA:0,(anonymous_11)
FNDA:0,(anonymous_12)
FNDA:0,(anonymous_13)
FNDA:0,(anonymous_14)
FNDA:0,(anonymous_15)
FNDA:0,(anonymous_16)
FNDA:0,(anonymous_17)
FNDA:0,(anonymous_18)
FNDA:0,(anonymous_19)
FNDA:0,(anonymous_20)
FNDA:0,(anonymous_21)
FNDA:0,(anonymous_22)
DA:3,0
DA:4,0
DA:5,0
DA:6,0
DA:7,0
DA:8,0
DA:9,0
DA:10,0
DA:11,0
DA:12,0
DA:32,0
DA:33,0
DA:34,0
DA:35,0
DA:37,0
DA:38,0
DA:39,0
DA:41,0
DA:42,0
DA:44,0
DA:45,0
DA:46,0
DA:49,0
DA:52,0
DA:54,0
DA:62,0
DA:63,0
DA:64,0
DA:67,0
DA:74,0
DA:75,0
DA:81,0
DA:82,0
DA:83,0
DA:86,0
DA:87,0
DA:88,0
DA:89,0
DA:91,0
DA:93,0
DA:96,0
DA:97,0
DA:98,0
DA:99,0
DA:102,0
DA:104,0
DA:107,0
DA:110,0
DA:117,0
DA:118,0
DA:120,0
DA:124,0
DA:125,0
DA:148,0
DA:159,0
DA:168,0
DA:175,0
DA:191,0
DA:214,0
DA:303,0
DA:308,0
DA:316,0
DA:323,0
LF:63
LH:0
BRDA:39,0,0,0
BRDA:39,1,0,0
BRDA:39,1,1,0
BRDA:44,2,0,0
BRDA:63,3,0,0
BRDA:88,4,0,0
BRDA:97,5,0,0
BRDA:129,6,0,0
BRDA:129,6,1,0
BRDA:129,7,0,0
BRDA:129,7,1,0
BRDA:207,8,0,0
BRDA:220,9,0,0
BRDA:220,9,1,0
BRDA:224,10,0,0
BRDA:238,11,0,0
BRDA:237,12,0,0
BRDA:237,12,1,0
BRDA:257,13,0,0
BRDA:268,14,0,0
BRDA:268,14,1,0
BRDA:340,15,0,0
BRDA:340,15,1,0
BRDA:340,15,2,0
BRDA:340,15,3,0
BRDA:340,15,4,0
BRDA:340,15,5,0
BRF:27
BRH:0
end_of_record
TN:
SF:components/nft-integration.tsx
FN:12,NFTIntegration
FNF:1
FNH:0
FNDA:0,NFTIntegration
DA:1,0
DA:2,0
DA:4,0
DA:12,0
LF:4
LH:0
BRF:0
BRH:0
end_of_record
TN:
SF:components/profile-header.tsx
FN:6,ProfileHeader
FN:38,(anonymous_2)
FNF:2
FNH:0
FNDA:0,ProfileHeader
FNDA:0,(anonymous_2)
DA:1,0
DA:2,0
DA:3,0
DA:6,0
DA:7,0
DA:39,0
LF:6
LH:0
BRF:0
BRH:0
end_of_record
TN:
SF:components/profile-tabs.tsx
FN:8,ProfileTabs
FN:19,(anonymous_2)
FN:22,(anonymous_3)
FNF:3
FNH:0
FNDA:0,ProfileTabs
FNDA:0,(anonymous_2)
FNDA:0,(anonymous_3)
DA:8,0
DA:9,0
DA:20,0
DA:22,0
LF:4
LH:0
BRDA:24,0,0,0
BRDA:24,0,1,0
BRDA:30,1,0,0
BRF:3
BRH:0
end_of_record
TN:
SF:components/proposal-list.tsx
FN:31,ProposalList
FN:32,(anonymous_2)
FN:50,(anonymous_3)
FNF:3
FNH:0
FNDA:0,ProposalList
FNDA:0,(anonymous_2)
FNDA:0,(anonymous_3)
DA:1,0
DA:9,0
DA:10,0
DA:20,0
DA:31,0
DA:32,0
DA:33,0
DA:51,0
LF:8
LH:0
BRDA:33,0,0,0
BRDA:33,0,1,0
BRDA:56,1,0,0
BRDA:56,1,1,0
BRDA:57,2,0,0
BRDA:57,2,1,0
BRF:6
BRH:0
end_of_record
TN:
SF:components/quick-swap.tsx
FN:27,QuickSwap
FN:42,(anonymous_2)
FN:43,fetchTokenLists
FN:51,(anonymous_4)
FN:72,(anonymous_5)
FN:73,(anonymous_6)
FN:112,(anonymous_7)
FN:116,(anonymous_8)
FN:121,(anonymous_9)
FN:161,(anonymous_10)
FN:181,(anonymous_11)
FN:200,(anonymous_12)
FN:225,(anonymous_13)
FNF:13
FNH:0
FNDA:0,QuickSwap
FNDA:0,(anonymous_2)
FNDA:0,fetchTokenLists
FNDA:0,(anonymous_4)
FNDA:0,(anonymous_5)
FNDA:0,(anonymous_6)
FNDA:0,(anonymous_7)
FNDA:0,(anonymous_8)
FNDA:0,(anonymous_9)
FNDA:0,(anonymous_10)
FNDA:0,(anonymous_11)
FNDA:0,(anonymous_12)
FNDA:0,(anonymous_13)
DA:3,0
DA:4,0
DA:5,0
DA:6,0
DA:7,0
DA:8,0
DA:9,0
DA:10,0
DA:11,0
DA:12,0
DA:13,0
DA:14,0
DA:15,0
DA:27,0
DA:28,0
DA:29,0
DA:30,0
DA:31,0
DA:32,0
DA:33,0
DA:34,0
DA:35,0
DA:36,0
DA:37,0
DA:38,0
DA:39,0
DA:42,0
DA:44,0
DA:46,0
DA:47,0
DA:50,0
DA:51,0
DA:59,0
DA:60,0
DA:68,0
DA:72,0
DA:73,0
DA:74,0
DA:75,0
DA:76,0
DA:77,0
DA:78,0
DA:81,0
DA:83,0
DA:84,0
DA:85,0
DA:86,0
DA:87,0
DA:88,0
DA:90,0
DA:91,0
DA:92,0
DA:93,0
DA:96,0
DA:97,0
DA:102,0
DA:103,0
DA:104,0
DA:106,0
DA:111,0
DA:112,0
DA:116,0
DA:117,0
DA:118,0
DA:121,0
DA:122,0
DA:123,0
DA:126,0
DA:128,0
DA:131,0
DA:134,0
DA:140,0
DA:141,0
DA:143,0
DA:149,0
DA:154,0
DA:161,0
DA:182,0
DA:200,0
DA:226,0
LF:80
LH:0
BRDA:74,0,0,0
BRDA:74,1,0,0
BRDA:74,1,1,0
BRDA:84,2,0,0
BRDA:84,2,1,0
BRDA:126,3,0,0
BRDA:126,3,1,0
BRDA:154,4,0,0
BRDA:154,4,1,0
BRDA:183,5,0,0
BRDA:183,5,1,0
BRDA:227,6,0,0
BRDA:227,6,1,0
BRDA:250,7,0,0
BRDA:273,8,0,0
BRDA:273,8,1,0
BRDA:282,9,0,0
BRDA:282,9,1,0
BRDA:283,10,0,0
BRDA:297,11,0,0
BRDA:297,11,1,0
BRDA:297,11,2,0
BRDA:297,11,3,0
BRDA:299,12,0,0
BRDA:299,12,1,0
BRF:25
BRH:0
end_of_record
TN:
SF:components/recommended-collections.tsx
FN:3,RecommendedCollections
FN:13,(anonymous_3)
FNF:2
FNH:0
FNDA:0,RecommendedCollections
FNDA:0,(anonymous_3)
DA:1,0
DA:3,0
DA:4,0
DA:14,0
LF:4
LH:0
BRF:0
BRH:0
end_of_record
TN:
SF:components/sidebar.tsx
FN:40,SidebarItem
FN:55,Sidebar
FN:60,(anonymous_4)
FN:61,(anonymous_5)
FN:74,(anonymous_6)
FN:78,(anonymous_7)
FN:82,(anonymous_8)
FN:88,(anonymous_9)
FN:95,(anonymous_10)
FN:96,(anonymous_11)
FN:96,(anonymous_12)
FN:98,(anonymous_13)
FN:125,(anonymous_14)
FNF:13
FNH:0
FNDA:0,SidebarItem
FNDA:0,Sidebar
FNDA:0,(anonymous_4)
FNDA:0,(anonymous_5)
FNDA:0,(anonymous_6)
FNDA:0,(anonymous_7)
FNDA:0,(anonymous_8)
FNDA:0,(anonymous_9)
FNDA:0,(anonymous_10)
FNDA:0,(anonymous_11)
FNDA:0,(anonymous_12)
FNDA:0,(anonymous_13)
FNDA:0,(anonymous_14)
DA:3,0
DA:4,0
DA:5,0
DA:22,0
DA:23,0
DA:24,0
DA:55,0
DA:56,0
DA:57,0
DA:60,0
DA:61,0
DA:62,0
DA:63,0
DA:69,0
DA:73,0
DA:74,0
DA:78,0
DA:79,0
DA:80,0
DA:82,0
DA:83,0
DA:88,0
DA:89,0
DA:90,0
DA:95,0
DA:96,0
DA:98,0
DA:100,0
DA:104,0
DA:105,0
DA:125,0
LF:31
LH:0
BRDA:63,0,0,0
BRDA:64,1,0,0
BRDA:64,1,1,0
BRDA:64,1,2,0
BRDA:64,1,3,0
BRDA:79,2,0,0
BRDA:80,3,0,0
BRDA:80,3,1,0
BRDA:89,4,0,0
BRDA:104,5,0,0
BRDA:104,6,0,0
BRDA:104,6,1,0
BRDA:113,7,0,0
BRDA:113,7,1,0
BRDA:120,8,0,0
BRF:15
BRH:0
end_of_record
TN:
SF:components/soless-swift-swap.tsx
FN:28,SOLessSwiftSwap
FN:45,(anonymous_2)
FN:46,fetchTokenLists
FN:54,(anonymous_4)
FN:75,(anonymous_5)
FN:76,(anonymous_6)
FN:115,(anonymous_7)
FN:119,(anonymous_8)
FN:124,(anonymous_9)
FN:166,(anonymous_10)
FN:183,(anonymous_11)
FN:203,(anonymous_12)
FN:222,(anonymous_13)
FN:247,(anonymous_14)
FNF:14
FNH:0
FNDA:0,SOLessSwiftSwap
FNDA:0,(anonymous_2)
FNDA:0,fetchTokenLists
FNDA:0,(anonymous_4)
FNDA:0,(anonymous_5)
FNDA:0,(anonymous_6)
FNDA:0,(anonymous_7)
FNDA:0,(anonymous_8)
FNDA:0,(anonymous_9)
FNDA:0,(anonymous_10)
FNDA:0,(anonymous_11)
FNDA:0,(anonymous_12)
FNDA:0,(anonymous_13)
FNDA:0,(anonymous_14)
DA:3,0
DA:4,0
DA:5,0
DA:6,0
DA:7,0
DA:8,0
DA:9,0
DA:10,0
DA:11,0
DA:12,0
DA:13,0
DA:14,0
DA:15,0
DA:16,0
DA:28,0
DA:29,0
DA:30,0
DA:31,0
DA:32,0
DA:33,0
DA:34,0
DA:35,0
DA:36,0
DA:37,0
DA:38,0
DA:39,0
DA:40,0
DA:41,0
DA:42,0
DA:45,0
DA:47,0
DA:49,0
DA:50,0
DA:53,0
DA:54,0
DA:62,0
DA:63,0
DA:71,0
DA:75,0
DA:76,0
DA:77,0
DA:78,0
DA:79,0
DA:80,0
DA:81,0
DA:84,0
DA:86,0
DA:87,0
DA:88,0
DA:89,0
DA:90,0
DA:91,0
DA:93,0
DA:94,0
DA:95,0
DA:96,0
DA:99,0
DA:100,0
DA:105,0
DA:106,0
DA:107,0
DA:109,0
DA:114,0
DA:115,0
DA:119,0
DA:120,0
DA:121,0
DA:124,0
DA:125,0
DA:126,0
DA:129,0
DA:131,0
DA:134,0
DA:137,0
DA:143,0
DA:144,0
DA:146,0
DA:152,0
DA:157,0
DA:160,0
DA:166,0
DA:167,0
DA:168,0
DA:171,0
DA:183,0
DA:204,0
DA:222,0
DA:248,0
LF:88
LH:0
BRDA:77,0,0,0
BRDA:77,1,0,0
BRDA:77,1,1,0
BRDA:87,2,0,0
BRDA:87,2,1,0
BRDA:129,3,0,0
BRDA:129,3,1,0
BRDA:131,4,0,0
BRDA:131,4,1,0
BRDA:134,5,0,0
BRDA:134,5,1,0
BRDA:139,6,0,0
BRDA:139,6,1,0
BRDA:157,7,0,0
BRDA:157,7,1,0
BRDA:167,8,0,0
BRDA:167,8,1,0
BRDA:168,9,0,0
BRDA:168,9,1,0
BRDA:205,10,0,0
BRDA:205,10,1,0
BRDA:249,11,0,0
BRDA:249,11,1,0
BRDA:295,12,0,0
BRDA:314,13,0,0
BRDA:337,14,0,0
BRDA:337,14,1,0
BRDA:354,15,0,0
BRDA:354,15,1,0
BRDA:355,16,0,0
BRDA:369,17,0,0
BRDA:369,17,1,0
BRDA:369,17,2,0
BRDA:369,17,3,0
BRDA:371,18,0,0
BRDA:371,18,1,0
BRF:36
BRH:0
end_of_record
TN:
SF:components/stats-section.tsx
FN:1,StatsSection
FN:12,(anonymous_2)
FNF:2
FNH:0
FNDA:0,StatsSection
FNDA:0,(anonymous_2)
DA:1,0
DA:2,0
DA:13,0
LF:3
LH:0
BRF:0
BRH:0
end_of_record
TN:
SF:components/storefront-banner.tsx
FN:4,StorefrontBanner
FNF:1
FNH:0
FNDA:0,StorefrontBanner
DA:1,0
DA:2,0
DA:4,0
LF:3
LH:0
BRF:0
BRH:0
end_of_record
TN:
SF:components/storefront-gallery.tsx
FN:19,StorefrontGallery
FN:23,(anonymous_3)
FN:26,(anonymous_4)
FN:34,(anonymous_5)
FNF:4
FNH:0
FNDA:0,StorefrontGallery
FNDA:0,(anonymous_3)
FNDA:0,(anonymous_4)
FNDA:0,(anonymous_5)
DA:1,0
DA:2,0
DA:3,0
DA:5,0
DA:19,0
DA:20,0
DA:22,0
DA:23,0
DA:26,0
DA:27,0
DA:28,0
DA:35,0
LF:12
LH:0
BRDA:22,0,0,0
BRDA:27,1,0,0
BRDA:28,2,0,0
BRDA:56,3,0,0
BRDA:56,3,1,0
BRF:5
BRH:0
end_of_record
TN:
SF:components/theme-provider.tsx
FN:9,ThemeProvider
FNF:1
FNH:0
FNDA:0,ThemeProvider
DA:3,0
DA:7,0
DA:9,0
LF:3
LH:0
BRF:0
BRH:0
end_of_record
TN:
SF:components/theme-switch.tsx
FN:9,ThemeSwitch
FN:14,(anonymous_5)
FN:30,(anonymous_6)
FNF:3
FNH:0
FNDA:0,ThemeSwitch
FNDA:0,(anonymous_5)
FNDA:0,(anonymous_6)
DA:3,0
DA:4,0
DA:5,0
DA:6,0
DA:7,0
DA:9,0
DA:10,0
DA:11,0
DA:14,0
DA:15,0
DA:18,0
DA:19,0
DA:30,0
LF:13
LH:0
BRDA:18,0,0,0
BRDA:30,1,0,0
BRDA:30,1,1,0
BRDA:31,2,0,0
BRDA:31,2,1,0
BRDA:34,3,0,0
BRDA:41,4,0,0
BRDA:41,4,1,0
BRF:8
BRH:0
end_of_record
TN:
SF:components/token-allocation-chart.tsx
FN:13,TokenAllocationChart
FN:27,(anonymous_2)
FNF:2
FNH:0
FNDA:0,TokenAllocationChart
FNDA:0,(anonymous_2)
DA:1,0
DA:3,0
DA:11,0
DA:13,0
DA:28,0
LF:5
LH:0
BRF:0
BRH:0
end_of_record
TN:
SF:components/top-collections.tsx
FN:10,TopCollections
FN:37,(anonymous_2)
FNF:2
FNH:0
FNDA:0,TopCollections
FNDA:0,(anonymous_2)
DA:8,0
DA:10,0
DA:11,0
DA:38,0
LF:4
LH:0
BRF:0
BRH:0
end_of_record
TN:
SF:components/upcoming-mints.tsx
FN:47,(anonymous_2)
FN:57,(anonymous_3)
FN:67,(anonymous_4)
FN:89,UpcomingMints
FN:93,(anonymous_6)
FN:94,(anonymous_7)
FN:97,(anonymous_8)
FN:110,(anonymous_9)
FN:123,(anonymous_10)
FN:167,(anonymous_11)
FNF:10
FNH:0
FNDA:0,(anonymous_2)
FNDA:0,(anonymous_3)
FNDA:0,(anonymous_4)
FNDA:0,UpcomingMints
FNDA:0,(anonymous_6)
FNDA:0,(anonymous_7)
FNDA:0,(anonymous_8)
FNDA:0,(anonymous_9)
FNDA:0,(anonymous_10)
FNDA:0,(anonymous_11)
DA:3,0
DA:4,0
DA:5,0
DA:6,0
DA:7,0
DA:9,0
DA:10,0
DA:13,0
DA:47,0
DA:48,0
DA:49,0
DA:57,0
DA:58,0
DA:59,0
DA:67,0
DA:68,0
DA:69,0
DA:70,0
DA:72,0
DA:74,0
DA:75,0
DA:77,0
DA:78,0
DA:81,0
DA:82,0
DA:83,0
DA:86,0
DA:89,0
DA:90,0
DA:93,0
DA:94,0
DA:95,0
DA:97,0
DA:98,0
DA:101,0
DA:105,0
DA:108,0
DA:110,0
DA:124,0
DA:168,0
LF:40
LH:0
BRDA:72,0,0,0
BRDA:77,1,0,0
BRDA:82,2,0,0
BRDA:160,3,0,0
BRF:4
BRH:0
end_of_record
TN:
SF:components/user-activity.tsx
FN:12,UserActivity
FN:25,(anonymous_2)
FNF:2
FNH:0
FNDA:0,UserActivity
FNDA:0,(anonymous_2)
DA:1,0
DA:2,0
DA:3,0
DA:5,0
DA:12,0
DA:26,0
LF:6
LH:0
BRDA:29,0,0,0
BRF:1
BRH:0
end_of_record
TN:
SF:components/user-collections.tsx
FN:12,UserCollections
FN:20,(anonymous_3)
FNF:2
FNH:0
FNDA:0,UserCollections
FNDA:0,(anonymous_3)
DA:1,0
DA:2,0
DA:3,0
DA:5,0
DA:12,0
DA:21,0
LF:6
LH:0
BRF:0
BRH:0
end_of_record
TN:
SF:components/user-gallery.tsx
FN:12,UserGallery
FN:20,(anonymous_3)
FNF:2
FNH:0
FNDA:0,UserGallery
FNDA:0,(anonymous_3)
DA:1,0
DA:2,0
DA:3,0
DA:5,0
DA:12,0
DA:21,0
LF:6
LH:0
BRF:0
BRH:0
end_of_record
TN:
SF:components/user-info.tsx
FN:7,UserInfo
FNF:1
FNH:0
FNDA:0,UserInfo
DA:1,0
DA:2,0
DA:3,0
DA:4,0
DA:5,0
DA:7,0
DA:8,0
DA:13,0
LF:8
LH:0
BRF:0
BRH:0
end_of_record
TN:
SF:components/user-nfts.tsx
FN:21,UserNFTs
FN:26,(anonymous_3)
FNF:2
FNH:0
FNDA:0,UserNFTs
FNDA:0,(anonymous_3)
DA:1,0
DA:2,0
DA:3,0
DA:4,0
DA:14,0
DA:21,0
DA:27,0
LF:7
LH:0
BRDA:41,0,0,0
BRDA:57,1,0,0
BRDA:57,1,1,0
BRF:3
BRH:0
end_of_record
TN:
SF:components/user-stats.tsx
FN:4,UserStats
FN:14,(anonymous_2)
FNF:2
FNH:0
FNDA:0,UserStats
FNDA:0,(anonymous_2)
DA:1,0
DA:2,0
DA:4,0
DA:5,0
DA:15,0
LF:5
LH:0
BRF:0
BRH:0
end_of_record
TN:
SF:components/vault-overview.tsx
FN:5,VaultOverview
FNF:1
FNH:0
FNDA:0,VaultOverview
DA:2,0
DA:3,0
DA:5,0
DA:6,0
LF:4
LH:0
BRF:0
BRH:0
end_of_record
TN:
SF:components/voting-power.tsx
FN:9,VotingPower
FN:16,(anonymous_2)
FN:32,(anonymous_3)
FNF:3
FNH:0
FNDA:0,VotingPower
FNDA:0,(anonymous_2)
FNDA:0,(anonymous_3)
DA:1,0
DA:2,0
DA:9,0
DA:10,0
DA:11,0
DA:16,0
DA:17,0
DA:18,0
DA:33,0
LF:9
LH:0
BRF:0
BRH:0
end_of_record
TN:
SF:components/ui/accordion.tsx
FNF:0
FNH:0
DA:3,0
DA:4,0
DA:5,0
DA:7,0
DA:9,0
DA:21,0
DA:41,0
DA:56,0
DA:58,0
LF:9
LH:0
BRF:0
BRH:0
end_of_record
TN:
SF:components/ui/alert-dialog.tsx
FNF:0
FNH:0
DA:3,0
DA:4,0
DA:6,0
DA:7,0
DA:9,0
DA:11,0
DA:13,0
DA:28,0
DA:46,0
DA:60,0
DA:74,0
DA:86,0
DA:98,0
DA:111,0
DA:127,0
DA:130,0
DA:131,0
DA:132,0
DA:133,0
DA:134,0
DA:135,0
DA:136,0
DA:137,0
DA:138,0
DA:139,0
DA:140,0
LF:26
LH:0
BRF:0
BRH:0
end_of_record
TN:
SF:components/ui/alert.tsx
FNF:0
FNH:0
DA:1,0
DA:2,0
DA:4,0
DA:6,0
DA:33,0
DA:45,0
DA:57,0
DA:59,0
LF:8
LH:0
BRF:0
BRH:0
end_of_record
TN:
SF:components/ui/animated-card.tsx
FN:18,(anonymous_11)
FN:136,(anonymous_17)
FNF:2
FNH:0
FNDA:0,(anonymous_11)
FNDA:0,(anonymous_17)
DA:3,0
DA:4,0
DA:5,0
DA:17,0
DA:33,0
DA:34,0
DA:63,0
DA:76,0
DA:89,0
DA:102,0
DA:115,0
DA:128,0
DA:135,0
DA:137,0
DA:158,0
DA:161,0
DA:162,0
DA:163,0
DA:164,0
DA:165,0
DA:166,0
DA:167,0
LF:22
LH:0
BRDA:21,0,0,0
BRDA:24,1,0,0
BRDA:25,2,0,0
BRDA:26,3,0,0
BRDA:27,4,0,0
BRDA:28,5,0,0
BRDA:33,6,0,0
BRDA:33,6,1,0
BRDA:34,7,0,0
BRDA:34,7,1,0
BRDA:41,8,0,0
BRDA:41,8,1,0
BRDA:42,9,0,0
BRDA:42,9,1,0
BRDA:43,10,0,0
BRDA:43,10,1,0
BRDA:44,11,0,0
BRDA:44,11,1,0
BRDA:48,12,0,0
BRDA:48,12,1,0
BRDA:54,13,0,0
BRDA:136,14,0,0
BRDA:136,15,0,0
BRDA:151,16,0,0
BRF:24
BRH:0
end_of_record
TN:
SF:components/ui/aspect-ratio.tsx
FNF:0
FNH:0
DA:3,0
DA:5,0
DA:7,0
LF:3
LH:0
BRF:0
BRH:0
end_of_record
TN:
SF:components/ui/avatar.tsx
FNF:0
FNH:0
DA:3,0
DA:4,0
DA:6,0
DA:21,0
DA:33,0
DA:48,0
DA:50,0
LF:7
LH:0
BRF:0
BRH:0
end_of_record
TN:
SF:components/ui/badge.tsx
FN:30,Badge
FNF:1
FNH:1
FNDA:6,Badge
DA:1,1
DA:2,1
DA:4,1
DA:6,1
DA:36,6
LF:5
LH:5
BRF:0
BRH:0
end_of_record
TN:
SF:components/ui/breadcrumb.tsx
FN:47,(anonymous_14)
FNF:1
FNH:0
FNDA:0,(anonymous_14)
DA:1,0
DA:2,0
DA:3,0
DA:5,0
DA:13,0
DA:28,0
DA:40,0
DA:42,0
DA:48,0
DA:58,0
DA:73,0
DA:89,0
DA:105,0
DA:108,0
DA:109,0
DA:110,0
DA:111,0
DA:112,0
DA:113,0
DA:114,0
LF:20
LH:0
BRDA:48,0,0,0
BRDA:48,0,1,0
BRDA:86,1,0,0
BRDA:86,1,1,0
BRF:4
BRH:0
end_of_record
TN:
SF:components/ui/button.tsx
FN:43,(anonymous_6)
FNF:1
FNH:0
FNDA:0,(anonymous_6)
DA:1,0
DA:2,0
DA:3,0
DA:5,0
DA:7,0
DA:42,0
DA:44,0
DA:54,0
DA:56,0
LF:9
LH:0
BRDA:43,0,0,0
BRDA:44,1,0,0
BRDA:44,1,1,0
BRF:3
BRH:0
end_of_record
TN:
SF:components/ui/calendar.tsx
FN:12,Calendar
FNF:1
FNH:0
FNDA:0,Calendar
DA:3,0
DA:4,0
DA:5,0
DA:7,0
DA:8,0
DA:64,0
DA:66,0
LF:7
LH:0
BRDA:15,0,0,0
BRF:1
BRH:0
end_of_record
TN:
SF:components/ui/card.tsx
FNF:0
FNH:0
DA:1,0
DA:3,0
DA:18,0
DA:30,0
DA:45,0
DA:57,0
DA:65,0
DA:77,0
DA:79,0
LF:9
LH:0
BRF:0
BRH:0
end_of_record
TN:
SF:components/ui/carousel.tsx
FN:35,useCarousel
FN:49,(anonymous_11)
FN:71,(anonymous_12)
FN:80,(anonymous_13)
FN:84,(anonymous_14)
FN:89,(anonymous_15)
FN:101,(anonymous_16)
FN:109,(anonymous_17)
FN:118,(anonymous_18)
FN:156,(anonymous_19)
FN:178,(anonymous_20)
FN:200,(anonymous_21)
FN:229,(anonymous_22)
FNF:13
FNH:0
FNDA:0,useCarousel
FNDA:0,(anonymous_11)
FNDA:0,(anonymous_12)
FNDA:0,(anonymous_13)
FNDA:0,(anonymous_14)
FNDA:0,(anonymous_15)
FNDA:0,(anonymous_16)
FNDA:0,(anonymous_17)
FNDA:0,(anonymous_18)
FNDA:0,(anonymous_19)
FNDA:0,(anonymous_20)
FNDA:0,(anonymous_21)
FNDA:0,(anonymous_22)
DA:3,0
DA:6,0
DA:7,0
DA:9,0
DA:10,0
DA:33,0
DA:36,0
DA:38,0
DA:39,0
DA:42,0
DA:45,0
DA:61,0
DA:68,0
DA:69,0
DA:71,0
DA:72,0
DA:73,0
DA:76,0
DA:77,0
DA:80,0
DA:81,0
DA:84,0
DA:85,0
DA:88,0
DA:90,0
DA:91,0
DA:92,0
DA:93,0
DA:94,0
DA:95,0
DA:101,0
DA:102,0
DA:103,0
DA:106,0
DA:109,0
DA:110,0
DA:111,0
DA:114,0
DA:115,0
DA:116,0
DA:118,0
DA:119,0
DA:151,0
DA:153,0
DA:157,0
DA:173,0
DA:175,0
DA:179,0
DA:195,0
DA:197,0
DA:201,0
DA:224,0
DA:226,0
DA:230,0
DA:253,0
DA:257,0
DA:258,0
DA:259,0
DA:260,0
DA:261,0
LF:60
LH:0
BRDA:38,0,0,0
BRDA:51,1,0,0
BRDA:64,2,0,0
BRDA:64,2,1,0
BRDA:72,3,0,0
BRDA:90,4,0,0
BRDA:90,4,1,0
BRDA:93,5,0,0
BRDA:102,6,0,0
BRDA:102,7,0,0
BRDA:102,7,1,0
BRDA:110,8,0,0
BRDA:130,9,0,0
BRDA:130,9,1,0
BRDA:130,10,0,0
BRDA:130,10,1,0
BRDA:165,11,0,0
BRDA:165,11,1,0
BRDA:188,12,0,0
BRDA:188,12,1,0
BRDA:200,13,0,0
BRDA:200,14,0,0
BRDA:210,15,0,0
BRDA:210,15,1,0
BRDA:229,16,0,0
BRDA:229,17,0,0
BRDA:239,18,0,0
BRDA:239,18,1,0
BRF:28
BRH:0
end_of_record
TN:
SF:components/ui/chart.tsx
FN:27,useChart
FN:45,(anonymous_11)
FN:70,(anonymous_12)
FN:72,(anonymous_13)
FN:84,(anonymous_14)
FN:87,(anonymous_15)
FN:116,(anonymous_16)
FN:136,(anonymous_17)
FN:188,(anonymous_18)
FN:269,(anonymous_19)
FN:288,(anonymous_20)
FN:320,getPayloadConfigFromPayload
FNF:12
FNH:0
FNDA:0,useChart
FNDA:0,(anonymous_11)
FNDA:0,(anonymous_12)
FNDA:0,(anonymous_13)
FNDA:0,(anonymous_14)
FNDA:0,(anonymous_15)
FNDA:0,(anonymous_16)
FNDA:0,(anonymous_17)
FNDA:0,(anonymous_18)
FNDA:0,(anonymous_19)
FNDA:0,(anonymous_20)
FNDA:0,getPayloadConfigFromPayload
DA:3,0
DA:4,0
DA:6,0
DA:9,0
DA:25,0
DA:28,0
DA:30,0
DA:31,0
DA:34,0
DA:37,0
DA:46,0
DA:47,0
DA:68,0
DA:70,0
DA:71,0
DA:72,0
DA:75,0
DA:76,0
DA:84,0
DA:89,0
DA:91,0
DA:103,0
DA:105,0
DA:134,0
DA:136,0
DA:137,0
DA:138,0
DA:141,0
DA:142,0
DA:143,0
DA:145,0
DA:149,0
DA:157,0
DA:158,0
DA:172,0
DA:173,0
DA:176,0
DA:189,0
DA:190,0
DA:191,0
DA:193,0
DA:257,0
DA:259,0
DA:261,0
DA:273,0
DA:275,0
DA:276,0
DA:289,0
DA:290,0
DA:292,0
DA:317,0
DA:325,0
DA:326,0
DA:330,0
DA:336,0
DA:338,0
DA:342,0
DA:343,0
DA:348,0
DA:353,0
DA:359,0
DA:360,0
DA:361,0
DA:362,0
DA:363,0
DA:364,0
LF:66
LH:0
BRDA:30,0,0,0
BRDA:47,1,0,0
BRDA:47,1,1,0
BRDA:72,2,0,0
BRDA:72,2,1,0
BRDA:75,3,0,0
BRDA:89,4,0,0
BRDA:89,4,1,0
BRDA:91,5,0,0
BRDA:91,5,1,0
BRDA:121,6,0,0
BRDA:122,7,0,0
BRDA:123,8,0,0
BRDA:137,9,0,0
BRDA:137,10,0,0
BRDA:137,10,1,0
BRDA:142,11,0,0
BRDA:142,11,1,0
BRDA:142,11,2,0
BRDA:142,11,3,0
BRDA:145,12,0,0
BRDA:145,12,1,0
BRDA:145,13,0,0
BRDA:145,13,1,0
BRDA:146,14,0,0
BRDA:146,14,1,0
BRDA:149,15,0,0
BRDA:157,16,0,0
BRDA:172,17,0,0
BRDA:172,18,0,0
BRDA:172,18,1,0
BRDA:176,19,0,0
BRDA:176,19,1,0
BRDA:186,20,0,0
BRDA:186,20,1,0
BRDA:189,21,0,0
BRDA:189,21,1,0
BRDA:189,21,2,0
BRDA:189,21,3,0
BRDA:191,22,0,0
BRDA:191,22,1,0
BRDA:191,22,2,0
BRDA:198,23,0,0
BRDA:198,23,1,0
BRDA:202,24,0,0
BRDA:201,25,0,0
BRDA:201,25,1,0
BRDA:201,25,2,0
BRDA:206,26,0,0
BRDA:208,27,0,0
BRDA:217,28,0,0
BRDA:217,28,1,0
BRDA:232,29,0,0
BRDA:232,29,1,0
BRDA:236,30,0,0
BRDA:236,30,1,0
BRDA:238,31,0,0
BRDA:238,31,1,0
BRDA:241,32,0,0
BRDA:270,33,0,0
BRDA:270,34,0,0
BRDA:275,35,0,0
BRDA:284,36,0,0
BRDA:284,36,1,0
BRDA:289,37,0,0
BRDA:289,37,1,0
BRDA:289,37,2,0
BRDA:300,38,0,0
BRDA:299,39,0,0
BRDA:299,39,1,0
BRDA:325,40,0,0
BRDA:325,41,0,0
BRDA:325,41,1,0
BRDA:330,42,0,0
BRDA:330,42,1,0
BRDA:330,43,0,0
BRDA:330,43,1,0
BRDA:330,43,2,0
BRDA:338,44,0,0
BRDA:338,44,1,0
BRDA:339,45,0,0
BRDA:339,45,1,0
BRDA:343,46,0,0
BRDA:344,47,0,0
BRDA:344,47,1,0
BRDA:344,47,2,0
BRDA:353,48,0,0
BRDA:353,48,1,0
BRF:88
BRH:0
end_of_record
TN:
SF:components/ui/checkbox.tsx
FNF:0
FNH:0
DA:3,0
DA:4,0
DA:5,0
DA:7,0
DA:28,0
DA:30,0
LF:6
LH:0
BRF:0
BRH:0
end_of_record
TN:
SF:components/ui/collapsible.tsx
FNF:0
FNH:0
DA:3,0
DA:5,0
DA:7,0
DA:9,0
DA:11,0
LF:5
LH:0
BRF:0
BRH:0
end_of_record
TN:
SF:components/ui/command.tsx
FN:26,(anonymous_14)
FN:127,(anonymous_21)
FNF:2
FNH:0
FNDA:0,(anonymous_14)
FNDA:0,(anonymous_21)
DA:3,0
DA:5,0
DA:6,0
DA:8,0
DA:9,0
DA:24,0
DA:26,0
DA:55,0
DA:68,0
DA:81,0
DA:97,0
DA:109,0
DA:125,0
DA:127,0
DA:141,0
DA:144,0
DA:145,0
DA:146,0
DA:147,0
DA:148,0
DA:149,0
DA:150,0
DA:151,0
DA:152,0
LF:24
LH:0
BRF:0
BRH:0
end_of_record
TN:
SF:components/ui/context-menu.tsx
FN:168,(anonymous_27)
FNF:1
FNH:0
FNDA:0,(anonymous_27)
DA:3,0
DA:4,0
DA:5,0
DA:7,0
DA:9,0
DA:11,0
DA:13,0
DA:15,0
DA:17,0
DA:19,0
DA:40,0
DA:55,0
DA:72,0
DA:90,0
DA:113,0
DA:136,0
DA:154,0
DA:166,0
DA:168,0
DA:182,0
DA:185,0
DA:186,0
DA:187,0
DA:188,0
DA:189,0
DA:190,0
DA:191,0
DA:192,0
DA:193,0
DA:194,0
DA:195,0
DA:196,0
DA:197,0
DA:198,0
DA:199,0
LF:35
LH:0
BRDA:31,0,0,0
BRDA:31,0,1,0
BRDA:84,1,0,0
BRDA:84,1,1,0
BRDA:148,2,0,0
BRDA:148,2,1,0
BRF:6
BRH:0
end_of_record
TN:
SF:components/ui/dialog.tsx
FNF:0
FNH:0
DA:3,0
DA:4,0
DA:5,0
DA:7,0
DA:9,0
DA:11,0
DA:13,0
DA:15,0
DA:30,0
DA:54,0
DA:68,0
DA:82,0
DA:97,0
DA:109,0
DA:112,0
DA:113,0
DA:114,0
DA:115,0
DA:116,0
DA:117,0
DA:118,0
DA:119,0
DA:120,0
DA:121,0
LF:24
LH:0
BRF:0
BRH:0
end_of_record
TN:
SF:components/ui/drawer.tsx
FNF:0
FNH:0
DA:3,0
DA:4,0
DA:6,0
DA:17,0
DA:19,0
DA:21,0
DA:23,0
DA:35,0
DA:56,0
DA:67,0
DA:78,0
DA:93,0
DA:105,0
DA:108,0
DA:109,0
DA:110,0
DA:111,0
DA:112,0
DA:113,0
DA:114,0
DA:115,0
DA:116,0
DA:117,0
LF:23
LH:0
BRDA:9,0,0,0
BRF:1
BRH:0
end_of_record
TN:
SF:components/ui/dropdown-menu.tsx
FN:171,(anonymous_27)
FNF:1
FNH:0
FNDA:0,(anonymous_27)
DA:3,0
DA:4,0
DA:5,0
DA:7,0
DA:9,0
DA:11,0
DA:13,0
DA:15,0
DA:17,0
DA:19,0
DA:40,0
DA:56,0
DA:75,0
DA:93,0
DA:116,0
DA:139,0
DA:157,0
DA:169,0
DA:171,0
DA:182,0
DA:185,0
DA:186,0
DA:187,0
DA:188,0
DA:189,0
DA:190,0
DA:191,0
DA:192,0
DA:193,0
DA:194,0
DA:195,0
DA:196,0
DA:197,0
DA:198,0
DA:199,0
LF:35
LH:0
BRDA:31,0,0,0
BRDA:31,0,1,0
BRDA:62,1,0,0
BRDA:87,2,0,0
BRDA:87,2,1,0
BRDA:151,3,0,0
BRDA:151,3,1,0
BRF:7
BRH:0
end_of_record
TN:
SF:components/ui/form.tsx
FN:31,(anonymous_12)
FN:44,(anonymous_13)
FN:78,(anonymous_14)
FN:92,(anonymous_15)
FN:109,(anonymous_16)
FN:131,(anonymous_17)
FN:148,(anonymous_18)
FNF:7
FNH:0
FNDA:0,(anonymous_12)
FNDA:0,(anonymous_13)
FNDA:0,(anonymous_14)
FNDA:0,(anonymous_15)
FNDA:0,(anonymous_16)
FNDA:0,(anonymous_17)
FNDA:0,(anonymous_18)
DA:3,0
DA:5,0
DA:13,0
DA:15,0
DA:16,0
DA:18,0
DA:27,0
DA:31,0
DA:44,0
DA:45,0
DA:46,0
DA:47,0
DA:49,0
DA:51,0
DA:52,0
DA:55,0
DA:57,0
DA:71,0
DA:75,0
DA:79,0
DA:87,0
DA:89,0
DA:93,0
DA:104,0
DA:106,0
DA:110,0
DA:126,0
DA:128,0
DA:132,0
DA:143,0
DA:145,0
DA:149,0
DA:150,0
DA:152,0
DA:153,0
DA:167,0
DA:170,0
DA:171,0
DA:172,0
DA:173,0
DA:174,0
DA:175,0
DA:176,0
DA:177,0
LF:44
LH:0
BRDA:51,0,0,0
BRDA:98,1,0,0
BRDA:98,1,1,0
BRDA:117,2,0,0
BRDA:117,2,1,0
BRDA:150,3,0,0
BRDA:150,3,1,0
BRDA:152,4,0,0
BRF:8
BRH:0
end_of_record
TN:
SF:components/ui/hover-card.tsx
FNF:0
FNH:0
DA:3,0
DA:4,0
DA:6,0
DA:8,0
DA:10,0
DA:27,0
DA:29,0
LF:7
LH:0
BRDA:15,0,0,0
BRDA:15,1,0,0
BRF:2
BRH:0
end_of_record
TN:
SF:components/ui/input-otp.tsx
FN:36,(anonymous_10)
FNF:1
FNH:0
FNDA:0,(anonymous_10)
DA:3,0
DA:4,0
DA:5,0
DA:7,0
DA:23,0
DA:31,0
DA:33,0
DA:37,0
DA:38,0
DA:59,0
DA:69,0
DA:71,0
LF:12
LH:0
BRDA:45,0,0,0
BRDA:45,0,1,0
BRDA:51,1,0,0
BRF:3
BRH:0
end_of_record
TN:
SF:components/ui/input.tsx
FN:6,(anonymous_4)
FNF:1
FNH:0
FNDA:0,(anonymous_4)
DA:1,0
DA:3,0
DA:5,0
DA:20,0
DA:22,0
LF:5
LH:0
BRF:0
BRH:0
end_of_record
TN:
SF:components/ui/label.tsx
FNF:0
FNH:0
DA:3,0
DA:4,0
DA:5,0
DA:7,0
DA:9,0
DA:24,0
DA:26,0
LF:7
LH:0
BRF:0
BRH:0
end_of_record
TN:
SF:components/ui/loading.tsx
FN:63,(anonymous_10)
FN:105,(anonymous_11)
FN:113,(anonymous_12)
FN:138,(anonymous_13)
FN:141,(anonymous_14)
FN:187,(anonymous_15)
FN:216,(anonymous_16)
FN:291,(anonymous_20)
FNF:8
FNH:0
FNDA:0,(anonymous_10)
FNDA:0,(anonymous_11)
FNDA:0,(anonymous_12)
FNDA:0,(anonymous_13)
FNDA:0,(anonymous_14)
FNDA:0,(anonymous_15)
FNDA:0,(anonymous_16)
FNDA:0,(anonymous_20)
DA:5,0
DA:6,0
DA:7,0
DA:63,0
DA:68,0
DA:105,0
DA:113,0
DA:114,0
DA:116,0
DA:118,0
DA:120,0
DA:122,0
DA:124,0
DA:126,0
DA:128,0
DA:130,0
DA:132,0
DA:134,0
DA:138,0
DA:139,0
DA:142,0
DA:157,0
DA:165,0
DA:173,0
DA:187,0
DA:216,0
DA:223,0
DA:227,0
DA:241,0
DA:259,0
DA:280,0
DA:292,0
DA:303,0
LF:33
LH:0
BRDA:64,0,0,0
BRDA:65,1,0,0
BRDA:66,2,0,0
BRDA:107,3,0,0
BRDA:108,4,0,0
BRDA:111,5,0,0
BRDA:114,6,0,0
BRDA:114,6,1,0
BRDA:114,6,2,0
BRDA:114,6,3,0
BRDA:114,6,4,0
BRDA:114,6,5,0
BRDA:114,6,6,0
BRDA:114,6,7,0
BRDA:114,6,8,0
BRDA:114,6,9,0
BRDA:147,7,0,0
BRDA:147,7,1,0
BRDA:147,8,0,0
BRDA:147,8,1,0
BRDA:150,9,0,0
BRDA:150,9,1,0
BRDA:150,10,0,0
BRDA:150,10,1,0
BRDA:151,11,0,0
BRDA:151,11,1,0
BRDA:151,12,0,0
BRDA:151,12,1,0
BRDA:157,13,0,0
BRDA:165,14,0,0
BRDA:173,15,0,0
BRDA:190,16,0,0
BRDA:191,17,0,0
BRDA:193,18,0,0
BRDA:199,19,0,0
BRDA:203,20,0,0
BRDA:203,20,1,0
BRDA:206,21,0,0
BRDA:221,22,0,0
BRDA:223,23,0,0
BRDA:227,24,0,0
BRDA:233,25,0,0
BRDA:233,25,1,0
BRDA:280,26,0,0
BRF:44
BRH:0
end_of_record
TN:
SF:components/ui/menubar.tsx
FN:203,(anonymous_30)
FNF:1
FNH:0
FNDA:0,(anonymous_30)
DA:3,0
DA:4,0
DA:5,0
DA:7,0
DA:9,0
DA:11,0
DA:13,0
DA:15,0
DA:17,0
DA:32,0
DA:47,0
DA:68,0
DA:83,0
DA:108,0
DA:126,0
DA:149,0
DA:171,0
DA:189,0
DA:201,0
DA:203,0
DA:217,0
DA:220,0
DA:221,0
DA:222,0
DA:223,0
DA:224,0
DA:225,0
DA:226,0
DA:227,0
DA:228,0
DA:229,0
DA:230,0
DA:231,0
DA:232,0
DA:233,0
DA:234,0
DA:235,0
LF:37
LH:0
BRDA:59,0,0,0
BRDA:59,0,1,0
BRDA:90,1,0,0
BRDA:90,2,0,0
BRDA:90,3,0,0
BRDA:120,4,0,0
BRDA:120,4,1,0
BRDA:183,5,0,0
BRDA:183,5,1,0
BRF:9
BRH:0
end_of_record
TN:
SF:components/ui/modal.tsx
FN:20,Modal
FNF:1
FNH:0
FNDA:0,Modal
DA:3,0
DA:4,0
DA:5,0
DA:6,0
DA:7,0
DA:20,0
LF:6
LH:0
BRDA:27,0,0,0
BRDA:28,1,0,0
BRDA:31,2,0,0
BRDA:31,2,1,0
BRDA:38,3,0,0
BRDA:38,3,1,0
BRDA:39,4,0,0
BRDA:39,4,1,0
BRDA:41,5,0,0
BRDA:52,6,0,0
BRDA:52,6,1,0
BRDA:54,7,0,0
BRDA:55,8,0,0
BRF:13
BRH:0
end_of_record
TN:
SF:components/ui/navigation-menu.tsx
FNF:0
FNH:0
DA:1,0
DA:2,0
DA:3,0
DA:4,0
DA:6,0
DA:24,0
DA:39,0
DA:41,0
DA:43,0
DA:63,0
DA:78,0
DA:80,0
DA:97,0
DA:115,0
DA:119,0
DA:120,0
DA:121,0
DA:122,0
DA:123,0
DA:124,0
DA:125,0
DA:126,0
DA:127,0
LF:23
LH:0
BRF:0
BRH:0
end_of_record
TN:
SF:components/ui/pagination.tsx
FNF:0
FNH:0
DA:1,0
DA:2,0
DA:4,0
DA:5,0
DA:15,0
DA:27,0
DA:35,0
DA:60,0
DA:76,0
DA:92,0
DA:107,0
DA:110,0
DA:111,0
DA:112,0
DA:113,0
DA:114,0
DA:115,0
DA:116,0
LF:18
LH:0
BRDA:45,0,0,0
BRDA:49,1,0,0
BRDA:49,1,1,0
BRDA:52,2,0,0
BRDA:52,2,1,0
BRF:5
BRH:0
end_of_record
TN:
SF:components/ui/popover.tsx
FNF:0
FNH:0
DA:3,0
DA:4,0
DA:6,0
DA:8,0
DA:10,0
DA:29,0
DA:31,0
LF:7
LH:0
BRDA:15,0,0,0
BRDA:15,1,0,0
BRF:2
BRH:0
end_of_record
TN:
SF:components/ui/progress.tsx
FNF:0
FNH:0
DA:3,0
DA:4,0
DA:6,0
DA:26,0
DA:28,0
LF:5
LH:0
BRDA:22,0,0,0
BRDA:22,0,1,0
BRF:2
BRH:0
end_of_record
TN:
SF:components/ui/radio-group.tsx
FN:12,(anonymous_6)
FN:26,(anonymous_7)
FNF:2
FNH:0
FNDA:0,(anonymous_6)
FNDA:0,(anonymous_7)
DA:3,0
DA:4,0
DA:5,0
DA:7,0
DA:9,0
DA:21,0
DA:23,0
DA:42,0
DA:44,0
LF:9
LH:0
BRF:0
BRH:0
end_of_record
TN:
SF:components/ui/resizable.tsx
FNF:0
FNH:0
DA:3,0
DA:4,0
DA:6,0
DA:21,0
DA:45,0
LF:5
LH:0
BRDA:37,0,0,0
BRF:1
BRH:0
end_of_record
TN:
SF:components/ui/scroll-area.tsx
FNF:0
FNH:0
DA:3,0
DA:4,0
DA:6,0
DA:24,0
DA:46,0
DA:48,0
LF:6
LH:0
BRDA:29,0,0,0
BRDA:35,1,0,0
BRDA:35,1,1,0
BRDA:37,2,0,0
BRDA:37,2,1,0
BRF:5
BRH:0
end_of_record
TN:
SF:components/ui/select.tsx
FNF:0
FNH:0
DA:3,0
DA:4,0
DA:5,0
DA:7,0
DA:9,0
DA:11,0
DA:13,0
DA:33,0
DA:50,0
DA:67,0
DA:100,0
DA:112,0
DA:135,0
DA:147,0
DA:150,0
DA:151,0
DA:152,0
DA:153,0
DA:154,0
DA:155,0
DA:156,0
DA:157,0
DA:158,0
DA:159,0
LF:24
LH:0
BRDA:73,0,0,0
BRDA:79,1,0,0
BRDA:79,1,1,0
BRDA:90,2,0,0
BRDA:90,2,1,0
BRF:5
BRH:0
end_of_record
TN:
SF:components/ui/separator.tsx
FNF:0
FNH:0
DA:3,0
DA:4,0
DA:6,0
DA:29,0
DA:31,0
LF:5
LH:0
BRDA:13,0,0,0
BRDA:13,1,0,0
BRDA:22,2,0,0
BRDA:22,2,1,0
BRF:4
BRH:0
end_of_record
TN:
SF:components/ui/sheet.tsx
FNF:0
FNH:0
DA:3,0
DA:4,0
DA:5,0
DA:6,0
DA:8,0
DA:10,0
DA:12,0
DA:14,0
DA:16,0
DA:31,0
DA:33,0
DA:75,0
DA:89,0
DA:103,0
DA:115,0
DA:127,0
DA:130,0
DA:131,0
DA:132,0
DA:133,0
DA:134,0
DA:135,0
DA:136,0
DA:137,0
DA:138,0
DA:139,0
LF:26
LH:0
BRDA:59,0,0,0
BRF:1
BRH:0
end_of_record
TN:
SF:components/ui/sidebar.tsx
FN:41,useSidebar
FN:58,(anonymous_29)
FN:78,(anonymous_30)
FN:93,(anonymous_31)
FN:95,(anonymous_32)
FN:96,(anonymous_33)
FN:100,(anonymous_34)
FN:101,(anonymous_35)
FN:112,(anonymous_36)
FN:120,(anonymous_37)
FN:167,(anonymous_38)
FN:265,(anonymous_39)
FN:275,(anonymous_40)
FN:291,(anonymous_41)
FN:320,(anonymous_42)
FN:338,(anonymous_43)
FN:356,(anonymous_44)
FN:371,(anonymous_45)
FN:386,(anonymous_46)
FN:401,(anonymous_47)
FN:419,(anonymous_48)
FN:434,(anonymous_49)
FN:455,(anonymous_50)
FN:544,(anonymous_54)
FN:601,(anonymous_55)
FN:652,(anonymous_57)
FN:654,(anonymous_58)
FN:715,(anonymous_61)
FNF:28
FNH:0
FNDA:0,useSidebar
FNDA:0,(anonymous_29)
FNDA:0,(anonymous_30)
FNDA:0,(anonymous_31)
FNDA:0,(anonymous_32)
FNDA:0,(anonymous_33)
FNDA:0,(anonymous_34)
FNDA:0,(anonymous_35)
FNDA:0,(anonymous_36)
FNDA:0,(anonymous_37)
FNDA:0,(anonymous_38)
FNDA:0,(anonymous_39)
FNDA:0,(anonymous_40)
FNDA:0,(anonymous_41)
FNDA:0,(anonymous_42)
FNDA:0,(anonymous_43)
FNDA:0,(anonymous_44)
FNDA:0,(anonymous_45)
FNDA:0,(anonymous_46)
FNDA:0,(anonymous_47)
FNDA:0,(anonymous_48)
FNDA:0,(anonymous_49)
FNDA:0,(anonymous_50)
FNDA:0,(anonymous_54)
FNDA:0,(anonymous_55)
FNDA:0,(anonymous_57)
FNDA:0,(anonymous_58)
FNDA:0,(anonymous_61)
DA:3,0
DA:4,0
DA:5,0
DA:6,0
DA:8,0
DA:9,0
DA:10,0
DA:11,0
DA:12,0
DA:13,0
DA:14,0
DA:20,0
DA:22,0
DA:23,0
DA:24,0
DA:25,0
DA:26,0
DA:27,0
DA:39,0
DA:42,0
DA:43,0
DA:44,0
DA:47,0
DA:50,0
DA:70,0
DA:71,0
DA:75,0
DA:76,0
DA:77,0
DA:79,0
DA:80,0
DA:81,0
DA:83,0
DA:87,0
DA:93,0
DA:94,0
DA:95,0
DA:96,0
DA:100,0
DA:101,0
DA:102,0
DA:106,0
DA:107,0
DA:111,0
DA:112,0
DA:117,0
DA:119,0
DA:120,0
DA:157,0
DA:159,0
DA:178,0
DA:180,0
DA:195,0
DA:260,0
DA:262,0
DA:266,0
DA:276,0
DA:277,0
DA:286,0
DA:288,0
DA:292,0
DA:315,0
DA:317,0
DA:333,0
DA:335,0
DA:351,0
DA:353,0
DA:366,0
DA:368,0
DA:381,0
DA:383,0
DA:396,0
DA:398,0
DA:414,0
DA:416,0
DA:429,0
DA:431,0
DA:435,0
DA:450,0
DA:452,0
DA:456,0
DA:473,0
DA:486,0
DA:499,0
DA:512,0
DA:514,0
DA:536,0
DA:556,0
DA:557,0
DA:570,0
DA:571,0
DA:574,0
DA:575,0
DA:593,0
DA:595,0
DA:602,0
DA:624,0
DA:645,0
DA:647,0
DA:654,0
DA:655,0
DA:683,0
DA:700,0
DA:706,0
DA:708,0
DA:716,0
DA:736,0
DA:739,0
DA:740,0
DA:741,0
DA:742,0
DA:743,0
DA:744,0
DA:745,0
DA:746,0
DA:747,0
DA:748,0
DA:749,0
DA:750,0
DA:751,0
DA:752,0
DA:753,0
DA:754,0
DA:755,0
DA:756,0
DA:757,0
DA:758,0
DA:759,0
DA:760,0
DA:761,0
DA:762,0
LF:131
LH:0
BRDA:43,0,0,0
BRDA:60,1,0,0
BRDA:76,2,0,0
BRDA:76,2,1,0
BRDA:79,3,0,0
BRDA:79,3,1,0
BRDA:80,4,0,0
BRDA:80,4,1,0
BRDA:94,5,0,0
BRDA:94,5,1,0
BRDA:102,6,0,0
BRDA:103,7,0,0
BRDA:103,7,1,0
BRDA:103,7,2,0
BRDA:117,8,0,0
BRDA:117,8,1,0
BRDA:169,9,0,0
BRDA:170,10,0,0
BRDA:171,11,0,0
BRDA:180,12,0,0
BRDA:195,13,0,0
BRDA:220,14,0,0
BRDA:220,14,1,0
BRDA:230,15,0,0
BRDA:230,15,1,0
BRDA:230,16,0,0
BRDA:230,16,1,0
BRDA:238,17,0,0
BRDA:238,17,1,0
BRDA:242,18,0,0
BRDA:242,18,1,0
BRDA:242,19,0,0
BRDA:242,19,1,0
BRDA:434,20,0,0
BRDA:435,21,0,0
BRDA:435,21,1,0
BRDA:455,22,0,0
BRDA:456,23,0,0
BRDA:456,23,1,0
BRDA:546,24,0,0
BRDA:547,25,0,0
BRDA:548,26,0,0
BRDA:549,27,0,0
BRDA:556,28,0,0
BRDA:556,28,1,0
BRDA:570,29,0,0
BRDA:574,30,0,0
BRDA:586,31,0,0
BRDA:586,31,1,0
BRDA:601,32,0,0
BRDA:601,33,0,0
BRDA:602,34,0,0
BRDA:602,34,1,0
BRDA:616,35,0,0
BRDA:616,35,1,0
BRDA:652,36,0,0
BRDA:665,37,0,0
BRDA:715,38,0,0
BRDA:715,39,0,0
BRDA:716,40,0,0
BRDA:716,40,1,0
BRDA:727,41,0,0
BRDA:727,41,1,0
BRDA:728,42,0,0
BRDA:728,42,1,0
BRF:65
BRH:0
end_of_record
TN:
SF:components/ui/skeleton.tsx
FN:3,Skeleton
FNF:1
FNH:0
FNDA:0,Skeleton
DA:1,0
DA:15,0
LF:2
LH:0
BRF:0
BRH:0
end_of_record
TN:
SF:components/ui/skip-link.tsx
FN:14,SkipLink
FNF:1
FNH:0
FNDA:0,SkipLink
DA:3,0
DA:4,0
DA:14,0
LF:3
LH:0
BRDA:14,0,0,0
BRF:1
BRH:0
end_of_record
TN:
SF:components/ui/slider.tsx
FNF:0
FNH:0
DA:3,0
DA:4,0
DA:6,0
DA:26,0
DA:28,0
LF:5
LH:0
BRF:0
BRH:0
end_of_record
TN:
SF:components/ui/sonner.tsx
FN:8,(anonymous_1)
FNF:1
FNH:0
FNDA:0,(anonymous_1)
DA:3,0
DA:4,0
DA:8,0
DA:9,0
DA:31,0
LF:5
LH:0
BRDA:9,0,0,0
BRF:1
BRH:0
end_of_record
TN:
SF:components/ui/switch.tsx
FNF:0
FNH:0
DA:1,1
DA:2,1
DA:4,1
DA:25,1
DA:27,6
LF:5
LH:5
BRF:0
BRH:0
end_of_record
TN:
SF:components/ui/table.tsx
FNF:0
FNH:0
DA:1,0
DA:3,0
DA:17,0
DA:25,0
DA:37,0
DA:52,0
DA:67,0
DA:82,0
DA:94,0
DA:106,0
DA:109,0
DA:110,0
DA:111,0
DA:112,0
DA:113,0
DA:114,0
DA:115,0
DA:116,0
LF:18
LH:0
BRF:0
BRH:0
end_of_record
TN:
SF:components/ui/tabs.tsx
FNF:0
FNH:0
DA:1,0
DA:2,0
DA:4,0
DA:6,0
DA:21,0
DA:36,0
DA:51,0
DA:53,0
LF:8
LH:0
BRF:0
BRH:0
end_of_record
TN:
SF:components/ui/textarea.tsx
FN:8,(anonymous_4)
FNF:1
FNH:0
FNDA:0,(anonymous_4)
DA:1,0
DA:3,0
DA:5,0
DA:20,0
DA:22,0
LF:5
LH:0
BRF:0
BRH:0
end_of_record
TN:
SF:components/ui/toast.tsx
FN:47,(anonymous_12)
FNF:1
FNH:0
FNDA:0,(anonymous_12)
DA:3,0
DA:4,0
DA:5,0
DA:6,0
DA:8,0
DA:10,0
DA:25,0
DA:27,0
DA:43,0
DA:56,0
DA:71,0
DA:89,0
DA:101,0
DA:113,0
DA:122,0
DA:123,0
DA:124,0
DA:125,0
DA:126,0
DA:127,0
DA:128,0
LF:21
LH:0
BRF:0
BRH:0
end_of_record
TN:
SF:components/ui/toaster.tsx
FN:13,Toaster
FN:18,(anonymous_2)
FNF:2
FNH:0
FNDA:0,Toaster
FNDA:0,(anonymous_2)
DA:3,0
DA:11,0
DA:13,0
DA:14,0
DA:19,0
LF:5
LH:0
BRDA:22,0,0,0
BRDA:23,1,0,0
BRF:2
BRH:0
end_of_record
TN:
SF:components/ui/toggle-group.tsx
FN:39,(anonymous_7)
FNF:1
FNH:0
FNDA:0,(anonymous_7)
DA:3,0
DA:4,0
DA:7,0
DA:8,0
DA:10,0
DA:33,0
DA:35,0
DA:40,0
DA:59,0
DA:61,0
LF:10
LH:0
BRDA:47,0,0,0
BRDA:47,0,1,0
BRDA:48,1,0,0
BRDA:48,1,1,0
BRF:4
BRH:0
end_of_record
TN:
SF:components/ui/toggle.tsx
FNF:0
FNH:0
DA:3,0
DA:4,0
DA:5,0
DA:7,0
DA:9,0
DA:43,0
DA:45,0
LF:7
LH:0
BRF:0
BRH:0
end_of_record
TN:
SF:components/ui/tooltip.tsx
FNF:0
FNH:0
DA:1,0
DA:2,0
DA:4,0
DA:6,0
DA:8,0
DA:10,0
DA:26,0
DA:28,0
LF:8
LH:0
BRDA:15,0,0,0
BRF:1
BRH:0
end_of_record
TN:
SF:components/ui/use-mobile.tsx
FN:5,useIsMobile
FN:8,(anonymous_5)
FN:10,(anonymous_6)
FN:15,(anonymous_7)
FNF:4
FNH:0
FNDA:0,useIsMobile
FNDA:0,(anonymous_5)
FNDA:0,(anonymous_6)
FNDA:0,(anonymous_7)
DA:1,0
DA:3,0
DA:5,0
DA:6,0
DA:8,0
DA:9,0
DA:10,0
DA:11,0
DA:13,0
DA:14,0
DA:15,0
DA:18,0
LF:12
LH:0
BRF:0
BRH:0
end_of_record
TN:
SF:components/ui/use-toast.ts
FN:30,genId
FN:61,(anonymous_8)
FN:66,(anonymous_9)
FN:77,(anonymous_10)
FN:88,(anonymous_11)
FN:101,(anonymous_12)
FN:108,(anonymous_13)
FN:127,(anonymous_14)
FN:136,dispatch
FN:138,(anonymous_16)
FN:145,toast
FN:148,(anonymous_18)
FN:153,(anonymous_19)
FN:161,(anonymous_20)
FN:174,useToast
FN:177,(anonymous_22)
FN:179,(anonymous_23)
FN:190,(anonymous_24)
FNF:18
FNH:0
FNDA:0,genId
FNDA:0,(anonymous_8)
FNDA:0,(anonymous_9)
FNDA:0,(anonymous_10)
FNDA:0,(anonymous_11)
FNDA:0,(anonymous_12)
FNDA:0,(anonymous_13)
FNDA:0,(anonymous_14)
FNDA:0,dispatch
FNDA:0,(anonymous_16)
FNDA:0,toast
FNDA:0,(anonymous_18)
FNDA:0,(anonymous_19)
FNDA:0,(anonymous_20)
FNDA:0,useToast
FNDA:0,(anonymous_22)
FNDA:0,(anonymous_23)
FNDA:0,(anonymous_24)
DA:4,0
DA:11,0
DA:12,0
DA:21,0
DA:28,0
DA:31,0
DA:32,0
DA:59,0
DA:61,0
DA:62,0
DA:63,0
DA:66,0
DA:67,0
DA:68,0
DA:74,0
DA:77,0
DA:78,0
DA:80,0
DA:86,0
DA:89,0
DA:94,0
DA:98,0
DA:99,0
DA:101,0
DA:102,0
DA:106,0
DA:109,0
DA:119,0
DA:120,0
DA:125,0
DA:127,0
DA:132,0
DA:134,0
DA:137,0
DA:138,0
DA:139,0
DA:146,0
DA:148,0
DA:149,0
DA:153,0
DA:155,0
DA:162,0
DA:167,0
DA:175,0
DA:177,0
DA:178,0
DA:179,0
DA:180,0
DA:181,0
DA:182,0
DA:187,0
DA:190,0
DA:194,0
LF:53
LH:0
BRDA:62,0,0,0
BRDA:78,1,0,0
BRDA:78,1,1,0
BRDA:78,1,2,0
BRDA:78,1,3,0
BRDA:89,2,0,0
BRDA:89,2,1,0
BRDA:98,3,0,0
BRDA:98,3,1,0
BRDA:109,4,0,0
BRDA:109,4,1,0
BRDA:109,5,0,0
BRDA:109,5,1,0
BRDA:119,6,0,0
BRDA:162,7,0,0
BRDA:181,8,0,0
BRF:16
BRH:0
end_of_record
TN:
SF:hooks/use-api.ts
FN:75,useApi
FN:111,(anonymous_4)
FN:120,(anonymous_5)
FN:184,(anonymous_6)
FN:269,(anonymous_7)
FN:274,(anonymous_8)
FN:279,(anonymous_9)
FN:353,useMutation
FN:377,(anonymous_11)
FN:432,(anonymous_12)
FN:487,(anonymous_13)
FNF:11
FNH:0
FNDA:0,useApi
FNDA:0,(anonymous_4)
FNDA:0,(anonymous_5)
FNDA:0,(anonymous_6)
FNDA:0,(anonymous_7)
FNDA:0,(anonymous_8)
FNDA:0,(anonymous_9)
FNDA:0,useMutation
FNDA:0,(anonymous_11)
FNDA:0,(anonymous_12)
FNDA:0,(anonymous_13)
DA:5,0
DA:6,0
DA:7,0
DA:8,0
DA:15,0
DA:18,0
DA:75,0
DA:90,0
DA:92,0
DA:93,0
DA:94,0
DA:95,0
DA:96,0
DA:97,0
DA:98,0
DA:101,0
DA:102,0
DA:105,0
DA:106,0
DA:111,0
DA:112,0
DA:113,0
DA:120,0
DA:121,0
DA:122,0
DA:125,0
DA:126,0
DA:127,0
DA:129,0
DA:130,0
DA:132,0
DA:133,0
DA:135,0
DA:136,0
DA:138,0
DA:139,0
DA:141,0
DA:142,0
DA:144,0
DA:145,0
DA:147,0
DA:148,0
DA:150,0
DA:151,0
DA:153,0
DA:156,0
DA:159,0
DA:167,0
DA:176,0
DA:177,0
DA:184,0
DA:185,0
DA:186,0
DA:187,0
DA:190,0
DA:197,0
DA:198,0
DA:199,0
DA:200,0
DA:203,0
DA:204,0
DA:205,0
DA:206,0
DA:207,0
DA:208,0
DA:210,0
DA:211,0
DA:217,0
DA:219,0
DA:223,0
DA:227,0
DA:229,0
DA:230,0
DA:231,0
DA:233,0
DA:234,0
DA:235,0
DA:238,0
DA:239,0
DA:245,0
DA:247,0
DA:248,0
DA:251,0
DA:252,0
DA:259,0
DA:261,0
DA:262,0
DA:269,0
DA:270,0
DA:274,0
DA:275,0
DA:276,0
DA:279,0
DA:285,0
DA:353,0
DA:366,0
DA:368,0
DA:369,0
DA:370,0
DA:371,0
DA:372,0
DA:377,0
DA:378,0
DA:379,0
DA:382,0
DA:383,0
DA:384,0
DA:386,0
DA:387,0
DA:389,0
DA:390,0
DA:392,0
DA:393,0
DA:395,0
DA:396,0
DA:398,0
DA:399,0
DA:401,0
DA:402,0
DA:404,0
DA:405,0
DA:407,0
DA:408,0
DA:410,0
DA:413,0
DA:416,0
DA:424,0
DA:425,0
DA:432,0
DA:433,0
DA:434,0
DA:438,0
DA:440,0
DA:441,0
DA:445,0
DA:448,0
DA:449,0
DA:452,0
DA:453,0
DA:457,0
DA:458,0
DA:461,0
DA:463,0
DA:466,0
DA:469,0
DA:470,0
DA:474,0
DA:475,0
DA:478,0
DA:480,0
DA:487,0
DA:488,0
DA:489,0
DA:490,0
DA:493,0
LF:155
LH:0
BRDA:77,0,0,0
BRDA:81,1,0,0
BRDA:82,2,0,0
BRDA:83,3,0,0
BRDA:84,4,0,0
BRDA:89,5,0,0
BRDA:112,6,0,0
BRDA:125,7,0,0
BRDA:126,8,0,0
BRDA:126,8,1,0
BRDA:129,9,0,0
BRDA:129,9,1,0
BRDA:130,10,0,0
BRDA:130,10,1,0
BRDA:130,10,2,0
BRDA:130,10,3,0
BRDA:130,10,4,0
BRDA:130,10,5,0
BRDA:130,10,6,0
BRDA:130,10,7,0
BRDA:147,11,0,0
BRDA:147,11,1,0
BRDA:153,12,0,0
BRDA:153,12,1,0
BRDA:156,13,0,0
BRDA:156,13,1,0
BRDA:171,14,0,0
BRDA:171,14,1,0
BRDA:176,15,0,0
BRDA:184,16,0,0
BRDA:187,17,0,0
BRDA:187,17,1,0
BRDA:190,18,0,0
BRDA:191,19,0,0
BRDA:191,19,1,0
BRDA:191,19,2,0
BRDA:191,19,3,0
BRDA:191,19,4,0
BRDA:204,20,0,0
BRDA:208,21,0,0
BRDA:208,21,1,0
BRDA:231,22,0,0
BRDA:231,22,1,0
BRDA:238,23,0,0
BRDA:247,24,0,0
BRDA:247,24,1,0
BRDA:251,25,0,0
BRDA:275,26,0,0
BRDA:355,27,0,0
BRDA:362,28,0,0
BRDA:382,29,0,0
BRDA:383,30,0,0
BRDA:383,30,1,0
BRDA:386,31,0,0
BRDA:386,31,1,0
BRDA:387,32,0,0
BRDA:387,32,1,0
BRDA:387,32,2,0
BRDA:387,32,3,0
BRDA:387,32,4,0
BRDA:387,32,5,0
BRDA:387,32,6,0
BRDA:387,32,7,0
BRDA:404,33,0,0
BRDA:404,33,1,0
BRDA:410,34,0,0
BRDA:410,34,1,0
BRDA:413,35,0,0
BRDA:413,35,1,0
BRDA:424,36,0,0
BRDA:440,37,0,0
BRDA:452,38,0,0
BRDA:457,39,0,0
BRDA:463,40,0,0
BRDA:463,40,1,0
BRDA:469,41,0,0
BRDA:474,42,0,0
BRF:77
BRH:0
end_of_record
TN:
SF:hooks/use-auth.ts
FN:35,useAuth
FN:41,(anonymous_7)
FN:42,(anonymous_8)
FN:69,(anonymous_9)
FN:87,(anonymous_10)
FN:95,(anonymous_11)
FN:108,(anonymous_12)
FN:121,(anonymous_13)
FN:133,(anonymous_14)
FN:147,(anonymous_15)
FN:159,(anonymous_16)
FN:171,(anonymous_17)
FNF:12
FNH:0
FNDA:0,useAuth
FNDA:0,(anonymous_7)
FNDA:0,(anonymous_8)
FNDA:0,(anonymous_9)
FNDA:0,(anonymous_10)
FNDA:0,(anonymous_11)
FNDA:0,(anonymous_12)
FNDA:0,(anonymous_13)
FNDA:0,(anonymous_14)
FNDA:0,(anonymous_15)
FNDA:0,(anonymous_16)
FNDA:0,(anonymous_17)
DA:5,0
DA:6,0
DA:13,0
DA:14,0
DA:35,0
DA:36,0
DA:37,0
DA:38,0
DA:41,0
DA:42,0
DA:43,0
DA:46,0
DA:47,0
DA:49,0
DA:54,0
DA:57,0
DA:58,0
DA:64,0
DA:69,0
DA:70,0
DA:71,0
DA:72,0
DA:73,0
DA:74,0
DA:76,0
DA:79,0
DA:84,0
DA:87,0
DA:88,0
DA:95,0
DA:96,0
DA:97,0
DA:98,0
DA:99,0
DA:101,0
DA:108,0
DA:109,0
DA:110,0
DA:111,0
DA:112,0
DA:114,0
DA:121,0
DA:122,0
DA:123,0
DA:124,0
DA:126,0
DA:133,0
DA:134,0
DA:135,0
DA:136,0
DA:137,0
DA:138,0
DA:140,0
DA:147,0
DA:148,0
DA:149,0
DA:150,0
DA:152,0
DA:159,0
DA:160,0
DA:161,0
DA:162,0
DA:164,0
DA:171,0
DA:172,0
DA:173,0
DA:174,0
DA:176,0
DA:177,0
DA:180,0
DA:184,0
DA:198,0
LF:72
LH:0
BRDA:43,0,0,0
BRDA:43,0,1,0
BRDA:43,0,2,0
BRDA:46,1,0,0
BRDA:57,2,0,0
BRDA:70,3,0,0
BRDA:176,4,0,0
BRF:7
BRH:0
end_of_record
TN:
SF:hooks/use-mobile.tsx
FN:8,useIsMobile
FN:12,(anonymous_5)
FN:17,(anonymous_6)
FN:29,(anonymous_7)
FN:31,(anonymous_8)
FN:37,(anonymous_9)
FNF:6
FNH:0
FNDA:0,useIsMobile
FNDA:0,(anonymous_5)
FNDA:0,(anonymous_6)
FNDA:0,(anonymous_7)
FNDA:0,(anonymous_8)
FNDA:0,(anonymous_9)
DA:3,0
DA:4,0
DA:6,0
DA:8,0
DA:9,0
DA:10,0
DA:12,0
DA:14,0
DA:17,0
DA:18,0
DA:19,0
DA:24,0
DA:27,0
DA:28,0
DA:29,0
DA:30,0
DA:31,0
DA:35,0
DA:36,0
DA:37,0
DA:40,0
DA:45,0
LF:22
LH:0
BRDA:18,0,0,0
BRDA:28,1,0,0
BRDA:35,2,0,0
BRDA:45,3,0,0
BRDA:45,3,1,0
BRF:5
BRH:0
end_of_record
TN:
SF:hooks/use-toast.ts
FN:30,genId
FN:61,(anonymous_8)
FN:66,(anonymous_9)
FN:77,(anonymous_10)
FN:88,(anonymous_11)
FN:101,(anonymous_12)
FN:108,(anonymous_13)
FN:127,(anonymous_14)
FN:136,dispatch
FN:138,(anonymous_16)
FN:145,toast
FN:148,(anonymous_18)
FN:153,(anonymous_19)
FN:161,(anonymous_20)
FN:174,useToast
FN:177,(anonymous_22)
FN:179,(anonymous_23)
FN:190,(anonymous_24)
FNF:18
FNH:0
FNDA:0,genId
FNDA:0,(anonymous_8)
FNDA:0,(anonymous_9)
FNDA:0,(anonymous_10)
FNDA:0,(anonymous_11)
FNDA:0,(anonymous_12)
FNDA:0,(anonymous_13)
FNDA:0,(anonymous_14)
FNDA:0,dispatch
FNDA:0,(anonymous_16)
FNDA:0,toast
FNDA:0,(anonymous_18)
FNDA:0,(anonymous_19)
FNDA:0,(anonymous_20)
FNDA:0,useToast
FNDA:0,(anonymous_22)
FNDA:0,(anonymous_23)
FNDA:0,(anonymous_24)
DA:4,0
DA:11,0
DA:12,0
DA:21,0
DA:28,0
DA:31,0
DA:32,0
DA:59,0
DA:61,0
DA:62,0
DA:63,0
DA:66,0
DA:67,0
DA:68,0
DA:74,0
DA:77,0
DA:78,0
DA:80,0
DA:86,0
DA:89,0
DA:94,0
DA:98,0
DA:99,0
DA:101,0
DA:102,0
DA:106,0
DA:109,0
DA:119,0
DA:120,0
DA:125,0
DA:127,0
DA:132,0
DA:134,0
DA:137,0
DA:138,0
DA:139,0
DA:146,0
DA:148,0
DA:149,0
DA:153,0
DA:155,0
DA:162,0
DA:167,0
DA:175,0
DA:177,0
DA:178,0
DA:179,0
DA:180,0
DA:181,0
DA:182,0
DA:187,0
DA:190,0
DA:194,0
LF:53
LH:0
BRDA:62,0,0,0
BRDA:78,1,0,0
BRDA:78,1,1,0
BRDA:78,1,2,0
BRDA:78,1,3,0
BRDA:89,2,0,0
BRDA:89,2,1,0
BRDA:98,3,0,0
BRDA:98,3,1,0
BRDA:109,4,0,0
BRDA:109,4,1,0
BRDA:109,5,0,0
BRDA:109,5,1,0
BRDA:119,6,0,0
BRDA:162,7,0,0
BRDA:181,8,0,0
BRF:16
BRH:0
end_of_record
TN:
SF:lib/api-client.ts
FN:34,(anonymous_10)
FN:54,formatQueryParams
FN:57,(anonymous_12)
FN:70,apiRequest
FN:103,(anonymous_14)
FN:199,get
FN:206,post
FN:221,put
FN:236,patch
FN:251,del
FNF:10
FNH:1
FNDA:2,(anonymous_10)
FNDA:0,formatQueryParams
FNDA:0,(anonymous_12)
FNDA:0,apiRequest
FNDA:0,(anonymous_14)
FNDA:0,get
FNDA:0,post
FNDA:0,put
FNDA:0,patch
FNDA:0,del
DA:7,1
DA:10,1
DA:15,11
DA:29,12
DA:35,2
DA:36,2
DA:37,2
DA:38,2
DA:39,2
DA:55,0
DA:57,0
DA:58,0
DA:59,0
DA:63,0
DA:64,0
DA:70,0
DA:79,0
DA:82,0
DA:85,0
DA:86,0
DA:89,0
DA:92,0
DA:93,0
DA:97,0
DA:98,0
DA:102,0
DA:103,0
DA:105,0
DA:106,0
DA:112,0
DA:115,0
DA:117,0
DA:118,0
DA:122,0
DA:123,0
DA:124,0
DA:126,0
DA:131,0
DA:134,0
DA:136,0
DA:139,0
DA:143,0
DA:145,0
DA:146,0
DA:148,0
DA:149,0
DA:151,0
DA:152,0
DA:154,0
DA:155,0
DA:160,0
DA:161,0
DA:164,0
DA:171,0
DA:174,0
DA:175,0
DA:179,0
DA:180,0
DA:184,0
DA:185,0
DA:189,0
DA:199,0
DA:200,0
DA:206,0
DA:211,0
DA:221,0
DA:226,0
DA:236,0
DA:241,0
DA:251,0
DA:252,0
LF:71
LH:9
BRDA:7,0,0,1
BRDA:7,0,1,1
BRDA:58,1,0,0
BRDA:58,2,0,0
BRDA:58,2,1,0
BRDA:64,3,0,0
BRDA:64,3,1,0
BRDA:72,4,0,0
BRDA:75,5,0,0
BRDA:77,6,0,0
BRDA:85,7,0,0
BRDA:85,7,1,0
BRDA:92,8,0,0
BRDA:97,9,0,0
BRDA:97,10,0,0
BRDA:97,10,1,0
BRDA:97,10,2,0
BRDA:115,11,0,0
BRDA:117,12,0,0
BRDA:122,13,0,0
BRDA:122,13,1,0
BRDA:123,14,0,0
BRDA:123,14,1,0
BRDA:143,15,0,0
BRDA:143,15,1,0
BRDA:143,15,2,0
BRDA:143,15,3,0
BRDA:143,15,4,0
BRDA:143,15,5,0
BRDA:143,15,6,0
BRDA:143,15,7,0
BRDA:165,16,0,0
BRDA:165,16,1,0
BRDA:174,17,0,0
BRDA:174,18,0,0
BRDA:174,18,1,0
BRDA:179,19,0,0
BRDA:179,20,0,0
BRDA:179,20,1,0
BRDA:184,21,0,0
BRDA:190,22,0,0
BRDA:190,22,1,0
BRDA:199,23,0,0
BRDA:209,24,0,0
BRDA:214,25,0,0
BRDA:214,25,1,0
BRDA:224,26,0,0
BRDA:229,27,0,0
BRDA:229,27,1,0
BRDA:239,28,0,0
BRDA:244,29,0,0
BRDA:244,29,1,0
BRDA:251,30,0,0
BRF:53
BRH:2
end_of_record
TN:
SF:lib/auth-service.ts
FN:102,(anonymous_5)
FN:115,(anonymous_6)
FN:117,(anonymous_7)
FN:118,(anonymous_8)
FN:125,(anonymous_9)
FN:126,(anonymous_10)
FN:138,(anonymous_11)
FN:156,(anonymous_12)
FN:176,(anonymous_13)
FN:193,(anonymous_14)
FN:202,(anonymous_15)
FN:203,(anonymous_16)
FN:213,(anonymous_17)
FN:221,(anonymous_18)
FN:235,(anonymous_19)
FN:267,(anonymous_20)
FN:274,(anonymous_21)
FN:281,(anonymous_22)
FN:288,(anonymous_23)
FN:305,(anonymous_24)
FN:322,(anonymous_25)
FN:341,(anonymous_26)
FN:356,(anonymous_27)
FN:363,(anonymous_28)
FN:370,(anonymous_29)
FNF:25
FNH:0
FNDA:0,(anonymous_5)
FNDA:0,(anonymous_6)
FNDA:0,(anonymous_7)
FNDA:0,(anonymous_8)
FNDA:0,(anonymous_9)
FNDA:0,(anonymous_10)
FNDA:0,(anonymous_11)
FNDA:0,(anonymous_12)
FNDA:0,(anonymous_13)
FNDA:0,(anonymous_14)
FNDA:0,(anonymous_15)
FNDA:0,(anonymous_16)
FNDA:0,(anonymous_17)
FNDA:0,(anonymous_18)
FNDA:0,(anonymous_19)
FNDA:0,(anonymous_20)
FNDA:0,(anonymous_21)
FNDA:0,(anonymous_22)
FNDA:0,(anonymous_23)
FNDA:0,(anonymous_24)
FNDA:0,(anonymous_25)
FNDA:0,(anonymous_26)
FNDA:0,(anonymous_27)
FNDA:0,(anonymous_28)
FNDA:0,(anonymous_29)
DA:8,0
DA:9,0
DA:12,0
DA:13,0
DA:14,0
DA:17,0
DA:29,0
DA:97,0
DA:98,0
DA:99,0
DA:100,0
DA:104,0
DA:107,0
DA:108,0
DA:116,0
DA:117,0
DA:118,0
DA:126,0
DA:127,0
DA:128,0
DA:130,0
DA:139,0
DA:141,0
DA:142,0
DA:144,0
DA:145,0
DA:148,0
DA:149,0
DA:157,0
DA:159,0
DA:160,0
DA:161,0
DA:163,0
DA:164,0
DA:167,0
DA:169,0
DA:177,0
DA:179,0
DA:180,0
DA:181,0
DA:182,0
DA:184,0
DA:185,0
DA:186,0
DA:194,0
DA:195,0
DA:200,0
DA:202,0
DA:203,0
DA:204,0
DA:205,0
DA:214,0
DA:215,0
DA:223,0
DA:224,0
DA:227,0
DA:229,0
DA:230,0
DA:231,0
DA:234,0
DA:235,0
DA:236,0
DA:237,0
DA:239,0
DA:240,0
DA:242,0
DA:247,0
DA:249,0
DA:250,0
DA:252,0
DA:256,0
DA:258,0
DA:259,0
DA:260,0
DA:268,0
DA:275,0
DA:282,0
DA:289,0
DA:291,0
DA:292,0
DA:294,0
DA:299,0
DA:306,0
DA:308,0
DA:309,0
DA:311,0
DA:316,0
DA:323,0
DA:326,0
DA:327,0
DA:328,0
DA:330,0
DA:334,0
DA:335,0
DA:342,0
DA:345,0
DA:346,0
DA:347,0
DA:350,0
DA:357,0
DA:364,0
DA:371,0
DA:374,0
DA:375,0
DA:381,0
DA:384,0
LF:106
LH:0
BRDA:107,0,0,0
BRDA:139,1,0,0
BRDA:144,2,0,0
BRDA:157,3,0,0
BRDA:163,4,0,0
BRDA:177,5,0,0
BRDA:184,6,0,0
BRDA:194,7,0,0
BRDA:200,8,0,0
BRDA:200,8,1,0
BRDA:223,9,0,0
BRDA:229,10,0,0
BRDA:326,11,0,0
BRDA:345,12,0,0
BRDA:345,13,0,0
BRDA:345,13,1,0
BRDA:374,14,0,0
BRF:17
BRH:0
end_of_record
TN:
SF:lib/utils.ts
FN:4,cn
FNF:1
FNH:1
FNDA:18,cn
DA:1,2
DA:2,2
DA:4,18
DA:5,18
LF:4
LH:4
BRF:0
BRH:0
end_of_record
TN:
SF:lib/services/governance-service.ts
FN:82,(anonymous_14)
FN:83,(anonymous_15)
FN:84,(anonymous_16)
FN:89,(anonymous_17)
FN:90,(anonymous_18)
FN:96,getProposals
FN:129,getProposal
FN:136,createProposal
FN:145,updateProposal
FN:155,voteOnProposal
FN:179,getProposalVotes
FN:223,getUserVotingPower
FN:230,getUserVotingHistory
FN:261,delegateVotingPower
FN:280,getGovernanceTags
FN:287,executeProposal
FN:304,cancelProposal
FN:322,deleteProposal
FNF:18
FNH:0
FNDA:0,(anonymous_14)
FNDA:0,(anonymous_15)
FNDA:0,(anonymous_16)
FNDA:0,(anonymous_17)
FNDA:0,(anonymous_18)
FNDA:0,getProposals
FNDA:0,getProposal
FNDA:0,createProposal
FNDA:0,updateProposal
FNDA:0,voteOnProposal
FNDA:0,getProposalVotes
FNDA:0,getUserVotingPower
FNDA:0,getUserVotingHistory
FNDA:0,delegateVotingPower
FNDA:0,getGovernanceTags
FNDA:0,executeProposal
FNDA:0,cancelProposal
FNDA:0,deleteProposal
DA:6,0
DA:80,0
DA:82,0
DA:83,0
DA:84,0
DA:89,0
DA:90,0
DA:96,0
DA:102,0
DA:115,0
DA:116,0
DA:119,0
DA:120,0
DA:123,0
DA:129,0
DA:130,0
DA:136,0
DA:139,0
DA:145,0
DA:149,0
DA:155,0
DA:166,0
DA:179,0
DA:198,0
DA:223,0
DA:224,0
DA:230,0
DA:242,0
DA:261,0
DA:268,0
DA:280,0
DA:281,0
DA:287,0
DA:294,0
DA:304,0
DA:311,0
DA:322,0
DA:323,0
LF:38
LH:0
BRDA:97,0,0,0
BRDA:98,1,0,0
BRDA:99,2,0,0
BRDA:115,3,0,0
BRDA:119,4,0,0
BRDA:181,5,0,0
BRDA:182,6,0,0
BRDA:231,7,0,0
BRDA:232,8,0,0
BRF:9
BRH:0
end_of_record
TN:
SF:lib/services/marketplace-service.ts
FN:83,(anonymous_16)
FN:85,(anonymous_17)
FN:86,(anonymous_18)
FN:89,(anonymous_19)
FN:91,(anonymous_20)
FN:92,(anonymous_21)
FN:98,getMarketplaceItems
FN:133,getMarketplaceItem
FN:140,getCollections
FN:164,getCollection
FN:171,getCollectionItems
FN:190,getFeaturedCollections
FN:205,getTopCollections
FN:220,toggleLikeItem
FN:229,getMarketplaceTags
FN:236,purchaseItem
FN:249,placeBid
FN:262,createCollection
FN:271,createMarketplaceItem
FN:280,updateMarketplaceItem
FN:290,deleteMarketplaceItem
FNF:21
FNH:0
FNDA:0,(anonymous_16)
FNDA:0,(anonymous_17)
FNDA:0,(anonymous_18)
FNDA:0,(anonymous_19)
FNDA:0,(anonymous_20)
FNDA:0,(anonymous_21)
FNDA:0,getMarketplaceItems
FNDA:0,getMarketplaceItem
FNDA:0,getCollections
FNDA:0,getCollection
FNDA:0,getCollectionItems
FNDA:0,getFeaturedCollections
FNDA:0,getTopCollections
FNDA:0,toggleLikeItem
FNDA:0,getMarketplaceTags
FNDA:0,purchaseItem
FNDA:0,placeBid
FNDA:0,createCollection
FNDA:0,createMarketplaceItem
FNDA:0,updateMarketplaceItem
FNDA:0,deleteMarketplaceItem
DA:6,0
DA:81,0
DA:83,0
DA:85,0
DA:86,0
DA:89,0
DA:91,0
DA:92,0
DA:98,0
DA:104,0
DA:115,0
DA:116,0
DA:119,0
DA:120,0
DA:123,0
DA:124,0
DA:127,0
DA:133,0
DA:134,0
DA:140,0
DA:146,0
DA:154,0
DA:155,0
DA:158,0
DA:164,0
DA:165,0
DA:171,0
DA:176,0
DA:190,0
DA:191,0
DA:199,0
DA:205,0
DA:206,0
DA:214,0
DA:220,0
DA:221,0
DA:229,0
DA:230,0
DA:236,0
DA:240,0
DA:249,0
DA:253,0
DA:262,0
DA:265,0
DA:271,0
DA:274,0
DA:280,0
DA:284,0
DA:290,0
DA:291,0
LF:50
LH:0
BRDA:99,0,0,0
BRDA:100,1,0,0
BRDA:101,2,0,0
BRDA:115,3,0,0
BRDA:119,4,0,0
BRDA:123,5,0,0
BRDA:141,6,0,0
BRDA:142,7,0,0
BRDA:143,8,0,0
BRDA:154,9,0,0
BRDA:173,10,0,0
BRDA:174,11,0,0
BRDA:190,12,0,0
BRDA:205,13,0,0
BRF:14
BRH:0
end_of_record
TN:
SF:lib/services/sonic-service.ts
FN:112,(anonymous_15)
FN:117,(anonymous_16)
FN:124,getSonicSwapQuote
FN:143,executeSonicSwap
FN:162,getSonicSupportedTokens
FN:181,getSonicPools
FN:188,getSonicPositions
FN:195,addSonicLiquidity
FN:228,removeSonicLiquidity
FN:257,claimSonicRewards
FN:300,getSonicFarms
FN:307,getSonicFarmPositions
FN:314,stakeToSonicFarm
FN:345,unstakeFromSonicFarm
FN:372,claimSonicFarmRewards
FN:407,getSonicStats
FNF:16
FNH:0
FNDA:0,(anonymous_15)
FNDA:0,(anonymous_16)
FNDA:0,getSonicSwapQuote
FNDA:0,executeSonicSwap
FNDA:0,getSonicSupportedTokens
FNDA:0,getSonicPools
FNDA:0,getSonicPositions
FNDA:0,addSonicLiquidity
FNDA:0,removeSonicLiquidity
FNDA:0,claimSonicRewards
FNDA:0,getSonicFarms
FNDA:0,getSonicFarmPositions
FNDA:0,stakeToSonicFarm
FNDA:0,unstakeFromSonicFarm
FNDA:0,claimSonicFarmRewards
FNDA:0,getSonicStats
DA:7,0
DA:104,0
DA:112,0
DA:117,0
DA:124,0
DA:130,0
DA:143,0
DA:150,0
DA:162,0
DA:169,0
DA:181,0
DA:182,0
DA:188,0
DA:189,0
DA:195,0
DA:209,0
DA:228,0
DA:240,0
DA:257,0
DA:277,0
DA:300,0
DA:301,0
DA:307,0
DA:308,0
DA:314,0
DA:327,0
DA:345,0
DA:356,0
DA:372,0
DA:388,0
DA:407,0
DA:421,0
LF:32
LH:0
BRDA:128,0,0,0
BRDA:148,1,0,0
BRDA:199,2,0,0
BRDA:231,3,0,0
BRF:4
BRH:0
end_of_record
TN:
SF:lib/services/user-service.ts
FN:85,(anonymous_13)
FN:87,(anonymous_14)
FN:88,(anonymous_15)
FN:89,(anonymous_16)
FN:90,(anonymous_17)
FN:91,(anonymous_18)
FN:92,(anonymous_19)
FN:93,(anonymous_20)
FN:94,(anonymous_21)
FN:95,(anonymous_22)
FN:102,getUserProfile
FN:109,updateUserProfile
FN:120,getUserStats
FN:127,getUserCollections
FN:159,getUserCreatedItems
FN:191,getUserCollectedItems
FN:223,getUserActivity
FN:247,getUserFavorites
FN:279,toggleFollowUser
FN:290,getUserFollowers
FN:334,getUserFollowing
FN:378,searchUsers
FNF:22
FNH:0
FNDA:0,(anonymous_13)
FNDA:0,(anonymous_14)
FNDA:0,(anonymous_15)
FNDA:0,(anonymous_16)
FNDA:0,(anonymous_17)
FNDA:0,(anonymous_18)
FNDA:0,(anonymous_19)
FNDA:0,(anonymous_20)
FNDA:0,(anonymous_21)
FNDA:0,(anonymous_22)
FNDA:0,getUserProfile
FNDA:0,updateUserProfile
FNDA:0,getUserStats
FNDA:0,getUserCollections
FNDA:0,getUserCreatedItems
FNDA:0,getUserCollectedItems
FNDA:0,getUserActivity
FNDA:0,getUserFavorites
FNDA:0,toggleFollowUser
FNDA:0,getUserFollowers
FNDA:0,getUserFollowing
FNDA:0,searchUsers
DA:6,0
DA:84,0
DA:85,0
DA:87,0
DA:88,0
DA:89,0
DA:90,0
DA:91,0
DA:92,0
DA:93,0
DA:94,0
DA:95,0
DA:102,0
DA:103,0
DA:109,0
DA:114,0
DA:120,0
DA:121,0
DA:127,0
DA:140,0
DA:159,0
DA:172,0
DA:191,0
DA:204,0
DA:223,0
DA:229,0
DA:235,0
DA:236,0
DA:239,0
DA:247,0
DA:260,0
DA:279,0
DA:282,0
DA:290,0
DA:309,0
DA:334,0
DA:353,0
DA:378,0
DA:399,0
LF:39
LH:0
BRDA:129,0,0,0
BRDA:130,1,0,0
BRDA:161,2,0,0
BRDA:162,3,0,0
BRDA:193,4,0,0
BRDA:194,5,0,0
BRDA:225,6,0,0
BRDA:226,7,0,0
BRDA:235,8,0,0
BRDA:249,9,0,0
BRDA:250,10,0,0
BRDA:292,11,0,0
BRDA:293,12,0,0
BRDA:336,13,0,0
BRDA:337,14,0,0
BRDA:380,15,0,0
BRDA:381,16,0,0
BRF:17
BRH:0
end_of_record
TN:
SF:lib/services/wallet-service.ts
FN:145,(anonymous_19)
FN:150,(anonymous_20)
FN:153,(anonymous_21)
FN:159,getWalletBalances
FN:172,getTransactions
FN:223,getSwapQuote
FN:247,executeSwap
FN:268,getSupportedSwapTokens
FN:295,getLiquidityPositions
FN:302,getLiquidityPools
FN:317,addLiquidity
FN:342,removeLiquidity
FN:363,claimLiquidityRewards
FN:390,getStakingPositions
FN:397,getStakingOptions
FN:436,stakeTokens
FN:459,unstakeTokens
FN:478,claimStakingRewards
FN:505,getSupportedChains
FN:536,getSupportedTokens
FN:563,getTokenPrice
FNF:21
FNH:0
FNDA:0,(anonymous_19)
FNDA:0,(anonymous_20)
FNDA:0,(anonymous_21)
FNDA:0,getWalletBalances
FNDA:0,getTransactions
FNDA:0,getSwapQuote
FNDA:0,executeSwap
FNDA:0,getSupportedSwapTokens
FNDA:0,getLiquidityPositions
FNDA:0,getLiquidityPools
FNDA:0,addLiquidity
FNDA:0,removeLiquidity
FNDA:0,claimLiquidityRewards
FNDA:0,getStakingPositions
FNDA:0,getStakingOptions
FNDA:0,stakeTokens
FNDA:0,unstakeTokens
FNDA:0,claimStakingRewards
FNDA:0,getSupportedChains
FNDA:0,getSupportedTokens
FNDA:0,getTokenPrice
DA:7,0
DA:135,0
DA:145,0
DA:150,0
DA:153,0
DA:159,0
DA:160,0
DA:162,0
DA:163,0
DA:166,0
DA:172,0
DA:192,0
DA:201,0
DA:202,0
DA:205,0
DA:206,0
DA:209,0
DA:223,0
DA:230,0
DA:237,0
DA:238,0
DA:241,0
DA:247,0
DA:255,0
DA:268,0
DA:276,0
DA:278,0
DA:279,0
DA:282,0
DA:295,0
DA:296,0
DA:302,0
DA:305,0
DA:307,0
DA:308,0
DA:311,0
DA:317,0
DA:327,0
DA:342,0
DA:350,0
DA:363,0
DA:375,0
DA:390,0
DA:391,0
DA:397,0
DA:414,0
DA:436,0
DA:445,0
DA:459,0
DA:466,0
DA:478,0
DA:490,0
DA:505,0
DA:518,0
DA:536,0
DA:544,0
DA:546,0
DA:547,0
DA:550,0
DA:563,0
DA:574,0
LF:61
LH:0
BRDA:162,0,0,0
BRDA:173,1,0,0
BRDA:174,2,0,0
BRDA:175,3,0,0
BRDA:201,4,0,0
BRDA:205,5,0,0
BRDA:227,6,0,0
BRDA:237,7,0,0
BRDA:252,8,0,0
BRDA:278,9,0,0
BRDA:307,10,0,0
BRDA:321,11,0,0
BRDA:345,12,0,0
BRDA:439,13,0,0
BRDA:546,14,0,0
BRF:15
BRH:0
end_of_record
TN:
SF:lib/utils/client-utils.ts
FN:13,(anonymous_6)
FN:20,(anonymous_7)
FN:28,(anonymous_8)
FN:31,(anonymous_9)
FN:36,(anonymous_10)
FN:46,(anonymous_11)
FNF:6
FNH:0
FNDA:0,(anonymous_6)
FNDA:0,(anonymous_7)
FNDA:0,(anonymous_8)
FNDA:0,(anonymous_9)
FNDA:0,(anonymous_10)
FNDA:0,(anonymous_11)
DA:8,0
DA:13,0
DA:14,0
DA:20,0
DA:21,0
DA:27,0
DA:29,0
DA:32,0
DA:33,0
DA:37,0
DA:38,0
DA:46,0
DA:47,0
LF:13
LH:0
BRDA:14,0,0,0
BRDA:14,0,1,0
BRDA:21,1,0,0
BRDA:21,1,1,0
BRDA:29,2,0,0
BRDA:29,2,1,0
BRDA:32,3,0,0
BRDA:37,4,0,0
BRDA:47,5,0,0
BRDA:47,5,1,0
BRF:10
BRH:0
end_of_record
